{"C:\\Users\\andre\\OneDrive\\Escritorio\\MediConnect2.4\\MediConnect\\frontend\\src\\App.jsx": {"path":"C:\\Users\\andre\\OneDrive\\Escritorio\\MediConnect2.4\\MediConnect\\frontend\\src\\App.jsx","statementMap":{"0":{"start":{"line":15,"column":2},"end":{"line":35,"column":4}}},"fnMap":{"0":{"name":"App","decl":{"start":{"line":14,"column":24},"end":{"line":14,"column":27}},"loc":{"start":{"line":14,"column":30},"end":{"line":36,"column":1}},"line":14}},"branchMap":{},"s":{"0":1},"f":{"0":1},"b":{},"_coverageSchema":"1a1c01bbd47fc00a2c39e90264f33305004495a9","hash":"e5ab545b83daa29ff5b5e216bca5f701a1c0f343"}
,"C:\\Users\\andre\\OneDrive\\Escritorio\\MediConnect2.4\\MediConnect\\frontend\\src\\Admin\\AdminLayout.jsx": {"path":"C:\\Users\\andre\\OneDrive\\Escritorio\\MediConnect2.4\\MediConnect\\frontend\\src\\Admin\\AdminLayout.jsx","statementMap":{"0":{"start":{"line":17,"column":40},"end":{"line":17,"column":55}},"1":{"start":{"line":19,"column":2},"end":{"line":53,"column":4}},"2":{"start":{"line":23,"column":39},"end":{"line":23,"column":64}},"3":{"start":{"line":23,"column":61},"end":{"line":23,"column":63}},"4":{"start":{"line":28,"column":51},"end":{"line":28,"column":72}}},"fnMap":{"0":{"name":"AdminLayout","decl":{"start":{"line":16,"column":24},"end":{"line":16,"column":35}},"loc":{"start":{"line":16,"column":38},"end":{"line":54,"column":1}},"line":16},"1":{"name":"(anonymous_1)","decl":{"start":{"line":23,"column":33},"end":{"line":23,"column":34}},"loc":{"start":{"line":23,"column":39},"end":{"line":23,"column":64}},"line":23},"2":{"name":"(anonymous_2)","decl":{"start":{"line":23,"column":54},"end":{"line":23,"column":55}},"loc":{"start":{"line":23,"column":61},"end":{"line":23,"column":63}},"line":23},"3":{"name":"(anonymous_3)","decl":{"start":{"line":28,"column":45},"end":{"line":28,"column":46}},"loc":{"start":{"line":28,"column":51},"end":{"line":28,"column":72}},"line":28}},"branchMap":{"0":{"loc":{"start":{"line":34,"column":23},"end":{"line":34,"column":53}},"type":"cond-expr","locations":[{"start":{"line":34,"column":37},"end":{"line":34,"column":43}},{"start":{"line":34,"column":46},"end":{"line":34,"column":53}}],"line":34}},"s":{"0":4,"1":4,"2":1,"3":1,"4":1},"f":{"0":4,"1":1,"2":1,"3":1},"b":{"0":[1,3]},"_coverageSchema":"1a1c01bbd47fc00a2c39e90264f33305004495a9","hash":"2d63cdf5a1059f31af0727e28e69f66787bede82"}
,"C:\\Users\\andre\\OneDrive\\Escritorio\\MediConnect2.4\\MediConnect\\frontend\\src\\Admin\\components\\GestNovedades\\NovedadDetalle.jsx": {"path":"C:\\Users\\andre\\OneDrive\\Escritorio\\MediConnect2.4\\MediConnect\\frontend\\src\\Admin\\components\\GestNovedades\\NovedadDetalle.jsx","statementMap":{"0":{"start":{"line":8,"column":17},"end":{"line":8,"column":28}},"1":{"start":{"line":9,"column":19},"end":{"line":9,"column":32}},"2":{"start":{"line":10,"column":32},"end":{"line":10,"column":46}},"3":{"start":{"line":12,"column":2},"end":{"line":22,"column":11}},"4":{"start":{"line":13,"column":25},"end":{"line":20,"column":5}},"5":{"start":{"line":14,"column":6},"end":{"line":19,"column":7}},"6":{"start":{"line":15,"column":21},"end":{"line":15,"column":45}},"7":{"start":{"line":16,"column":8},"end":{"line":16,"column":25}},"8":{"start":{"line":18,"column":8},"end":{"line":18,"column":52}},"9":{"start":{"line":21,"column":4},"end":{"line":21,"column":19}},"10":{"start":{"line":24,"column":2},"end":{"line":30,"column":3}},"11":{"start":{"line":25,"column":4},"end":{"line":29,"column":6}},"12":{"start":{"line":32,"column":26},"end":{"line":35,"column":3}},"13":{"start":{"line":37,"column":2},"end":{"line":58,"column":4}},"14":{"start":{"line":51,"column":25},"end":{"line":51,"column":50}}},"fnMap":{"0":{"name":"NovedadDetalle","decl":{"start":{"line":7,"column":24},"end":{"line":7,"column":38}},"loc":{"start":{"line":7,"column":41},"end":{"line":59,"column":1}},"line":7},"1":{"name":"(anonymous_1)","decl":{"start":{"line":12,"column":12},"end":{"line":12,"column":13}},"loc":{"start":{"line":12,"column":18},"end":{"line":22,"column":3}},"line":12},"2":{"name":"(anonymous_2)","decl":{"start":{"line":13,"column":25},"end":{"line":13,"column":26}},"loc":{"start":{"line":13,"column":37},"end":{"line":20,"column":5}},"line":13},"3":{"name":"(anonymous_3)","decl":{"start":{"line":51,"column":19},"end":{"line":51,"column":20}},"loc":{"start":{"line":51,"column":25},"end":{"line":51,"column":50}},"line":51}},"branchMap":{"0":{"loc":{"start":{"line":24,"column":2},"end":{"line":30,"column":3}},"type":"if","locations":[{"start":{"line":24,"column":2},"end":{"line":30,"column":3}},{"start":{},"end":{}}],"line":24}},"s":{"0":6,"1":6,"2":6,"3":6,"4":4,"5":4,"6":4,"7":2,"8":1,"9":4,"10":6,"11":4,"12":2,"13":2,"14":1},"f":{"0":6,"1":4,"2":4,"3":1},"b":{"0":[4,2]},"_coverageSchema":"1a1c01bbd47fc00a2c39e90264f33305004495a9","hash":"5ea8e1d71a9b9a8b4332d31bbadb732bf61ac3cf"}
,"C:\\Users\\andre\\OneDrive\\Escritorio\\MediConnect2.4\\MediConnect\\frontend\\src\\Admin\\components\\GestOpcio\\MedicamentosTable.jsx": {"path":"C:\\Users\\andre\\OneDrive\\Escritorio\\MediConnect2.4\\MediConnect\\frontend\\src\\Admin\\components\\GestOpcio\\MedicamentosTable.jsx","statementMap":{"0":{"start":{"line":8,"column":2},"end":{"line":66,"column":4}},"1":{"start":{"line":32,"column":16},"end":{"line":54,"column":21}},"2":{"start":{"line":41,"column":39},"end":{"line":41,"column":48}},"3":{"start":{"line":47,"column":39},"end":{"line":47,"column":53}}},"fnMap":{"0":{"name":"MedicamentosTable","decl":{"start":{"line":7,"column":24},"end":{"line":7,"column":41}},"loc":{"start":{"line":7,"column":77},"end":{"line":67,"column":1}},"line":7},"1":{"name":"(anonymous_1)","decl":{"start":{"line":31,"column":24},"end":{"line":31,"column":25}},"loc":{"start":{"line":32,"column":16},"end":{"line":54,"column":21}},"line":32},"2":{"name":"(anonymous_2)","decl":{"start":{"line":41,"column":33},"end":{"line":41,"column":34}},"loc":{"start":{"line":41,"column":39},"end":{"line":41,"column":48}},"line":41},"3":{"name":"(anonymous_3)","decl":{"start":{"line":47,"column":33},"end":{"line":47,"column":34}},"loc":{"start":{"line":47,"column":39},"end":{"line":47,"column":53}},"line":47}},"branchMap":{"0":{"loc":{"start":{"line":56,"column":15},"end":{"line":60,"column":15}},"type":"binary-expr","locations":[{"start":{"line":56,"column":15},"end":{"line":56,"column":32}},{"start":{"line":57,"column":16},"end":{"line":59,"column":21}}],"line":56}},"s":{"0":0,"1":0,"2":0,"3":0},"f":{"0":0,"1":0,"2":0,"3":0},"b":{"0":[0,0]},"_coverageSchema":"1a1c01bbd47fc00a2c39e90264f33305004495a9","hash":"872af17015a5940dd883f3d5436b03cf4a345dc8"}
,"C:\\Users\\andre\\OneDrive\\Escritorio\\MediConnect2.4\\MediConnect\\frontend\\src\\Admin\\components\\GestOpcio\\TerapiasTable.jsx": {"path":"C:\\Users\\andre\\OneDrive\\Escritorio\\MediConnect2.4\\MediConnect\\frontend\\src\\Admin\\components\\GestOpcio\\TerapiasTable.jsx","statementMap":{"0":{"start":{"line":9,"column":2},"end":{"line":65,"column":4}},"1":{"start":{"line":32,"column":16},"end":{"line":53,"column":21}},"2":{"start":{"line":40,"column":39},"end":{"line":40,"column":48}},"3":{"start":{"line":46,"column":39},"end":{"line":46,"column":53}}},"fnMap":{"0":{"name":"TerapiasTable","decl":{"start":{"line":8,"column":24},"end":{"line":8,"column":37}},"loc":{"start":{"line":8,"column":73},"end":{"line":66,"column":1}},"line":8},"1":{"name":"(anonymous_1)","decl":{"start":{"line":31,"column":24},"end":{"line":31,"column":25}},"loc":{"start":{"line":32,"column":16},"end":{"line":53,"column":21}},"line":32},"2":{"name":"(anonymous_2)","decl":{"start":{"line":40,"column":33},"end":{"line":40,"column":34}},"loc":{"start":{"line":40,"column":39},"end":{"line":40,"column":48}},"line":40},"3":{"name":"(anonymous_3)","decl":{"start":{"line":46,"column":33},"end":{"line":46,"column":34}},"loc":{"start":{"line":46,"column":39},"end":{"line":46,"column":53}},"line":46}},"branchMap":{"0":{"loc":{"start":{"line":55,"column":15},"end":{"line":59,"column":15}},"type":"binary-expr","locations":[{"start":{"line":55,"column":15},"end":{"line":55,"column":32}},{"start":{"line":56,"column":16},"end":{"line":58,"column":21}}],"line":55}},"s":{"0":0,"1":0,"2":0,"3":0},"f":{"0":0,"1":0,"2":0,"3":0},"b":{"0":[0,0]},"_coverageSchema":"1a1c01bbd47fc00a2c39e90264f33305004495a9","hash":"b1e30dcd0701294ea093bb4e91e5360a9e23a9b2"}
,"C:\\Users\\andre\\OneDrive\\Escritorio\\MediConnect2.4\\MediConnect\\frontend\\src\\Admin\\components\\GestUsuarios\\UsuaDetails.jsx": {"path":"C:\\Users\\andre\\OneDrive\\Escritorio\\MediConnect2.4\\MediConnect\\frontend\\src\\Admin\\components\\GestUsuarios\\UsuaDetails.jsx","statementMap":{"0":{"start":{"line":19,"column":36},"end":{"line":19,"column":50}},"1":{"start":{"line":21,"column":24},"end":{"line":24,"column":3}},"2":{"start":{"line":22,"column":4},"end":{"line":22,"column":44}},"3":{"start":{"line":23,"column":4},"end":{"line":23,"column":23}},"4":{"start":{"line":26,"column":2},"end":{"line":160,"column":4}},"5":{"start":{"line":60,"column":27},"end":{"line":60,"column":50}},"6":{"start":{"line":69,"column":25},"end":{"line":69,"column":55}},"7":{"start":{"line":76,"column":25},"end":{"line":76,"column":51}},"8":{"start":{"line":83,"column":25},"end":{"line":83,"column":50}},"9":{"start":{"line":91,"column":27},"end":{"line":91,"column":55}},"10":{"start":{"line":99,"column":25},"end":{"line":99,"column":53}},"11":{"start":{"line":109,"column":23},"end":{"line":109,"column":41}},"12":{"start":{"line":115,"column":23},"end":{"line":115,"column":41}},"13":{"start":{"line":122,"column":23},"end":{"line":122,"column":41}},"14":{"start":{"line":129,"column":23},"end":{"line":129,"column":41}},"15":{"start":{"line":132,"column":10},"end":{"line":132,"column":55}},"16":{"start":{"line":133,"column":10},"end":{"line":133,"column":29}},"17":{"start":{"line":140,"column":23},"end":{"line":140,"column":41}},"18":{"start":{"line":146,"column":23},"end":{"line":146,"column":41}},"19":{"start":{"line":154,"column":23},"end":{"line":154,"column":41}}},"fnMap":{"0":{"name":"UsuaDetails","decl":{"start":{"line":18,"column":24},"end":{"line":18,"column":35}},"loc":{"start":{"line":18,"column":55},"end":{"line":161,"column":1}},"line":18},"1":{"name":"(anonymous_1)","decl":{"start":{"line":21,"column":24},"end":{"line":21,"column":25}},"loc":{"start":{"line":21,"column":34},"end":{"line":24,"column":3}},"line":21},"2":{"name":"(anonymous_2)","decl":{"start":{"line":60,"column":21},"end":{"line":60,"column":22}},"loc":{"start":{"line":60,"column":27},"end":{"line":60,"column":50}},"line":60},"3":{"name":"(anonymous_3)","decl":{"start":{"line":69,"column":19},"end":{"line":69,"column":20}},"loc":{"start":{"line":69,"column":25},"end":{"line":69,"column":55}},"line":69},"4":{"name":"(anonymous_4)","decl":{"start":{"line":76,"column":19},"end":{"line":76,"column":20}},"loc":{"start":{"line":76,"column":25},"end":{"line":76,"column":51}},"line":76},"5":{"name":"(anonymous_5)","decl":{"start":{"line":83,"column":19},"end":{"line":83,"column":20}},"loc":{"start":{"line":83,"column":25},"end":{"line":83,"column":50}},"line":83},"6":{"name":"(anonymous_6)","decl":{"start":{"line":91,"column":21},"end":{"line":91,"column":22}},"loc":{"start":{"line":91,"column":27},"end":{"line":91,"column":55}},"line":91},"7":{"name":"(anonymous_7)","decl":{"start":{"line":99,"column":19},"end":{"line":99,"column":20}},"loc":{"start":{"line":99,"column":25},"end":{"line":99,"column":53}},"line":99},"8":{"name":"(anonymous_8)","decl":{"start":{"line":109,"column":17},"end":{"line":109,"column":18}},"loc":{"start":{"line":109,"column":23},"end":{"line":109,"column":41}},"line":109},"9":{"name":"(anonymous_9)","decl":{"start":{"line":115,"column":17},"end":{"line":115,"column":18}},"loc":{"start":{"line":115,"column":23},"end":{"line":115,"column":41}},"line":115},"10":{"name":"(anonymous_10)","decl":{"start":{"line":122,"column":17},"end":{"line":122,"column":18}},"loc":{"start":{"line":122,"column":23},"end":{"line":122,"column":41}},"line":122},"11":{"name":"(anonymous_11)","decl":{"start":{"line":129,"column":17},"end":{"line":129,"column":18}},"loc":{"start":{"line":129,"column":23},"end":{"line":129,"column":41}},"line":129},"12":{"name":"(anonymous_12)","decl":{"start":{"line":130,"column":19},"end":{"line":130,"column":20}},"loc":{"start":{"line":130,"column":25},"end":{"line":134,"column":9}},"line":130},"13":{"name":"(anonymous_13)","decl":{"start":{"line":140,"column":17},"end":{"line":140,"column":18}},"loc":{"start":{"line":140,"column":23},"end":{"line":140,"column":41}},"line":140},"14":{"name":"(anonymous_14)","decl":{"start":{"line":146,"column":17},"end":{"line":146,"column":18}},"loc":{"start":{"line":146,"column":23},"end":{"line":146,"column":41}},"line":146},"15":{"name":"(anonymous_15)","decl":{"start":{"line":154,"column":17},"end":{"line":154,"column":18}},"loc":{"start":{"line":154,"column":23},"end":{"line":154,"column":41}},"line":154}},"branchMap":{"0":{"loc":{"start":{"line":47,"column":9},"end":{"line":52,"column":9}},"type":"binary-expr","locations":[{"start":{"line":47,"column":9},"end":{"line":47,"column":26}},{"start":{"line":48,"column":10},"end":{"line":51,"column":13}}],"line":47},"1":{"loc":{"start":{"line":58,"column":9},"end":{"line":66,"column":9}},"type":"binary-expr","locations":[{"start":{"line":58,"column":9},"end":{"line":58,"column":35}},{"start":{"line":59,"column":10},"end":{"line":65,"column":19}}],"line":58},"2":{"loc":{"start":{"line":89,"column":9},"end":{"line":96,"column":9}},"type":"binary-expr","locations":[{"start":{"line":89,"column":9},"end":{"line":89,"column":32}},{"start":{"line":90,"column":10},"end":{"line":95,"column":19}}],"line":89}},"s":{"0":0,"1":0,"2":0,"3":0,"4":0,"5":0,"6":0,"7":0,"8":0,"9":0,"10":0,"11":0,"12":0,"13":0,"14":0,"15":0,"16":0,"17":0,"18":0,"19":0},"f":{"0":0,"1":0,"2":0,"3":0,"4":0,"5":0,"6":0,"7":0,"8":0,"9":0,"10":0,"11":0,"12":0,"13":0,"14":0,"15":0},"b":{"0":[0,0],"1":[0,0],"2":[0,0]},"_coverageSchema":"1a1c01bbd47fc00a2c39e90264f33305004495a9","hash":"967e57045b18e45df62fefb39ccf8628b7caaa4b"}
,"C:\\Users\\andre\\OneDrive\\Escritorio\\MediConnect2.4\\MediConnect\\frontend\\src\\Admin\\components\\GestUsuarios\\UsuaTable.jsx": {"path":"C:\\Users\\andre\\OneDrive\\Escritorio\\MediConnect2.4\\MediConnect\\frontend\\src\\Admin\\components\\GestUsuarios\\UsuaTable.jsx","statementMap":{"0":{"start":{"line":4,"column":15},"end":{"line":4,"column":57}},"1":{"start":{"line":6,"column":2},"end":{"line":45,"column":4}},"2":{"start":{"line":20,"column":12},"end":{"line":33,"column":17}},"3":{"start":{"line":28,"column":33},"end":{"line":28,"column":49}}},"fnMap":{"0":{"name":"UsuaTable","decl":{"start":{"line":3,"column":24},"end":{"line":3,"column":33}},"loc":{"start":{"line":3,"column":103},"end":{"line":46,"column":1}},"line":3},"1":{"name":"(anonymous_1)","decl":{"start":{"line":19,"column":20},"end":{"line":19,"column":21}},"loc":{"start":{"line":20,"column":12},"end":{"line":33,"column":17}},"line":20},"2":{"name":"(anonymous_2)","decl":{"start":{"line":28,"column":27},"end":{"line":28,"column":28}},"loc":{"start":{"line":28,"column":33},"end":{"line":28,"column":49}},"line":28}},"branchMap":{"0":{"loc":{"start":{"line":3,"column":36},"end":{"line":3,"column":54}},"type":"default-arg","locations":[{"start":{"line":3,"column":43},"end":{"line":3,"column":54}}],"line":3},"1":{"loc":{"start":{"line":3,"column":56},"end":{"line":3,"column":70}},"type":"default-arg","locations":[{"start":{"line":3,"column":68},"end":{"line":3,"column":70}}],"line":3},"2":{"loc":{"start":{"line":3,"column":72},"end":{"line":3,"column":84}},"type":"default-arg","locations":[{"start":{"line":3,"column":82},"end":{"line":3,"column":84}}],"line":3},"3":{"loc":{"start":{"line":4,"column":15},"end":{"line":4,"column":57}},"type":"cond-expr","locations":[{"start":{"line":4,"column":38},"end":{"line":4,"column":47}},{"start":{"line":4,"column":50},"end":{"line":4,"column":57}}],"line":4},"4":{"loc":{"start":{"line":35,"column":11},"end":{"line":41,"column":11}},"type":"binary-expr","locations":[{"start":{"line":35,"column":11},"end":{"line":35,"column":28}},{"start":{"line":36,"column":12},"end":{"line":40,"column":17}}],"line":35}},"s":{"0":0,"1":0,"2":0,"3":0},"f":{"0":0,"1":0,"2":0},"b":{"0":[0],"1":[0],"2":[0],"3":[0,0],"4":[0,0]},"_coverageSchema":"1a1c01bbd47fc00a2c39e90264f33305004495a9","hash":"fbe6d8e96b68bf96dfcd993424ecc2b32246f55f"}
,"C:\\Users\\andre\\OneDrive\\Escritorio\\MediConnect2.4\\MediConnect\\frontend\\src\\Admin\\components\\Menu\\MenuItem.jsx": {"path":"C:\\Users\\andre\\OneDrive\\Escritorio\\MediConnect2.4\\MediConnect\\frontend\\src\\Admin\\components\\Menu\\MenuItem.jsx","statementMap":{"0":{"start":{"line":4,"column":2},"end":{"line":13,"column":4}}},"fnMap":{"0":{"name":"MenuItem","decl":{"start":{"line":3,"column":24},"end":{"line":3,"column":32}},"loc":{"start":{"line":3,"column":67},"end":{"line":14,"column":1}},"line":3}},"branchMap":{"0":{"loc":{"start":{"line":7,"column":8},"end":{"line":7,"column":105}},"type":"cond-expr","locations":[{"start":{"line":7,"column":17},"end":{"line":7,"column":83}},{"start":{"line":7,"column":86},"end":{"line":7,"column":105}}],"line":7},"1":{"loc":{"start":{"line":11,"column":7},"end":{"line":11,"column":70}},"type":"binary-expr","locations":[{"start":{"line":11,"column":7},"end":{"line":11,"column":15}},{"start":{"line":11,"column":19},"end":{"line":11,"column":70}}],"line":11}},"s":{"0":0},"f":{"0":0},"b":{"0":[0,0],"1":[0,0]},"_coverageSchema":"1a1c01bbd47fc00a2c39e90264f33305004495a9","hash":"05a541c7f0bdcce450ae025808d3a3baa730dec0"}
,"C:\\Users\\andre\\OneDrive\\Escritorio\\MediConnect2.4\\MediConnect\\frontend\\src\\Admin\\components\\Menu\\Sidebar.jsx": {"path":"C:\\Users\\andre\\OneDrive\\Escritorio\\MediConnect2.4\\MediConnect\\frontend\\src\\Admin\\components\\Menu\\Sidebar.jsx","statementMap":{"0":{"start":{"line":12,"column":34},"end":{"line":12,"column":49}},"1":{"start":{"line":13,"column":19},"end":{"line":13,"column":32}},"2":{"start":{"line":16,"column":2},"end":{"line":19,"column":26}},"3":{"start":{"line":17,"column":4},"end":{"line":17,"column":14}},"4":{"start":{"line":21,"column":20},"end":{"line":25,"column":3}},"5":{"start":{"line":27,"column":2},"end":{"line":89,"column":4}},"6":{"start":{"line":57,"column":16},"end":{"line":64,"column":23}},"7":{"start":{"line":74,"column":28},"end":{"line":74,"column":45}},"8":{"start":{"line":75,"column":28},"end":{"line":75,"column":46}},"9":{"start":{"line":78,"column":10},"end":{"line":85,"column":17}}},"fnMap":{"0":{"name":"Sidebar","decl":{"start":{"line":11,"column":24},"end":{"line":11,"column":31}},"loc":{"start":{"line":11,"column":70},"end":{"line":90,"column":1}},"line":11},"1":{"name":"(anonymous_1)","decl":{"start":{"line":11,"column":58},"end":{"line":11,"column":59}},"loc":{"start":{"line":11,"column":64},"end":{"line":11,"column":66}},"line":11},"2":{"name":"(anonymous_2)","decl":{"start":{"line":16,"column":12},"end":{"line":16,"column":13}},"loc":{"start":{"line":16,"column":18},"end":{"line":19,"column":3}},"line":16},"3":{"name":"(anonymous_3)","decl":{"start":{"line":56,"column":29},"end":{"line":56,"column":30}},"loc":{"start":{"line":57,"column":16},"end":{"line":64,"column":23}},"line":57},"4":{"name":"(anonymous_4)","decl":{"start":{"line":74,"column":22},"end":{"line":74,"column":23}},"loc":{"start":{"line":74,"column":28},"end":{"line":74,"column":45}},"line":74},"5":{"name":"(anonymous_5)","decl":{"start":{"line":75,"column":22},"end":{"line":75,"column":23}},"loc":{"start":{"line":75,"column":28},"end":{"line":75,"column":46}},"line":75},"6":{"name":"(anonymous_6)","decl":{"start":{"line":77,"column":23},"end":{"line":77,"column":24}},"loc":{"start":{"line":78,"column":10},"end":{"line":85,"column":17}},"line":78}},"branchMap":{"0":{"loc":{"start":{"line":11,"column":34},"end":{"line":11,"column":46}},"type":"default-arg","locations":[{"start":{"line":11,"column":41},"end":{"line":11,"column":46}}],"line":11},"1":{"loc":{"start":{"line":11,"column":48},"end":{"line":11,"column":66}},"type":"default-arg","locations":[{"start":{"line":11,"column":58},"end":{"line":11,"column":66}}],"line":11},"2":{"loc":{"start":{"line":31,"column":70},"end":{"line":31,"column":144}},"type":"cond-expr","locations":[{"start":{"line":31,"column":77},"end":{"line":31,"column":110}},{"start":{"line":31,"column":113},"end":{"line":31,"column":144}}],"line":31},"3":{"loc":{"start":{"line":41,"column":135},"end":{"line":41,"column":179}},"type":"cond-expr","locations":[{"start":{"line":41,"column":142},"end":{"line":41,"column":157}},{"start":{"line":41,"column":160},"end":{"line":41,"column":179}}],"line":41},"4":{"loc":{"start":{"line":73,"column":105},"end":{"line":73,"column":131}},"type":"cond-expr","locations":[{"start":{"line":73,"column":116},"end":{"line":73,"column":122}},{"start":{"line":73,"column":125},"end":{"line":73,"column":131}}],"line":73}},"s":{"0":0,"1":0,"2":0,"3":0,"4":0,"5":0,"6":0,"7":0,"8":0,"9":0},"f":{"0":0,"1":0,"2":0,"3":0,"4":0,"5":0,"6":0},"b":{"0":[0],"1":[0],"2":[0,0],"3":[0,0],"4":[0,0]},"_coverageSchema":"1a1c01bbd47fc00a2c39e90264f33305004495a9","hash":"b1b24817be6479607c7d74db17d327fa0ed43f77"}
,"C:\\Users\\andre\\OneDrive\\Escritorio\\MediConnect2.4\\MediConnect\\frontend\\src\\Admin\\components\\Navbar\\FaqButton.jsx": {"path":"C:\\Users\\andre\\OneDrive\\Escritorio\\MediConnect2.4\\MediConnect\\frontend\\src\\Admin\\components\\Navbar\\FaqButton.jsx","statementMap":{"0":{"start":{"line":6,"column":2},"end":{"line":13,"column":4}}},"fnMap":{"0":{"name":"FaqButton","decl":{"start":{"line":5,"column":24},"end":{"line":5,"column":33}},"loc":{"start":{"line":5,"column":36},"end":{"line":14,"column":1}},"line":5}},"branchMap":{},"s":{"0":0},"f":{"0":0},"b":{},"_coverageSchema":"1a1c01bbd47fc00a2c39e90264f33305004495a9","hash":"a4d22e41c41ed63115f3477799208993a2a0932c"}
,"C:\\Users\\andre\\OneDrive\\Escritorio\\MediConnect2.4\\MediConnect\\frontend\\src\\Admin\\components\\Navbar\\Logo.jsx": {"path":"C:\\Users\\andre\\OneDrive\\Escritorio\\MediConnect2.4\\MediConnect\\frontend\\src\\Admin\\components\\Navbar\\Logo.jsx","statementMap":{"0":{"start":{"line":5,"column":2},"end":{"line":18,"column":4}}},"fnMap":{"0":{"name":"Logo","decl":{"start":{"line":4,"column":24},"end":{"line":4,"column":28}},"loc":{"start":{"line":4,"column":49},"end":{"line":19,"column":1}},"line":4}},"branchMap":{"0":{"loc":{"start":{"line":4,"column":31},"end":{"line":4,"column":45}},"type":"default-arg","locations":[{"start":{"line":4,"column":43},"end":{"line":4,"column":45}}],"line":4}},"s":{"0":0},"f":{"0":0},"b":{"0":[0]},"_coverageSchema":"1a1c01bbd47fc00a2c39e90264f33305004495a9","hash":"f95abba58d44245b8f5c8831931b25a5b895137a"}
,"C:\\Users\\andre\\OneDrive\\Escritorio\\MediConnect2.4\\MediConnect\\frontend\\src\\Admin\\components\\Navbar\\Navbar.jsx": {"path":"C:\\Users\\andre\\OneDrive\\Escritorio\\MediConnect2.4\\MediConnect\\frontend\\src\\Admin\\components\\Navbar\\Navbar.jsx","statementMap":{"0":{"start":{"line":9,"column":2},"end":{"line":57,"column":4}}},"fnMap":{"0":{"name":"Navbar","decl":{"start":{"line":8,"column":24},"end":{"line":8,"column":30}},"loc":{"start":{"line":8,"column":52},"end":{"line":58,"column":1}},"line":8}},"branchMap":{},"s":{"0":0},"f":{"0":0},"b":{},"_coverageSchema":"1a1c01bbd47fc00a2c39e90264f33305004495a9","hash":"c964c5fd68b40e79eb83084a0002c60ecdf4b4a8"}
,"C:\\Users\\andre\\OneDrive\\Escritorio\\MediConnect2.4\\MediConnect\\frontend\\src\\Admin\\components\\Navbar\\NotificationsButton.jsx": {"path":"C:\\Users\\andre\\OneDrive\\Escritorio\\MediConnect2.4\\MediConnect\\frontend\\src\\Admin\\components\\Navbar\\NotificationsButton.jsx","statementMap":{"0":{"start":{"line":10,"column":26},"end":{"line":10,"column":41}},"1":{"start":{"line":11,"column":44},"end":{"line":30,"column":4}},"2":{"start":{"line":32,"column":46},"end":{"line":32,"column":60}},"3":{"start":{"line":33,"column":14},"end":{"line":33,"column":26}},"4":{"start":{"line":35,"column":2},"end":{"line":41,"column":9}},"5":{"start":{"line":37,"column":6},"end":{"line":37,"column":73}},"6":{"start":{"line":37,"column":58},"end":{"line":37,"column":73}},"7":{"start":{"line":39,"column":4},"end":{"line":39,"column":58}},"8":{"start":{"line":40,"column":4},"end":{"line":40,"column":74}},"9":{"start":{"line":40,"column":17},"end":{"line":40,"column":73}},"10":{"start":{"line":44,"column":4},"end":{"line":44,"column":64}},"11":{"start":{"line":44,"column":31},"end":{"line":44,"column":62}},"12":{"start":{"line":44,"column":50},"end":{"line":44,"column":61}},"13":{"start":{"line":48,"column":4},"end":{"line":48,"column":25}},"14":{"start":{"line":51,"column":2},"end":{"line":213,"column":4}},"15":{"start":{"line":55,"column":23},"end":{"line":55,"column":41}},"16":{"start":{"line":55,"column":38},"end":{"line":55,"column":40}},"17":{"start":{"line":78,"column":33},"end":{"line":78,"column":47}},"18":{"start":{"line":94,"column":20},"end":{"line":119,"column":25}},"19":{"start":{"line":106,"column":39},"end":{"line":106,"column":57}},"20":{"start":{"line":108,"column":44},"end":{"line":108,"column":67}},"21":{"start":{"line":109,"column":44},"end":{"line":109,"column":67}},"22":{"start":{"line":148,"column":33},"end":{"line":148,"column":47}},"23":{"start":{"line":164,"column":20},"end":{"line":189,"column":25}},"24":{"start":{"line":176,"column":39},"end":{"line":176,"column":57}},"25":{"start":{"line":178,"column":44},"end":{"line":178,"column":67}},"26":{"start":{"line":179,"column":44},"end":{"line":179,"column":67}}},"fnMap":{"0":{"name":"NotificationsButton","decl":{"start":{"line":9,"column":24},"end":{"line":9,"column":43}},"loc":{"start":{"line":9,"column":46},"end":{"line":214,"column":1}},"line":9},"1":{"name":"(anonymous_1)","decl":{"start":{"line":35,"column":12},"end":{"line":35,"column":13}},"loc":{"start":{"line":35,"column":18},"end":{"line":41,"column":3}},"line":35},"2":{"name":"handleOutside","decl":{"start":{"line":36,"column":13},"end":{"line":36,"column":26}},"loc":{"start":{"line":36,"column":30},"end":{"line":38,"column":5}},"line":36},"3":{"name":"(anonymous_3)","decl":{"start":{"line":40,"column":11},"end":{"line":40,"column":12}},"loc":{"start":{"line":40,"column":17},"end":{"line":40,"column":73}},"line":40},"4":{"name":"handleDelete","decl":{"start":{"line":43,"column":11},"end":{"line":43,"column":23}},"loc":{"start":{"line":43,"column":28},"end":{"line":45,"column":3}},"line":43},"5":{"name":"(anonymous_5)","decl":{"start":{"line":44,"column":21},"end":{"line":44,"column":22}},"loc":{"start":{"line":44,"column":31},"end":{"line":44,"column":62}},"line":44},"6":{"name":"(anonymous_6)","decl":{"start":{"line":44,"column":43},"end":{"line":44,"column":44}},"loc":{"start":{"line":44,"column":50},"end":{"line":44,"column":61}},"line":44},"7":{"name":"handleClearAll","decl":{"start":{"line":47,"column":11},"end":{"line":47,"column":25}},"loc":{"start":{"line":47,"column":28},"end":{"line":49,"column":3}},"line":47},"8":{"name":"(anonymous_8)","decl":{"start":{"line":55,"column":17},"end":{"line":55,"column":18}},"loc":{"start":{"line":55,"column":23},"end":{"line":55,"column":41}},"line":55},"9":{"name":"(anonymous_9)","decl":{"start":{"line":55,"column":31},"end":{"line":55,"column":32}},"loc":{"start":{"line":55,"column":38},"end":{"line":55,"column":40}},"line":55},"10":{"name":"(anonymous_10)","decl":{"start":{"line":78,"column":27},"end":{"line":78,"column":28}},"loc":{"start":{"line":78,"column":33},"end":{"line":78,"column":47}},"line":78},"11":{"name":"(anonymous_11)","decl":{"start":{"line":93,"column":36},"end":{"line":93,"column":37}},"loc":{"start":{"line":94,"column":20},"end":{"line":119,"column":25}},"line":94},"12":{"name":"(anonymous_12)","decl":{"start":{"line":106,"column":33},"end":{"line":106,"column":34}},"loc":{"start":{"line":106,"column":39},"end":{"line":106,"column":57}},"line":106},"13":{"name":"(anonymous_13)","decl":{"start":{"line":108,"column":38},"end":{"line":108,"column":39}},"loc":{"start":{"line":108,"column":44},"end":{"line":108,"column":67}},"line":108},"14":{"name":"(anonymous_14)","decl":{"start":{"line":109,"column":38},"end":{"line":109,"column":39}},"loc":{"start":{"line":109,"column":44},"end":{"line":109,"column":67}},"line":109},"15":{"name":"(anonymous_15)","decl":{"start":{"line":148,"column":27},"end":{"line":148,"column":28}},"loc":{"start":{"line":148,"column":33},"end":{"line":148,"column":47}},"line":148},"16":{"name":"(anonymous_16)","decl":{"start":{"line":163,"column":36},"end":{"line":163,"column":37}},"loc":{"start":{"line":164,"column":20},"end":{"line":189,"column":25}},"line":164},"17":{"name":"(anonymous_17)","decl":{"start":{"line":176,"column":33},"end":{"line":176,"column":34}},"loc":{"start":{"line":176,"column":39},"end":{"line":176,"column":57}},"line":176},"18":{"name":"(anonymous_18)","decl":{"start":{"line":178,"column":38},"end":{"line":178,"column":39}},"loc":{"start":{"line":178,"column":44},"end":{"line":178,"column":67}},"line":178},"19":{"name":"(anonymous_19)","decl":{"start":{"line":179,"column":38},"end":{"line":179,"column":39}},"loc":{"start":{"line":179,"column":44},"end":{"line":179,"column":67}},"line":179}},"branchMap":{"0":{"loc":{"start":{"line":37,"column":6},"end":{"line":37,"column":73}},"type":"if","locations":[{"start":{"line":37,"column":6},"end":{"line":37,"column":73}},{"start":{},"end":{}}],"line":37},"1":{"loc":{"start":{"line":37,"column":10},"end":{"line":37,"column":56}},"type":"binary-expr","locations":[{"start":{"line":37,"column":10},"end":{"line":37,"column":21}},{"start":{"line":37,"column":25},"end":{"line":37,"column":56}}],"line":37},"2":{"loc":{"start":{"line":62,"column":9},"end":{"line":66,"column":9}},"type":"binary-expr","locations":[{"start":{"line":62,"column":9},"end":{"line":62,"column":33}},{"start":{"line":63,"column":10},"end":{"line":65,"column":17}}],"line":62},"3":{"loc":{"start":{"line":69,"column":7},"end":{"line":211,"column":7}},"type":"binary-expr","locations":[{"start":{"line":69,"column":7},"end":{"line":69,"column":11}},{"start":{"line":70,"column":8},"end":{"line":210,"column":11}}],"line":69},"4":{"loc":{"start":{"line":88,"column":17},"end":{"line":121,"column":17}},"type":"cond-expr","locations":[{"start":{"line":89,"column":18},"end":{"line":91,"column":23}},{"start":{"line":93,"column":18},"end":{"line":120,"column":20}}],"line":88},"5":{"loc":{"start":{"line":114,"column":31},"end":{"line":114,"column":88}},"type":"cond-expr","locations":[{"start":{"line":114,"column":57},"end":{"line":114,"column":73}},{"start":{"line":114,"column":76},"end":{"line":114,"column":88}}],"line":114},"6":{"loc":{"start":{"line":129,"column":20},"end":{"line":131,"column":55}},"type":"cond-expr","locations":[{"start":{"line":130,"column":24},"end":{"line":130,"column":70}},{"start":{"line":131,"column":24},"end":{"line":131,"column":55}}],"line":129},"7":{"loc":{"start":{"line":158,"column":17},"end":{"line":191,"column":17}},"type":"cond-expr","locations":[{"start":{"line":159,"column":18},"end":{"line":161,"column":23}},{"start":{"line":163,"column":18},"end":{"line":190,"column":20}}],"line":158},"8":{"loc":{"start":{"line":184,"column":31},"end":{"line":184,"column":88}},"type":"cond-expr","locations":[{"start":{"line":184,"column":57},"end":{"line":184,"column":73}},{"start":{"line":184,"column":76},"end":{"line":184,"column":88}}],"line":184},"9":{"loc":{"start":{"line":199,"column":20},"end":{"line":201,"column":55}},"type":"cond-expr","locations":[{"start":{"line":200,"column":24},"end":{"line":200,"column":70}},{"start":{"line":201,"column":24},"end":{"line":201,"column":55}}],"line":199}},"s":{"0":0,"1":0,"2":0,"3":0,"4":0,"5":0,"6":0,"7":0,"8":0,"9":0,"10":0,"11":0,"12":0,"13":0,"14":0,"15":0,"16":0,"17":0,"18":0,"19":0,"20":0,"21":0,"22":0,"23":0,"24":0,"25":0,"26":0},"f":{"0":0,"1":0,"2":0,"3":0,"4":0,"5":0,"6":0,"7":0,"8":0,"9":0,"10":0,"11":0,"12":0,"13":0,"14":0,"15":0,"16":0,"17":0,"18":0,"19":0},"b":{"0":[0,0],"1":[0,0],"2":[0,0],"3":[0,0],"4":[0,0],"5":[0,0],"6":[0,0],"7":[0,0],"8":[0,0],"9":[0,0]},"_coverageSchema":"1a1c01bbd47fc00a2c39e90264f33305004495a9","hash":"366ae9e8f1a9426b609a0d1d12ce65fb4335014c"}
,"C:\\Users\\andre\\OneDrive\\Escritorio\\MediConnect2.4\\MediConnect\\frontend\\src\\Admin\\components\\Navbar\\ProfileButton.jsx": {"path":"C:\\Users\\andre\\OneDrive\\Escritorio\\MediConnect2.4\\MediConnect\\frontend\\src\\Admin\\components\\Navbar\\ProfileButton.jsx","statementMap":{"0":{"start":{"line":6,"column":26},"end":{"line":6,"column":41}},"1":{"start":{"line":7,"column":19},"end":{"line":7,"column":32}},"2":{"start":{"line":8,"column":22},"end":{"line":8,"column":34}},"3":{"start":{"line":10,"column":23},"end":{"line":14,"column":3}},"4":{"start":{"line":11,"column":4},"end":{"line":11,"column":37}},"5":{"start":{"line":12,"column":4},"end":{"line":12,"column":35}},"6":{"start":{"line":13,"column":4},"end":{"line":13,"column":22}},"7":{"start":{"line":16,"column":2},"end":{"line":27,"column":9}},"8":{"start":{"line":17,"column":31},"end":{"line":21,"column":5}},"9":{"start":{"line":18,"column":6},"end":{"line":20,"column":7}},"10":{"start":{"line":19,"column":8},"end":{"line":19,"column":23}},"11":{"start":{"line":23,"column":4},"end":{"line":23,"column":63}},"12":{"start":{"line":24,"column":4},"end":{"line":26,"column":6}},"13":{"start":{"line":25,"column":6},"end":{"line":25,"column":68}},"14":{"start":{"line":29,"column":2},"end":{"line":58,"column":4}},"15":{"start":{"line":33,"column":23},"end":{"line":33,"column":47}},"16":{"start":{"line":33,"column":41},"end":{"line":33,"column":46}},"17":{"start":{"line":44,"column":27},"end":{"line":44,"column":41}}},"fnMap":{"0":{"name":"ProfileButtonPaciente","decl":{"start":{"line":5,"column":24},"end":{"line":5,"column":45}},"loc":{"start":{"line":5,"column":48},"end":{"line":59,"column":1}},"line":5},"1":{"name":"(anonymous_1)","decl":{"start":{"line":10,"column":23},"end":{"line":10,"column":24}},"loc":{"start":{"line":10,"column":29},"end":{"line":14,"column":3}},"line":10},"2":{"name":"(anonymous_2)","decl":{"start":{"line":16,"column":12},"end":{"line":16,"column":13}},"loc":{"start":{"line":16,"column":18},"end":{"line":27,"column":3}},"line":16},"3":{"name":"(anonymous_3)","decl":{"start":{"line":17,"column":31},"end":{"line":17,"column":32}},"loc":{"start":{"line":17,"column":42},"end":{"line":21,"column":5}},"line":17},"4":{"name":"(anonymous_4)","decl":{"start":{"line":24,"column":11},"end":{"line":24,"column":12}},"loc":{"start":{"line":24,"column":17},"end":{"line":26,"column":5}},"line":24},"5":{"name":"(anonymous_5)","decl":{"start":{"line":33,"column":17},"end":{"line":33,"column":18}},"loc":{"start":{"line":33,"column":23},"end":{"line":33,"column":47}},"line":33},"6":{"name":"(anonymous_6)","decl":{"start":{"line":33,"column":31},"end":{"line":33,"column":32}},"loc":{"start":{"line":33,"column":41},"end":{"line":33,"column":46}},"line":33},"7":{"name":"(anonymous_7)","decl":{"start":{"line":44,"column":21},"end":{"line":44,"column":22}},"loc":{"start":{"line":44,"column":27},"end":{"line":44,"column":41}},"line":44}},"branchMap":{"0":{"loc":{"start":{"line":18,"column":6},"end":{"line":20,"column":7}},"type":"if","locations":[{"start":{"line":18,"column":6},"end":{"line":20,"column":7}},{"start":{},"end":{}}],"line":18},"1":{"loc":{"start":{"line":18,"column":10},"end":{"line":18,"column":76}},"type":"binary-expr","locations":[{"start":{"line":18,"column":10},"end":{"line":18,"column":29}},{"start":{"line":18,"column":33},"end":{"line":18,"column":76}}],"line":18},"2":{"loc":{"start":{"line":40,"column":7},"end":{"line":56,"column":7}},"type":"binary-expr","locations":[{"start":{"line":40,"column":7},"end":{"line":40,"column":11}},{"start":{"line":41,"column":8},"end":{"line":55,"column":14}}],"line":40}},"s":{"0":0,"1":0,"2":0,"3":0,"4":0,"5":0,"6":0,"7":0,"8":0,"9":0,"10":0,"11":0,"12":0,"13":0,"14":0,"15":0,"16":0,"17":0},"f":{"0":0,"1":0,"2":0,"3":0,"4":0,"5":0,"6":0,"7":0},"b":{"0":[0,0],"1":[0,0],"2":[0,0]},"_coverageSchema":"1a1c01bbd47fc00a2c39e90264f33305004495a9","hash":"a94b5551a9056e2187671091008162241156dc5c"}
,"C:\\Users\\andre\\OneDrive\\Escritorio\\MediConnect2.4\\MediConnect\\frontend\\src\\Admin\\components\\Navbar\\SettingsButton.jsx": {"path":"C:\\Users\\andre\\OneDrive\\Escritorio\\MediConnect2.4\\MediConnect\\frontend\\src\\Admin\\components\\Navbar\\SettingsButton.jsx","statementMap":{"0":{"start":{"line":6,"column":2},"end":{"line":13,"column":4}}},"fnMap":{"0":{"name":"SettingsButton","decl":{"start":{"line":5,"column":24},"end":{"line":5,"column":38}},"loc":{"start":{"line":5,"column":41},"end":{"line":14,"column":1}},"line":5}},"branchMap":{},"s":{"0":0},"f":{"0":0},"b":{},"_coverageSchema":"1a1c01bbd47fc00a2c39e90264f33305004495a9","hash":"ee77a7d471c3a109e94f9066d80ee4be7b690d5d"}
,"C:\\Users\\andre\\OneDrive\\Escritorio\\MediConnect2.4\\MediConnect\\frontend\\src\\Admin\\components\\UI\\AddNovedadModal.jsx": {"path":"C:\\Users\\andre\\OneDrive\\Escritorio\\MediConnect2.4\\MediConnect\\frontend\\src\\Admin\\components\\UI\\AddNovedadModal.jsx","statementMap":{"0":{"start":{"line":5,"column":30},"end":{"line":5,"column":42}},"1":{"start":{"line":6,"column":40},"end":{"line":6,"column":52}},"2":{"start":{"line":7,"column":30},"end":{"line":7,"column":44}},"3":{"start":{"line":8,"column":32},"end":{"line":8,"column":46}},"4":{"start":{"line":9,"column":32},"end":{"line":9,"column":47}},"5":{"start":{"line":12,"column":18},"end":{"line":12,"column":52}},"6":{"start":{"line":15,"column":28},"end":{"line":19,"column":3}},"7":{"start":{"line":16,"column":17},"end":{"line":16,"column":34}},"8":{"start":{"line":17,"column":4},"end":{"line":17,"column":20}},"9":{"start":{"line":18,"column":4},"end":{"line":18,"column":56}},"10":{"start":{"line":22,"column":23},"end":{"line":63,"column":3}},"11":{"start":{"line":23,"column":4},"end":{"line":23,"column":23}},"12":{"start":{"line":25,"column":4},"end":{"line":28,"column":5}},"13":{"start":{"line":26,"column":6},"end":{"line":26,"column":65}},"14":{"start":{"line":27,"column":6},"end":{"line":27,"column":13}},"15":{"start":{"line":30,"column":4},"end":{"line":33,"column":5}},"16":{"start":{"line":31,"column":6},"end":{"line":31,"column":87}},"17":{"start":{"line":32,"column":6},"end":{"line":32,"column":13}},"18":{"start":{"line":35,"column":4},"end":{"line":35,"column":21}},"19":{"start":{"line":37,"column":4},"end":{"line":62,"column":5}},"20":{"start":{"line":39,"column":23},"end":{"line":39,"column":37}},"21":{"start":{"line":40,"column":6},"end":{"line":40,"column":43}},"22":{"start":{"line":41,"column":6},"end":{"line":41,"column":40}},"23":{"start":{"line":42,"column":6},"end":{"line":42,"column":50}},"24":{"start":{"line":43,"column":6},"end":{"line":43,"column":52}},"25":{"start":{"line":43,"column":18},"end":{"line":43,"column":52}},"26":{"start":{"line":46,"column":6},"end":{"line":46,"column":35}},"27":{"start":{"line":48,"column":6},"end":{"line":48,"column":46}},"28":{"start":{"line":49,"column":6},"end":{"line":49,"column":20}},"29":{"start":{"line":50,"column":6},"end":{"line":50,"column":16}},"30":{"start":{"line":52,"column":6},"end":{"line":52,"column":88}},"31":{"start":{"line":53,"column":6},"end":{"line":59,"column":7}},"32":{"start":{"line":54,"column":8},"end":{"line":54,"column":63}},"33":{"start":{"line":55,"column":13},"end":{"line":59,"column":7}},"34":{"start":{"line":56,"column":8},"end":{"line":56,"column":61}},"35":{"start":{"line":58,"column":8},"end":{"line":58,"column":65}},"36":{"start":{"line":61,"column":6},"end":{"line":61,"column":24}},"37":{"start":{"line":65,"column":2},"end":{"line":140,"column":4}},"38":{"start":{"line":81,"column":31},"end":{"line":81,"column":56}},"39":{"start":{"line":95,"column":31},"end":{"line":95,"column":61}}},"fnMap":{"0":{"name":"AddNovedadModal","decl":{"start":{"line":4,"column":24},"end":{"line":4,"column":39}},"loc":{"start":{"line":4,"column":64},"end":{"line":141,"column":1}},"line":4},"1":{"name":"(anonymous_1)","decl":{"start":{"line":15,"column":28},"end":{"line":15,"column":29}},"loc":{"start":{"line":15,"column":35},"end":{"line":19,"column":3}},"line":15},"2":{"name":"(anonymous_2)","decl":{"start":{"line":22,"column":23},"end":{"line":22,"column":24}},"loc":{"start":{"line":22,"column":36},"end":{"line":63,"column":3}},"line":22},"3":{"name":"(anonymous_3)","decl":{"start":{"line":81,"column":24},"end":{"line":81,"column":25}},"loc":{"start":{"line":81,"column":31},"end":{"line":81,"column":56}},"line":81},"4":{"name":"(anonymous_4)","decl":{"start":{"line":95,"column":24},"end":{"line":95,"column":25}},"loc":{"start":{"line":95,"column":31},"end":{"line":95,"column":61}},"line":95}},"branchMap":{"0":{"loc":{"start":{"line":18,"column":15},"end":{"line":18,"column":54}},"type":"cond-expr","locations":[{"start":{"line":18,"column":22},"end":{"line":18,"column":47}},{"start":{"line":18,"column":50},"end":{"line":18,"column":54}}],"line":18},"1":{"loc":{"start":{"line":25,"column":4},"end":{"line":28,"column":5}},"type":"if","locations":[{"start":{"line":25,"column":4},"end":{"line":28,"column":5}},{"start":{},"end":{}}],"line":25},"2":{"loc":{"start":{"line":25,"column":8},"end":{"line":25,"column":31}},"type":"binary-expr","locations":[{"start":{"line":25,"column":8},"end":{"line":25,"column":15}},{"start":{"line":25,"column":19},"end":{"line":25,"column":31}}],"line":25},"3":{"loc":{"start":{"line":30,"column":4},"end":{"line":33,"column":5}},"type":"if","locations":[{"start":{"line":30,"column":4},"end":{"line":33,"column":5}},{"start":{},"end":{}}],"line":30},"4":{"loc":{"start":{"line":43,"column":6},"end":{"line":43,"column":52}},"type":"if","locations":[{"start":{"line":43,"column":6},"end":{"line":43,"column":52}},{"start":{},"end":{}}],"line":43},"5":{"loc":{"start":{"line":52,"column":49},"end":{"line":52,"column":86}},"type":"binary-expr","locations":[{"start":{"line":52,"column":49},"end":{"line":52,"column":69}},{"start":{"line":52,"column":73},"end":{"line":52,"column":86}}],"line":52},"6":{"loc":{"start":{"line":53,"column":6},"end":{"line":59,"column":7}},"type":"if","locations":[{"start":{"line":53,"column":6},"end":{"line":59,"column":7}},{"start":{"line":55,"column":13},"end":{"line":59,"column":7}}],"line":53},"7":{"loc":{"start":{"line":55,"column":13},"end":{"line":59,"column":7}},"type":"if","locations":[{"start":{"line":55,"column":13},"end":{"line":59,"column":7}},{"start":{"line":57,"column":13},"end":{"line":59,"column":7}}],"line":55},"8":{"loc":{"start":{"line":111,"column":13},"end":{"line":117,"column":13}},"type":"binary-expr","locations":[{"start":{"line":111,"column":13},"end":{"line":111,"column":20}},{"start":{"line":112,"column":14},"end":{"line":116,"column":16}}],"line":111},"9":{"loc":{"start":{"line":134,"column":15},"end":{"line":134,"column":50}},"type":"cond-expr","locations":[{"start":{"line":134,"column":25},"end":{"line":134,"column":39}},{"start":{"line":134,"column":42},"end":{"line":134,"column":50}}],"line":134}},"s":{"0":0,"1":0,"2":0,"3":0,"4":0,"5":0,"6":0,"7":0,"8":0,"9":0,"10":0,"11":0,"12":0,"13":0,"14":0,"15":0,"16":0,"17":0,"18":0,"19":0,"20":0,"21":0,"22":0,"23":0,"24":0,"25":0,"26":0,"27":0,"28":0,"29":0,"30":0,"31":0,"32":0,"33":0,"34":0,"35":0,"36":0,"37":0,"38":0,"39":0},"f":{"0":0,"1":0,"2":0,"3":0,"4":0},"b":{"0":[0,0],"1":[0,0],"2":[0,0],"3":[0,0],"4":[0,0],"5":[0,0],"6":[0,0],"7":[0,0],"8":[0,0],"9":[0,0]},"_coverageSchema":"1a1c01bbd47fc00a2c39e90264f33305004495a9","hash":"a4b5f9bd974295f57d4c1adeec25a47e4fb97fca"}
,"C:\\Users\\andre\\OneDrive\\Escritorio\\MediConnect2.4\\MediConnect\\frontend\\src\\Admin\\components\\UI\\AgendarCitaModal.jsx": {"path":"C:\\Users\\andre\\OneDrive\\Escritorio\\MediConnect2.4\\MediConnect\\frontend\\src\\Admin\\components\\UI\\AgendarCitaModal.jsx","statementMap":{"0":{"start":{"line":5,"column":28},"end":{"line":5,"column":40}},"1":{"start":{"line":6,"column":26},"end":{"line":6,"column":38}},"2":{"start":{"line":7,"column":30},"end":{"line":7,"column":42}},"3":{"start":{"line":9,"column":2},"end":{"line":9,"column":27}},"4":{"start":{"line":9,"column":15},"end":{"line":9,"column":27}},"5":{"start":{"line":11,"column":24},"end":{"line":14,"column":3}},"6":{"start":{"line":12,"column":4},"end":{"line":12,"column":39}},"7":{"start":{"line":13,"column":4},"end":{"line":13,"column":50}},"8":{"start":{"line":16,"column":2},"end":{"line":33,"column":4}},"9":{"start":{"line":22,"column":104},"end":{"line":22,"column":128}},"10":{"start":{"line":23,"column":103},"end":{"line":23,"column":126}},"11":{"start":{"line":24,"column":126},"end":{"line":24,"column":151}}},"fnMap":{"0":{"name":"AgendarCitaModal","decl":{"start":{"line":4,"column":24},"end":{"line":4,"column":40}},"loc":{"start":{"line":4,"column":79},"end":{"line":34,"column":1}},"line":4},"1":{"name":"(anonymous_1)","decl":{"start":{"line":11,"column":24},"end":{"line":11,"column":25}},"loc":{"start":{"line":11,"column":30},"end":{"line":14,"column":3}},"line":11},"2":{"name":"(anonymous_2)","decl":{"start":{"line":22,"column":97},"end":{"line":22,"column":98}},"loc":{"start":{"line":22,"column":104},"end":{"line":22,"column":128}},"line":22},"3":{"name":"(anonymous_3)","decl":{"start":{"line":23,"column":96},"end":{"line":23,"column":97}},"loc":{"start":{"line":23,"column":103},"end":{"line":23,"column":126}},"line":23},"4":{"name":"(anonymous_4)","decl":{"start":{"line":24,"column":119},"end":{"line":24,"column":120}},"loc":{"start":{"line":24,"column":126},"end":{"line":24,"column":151}},"line":24}},"branchMap":{"0":{"loc":{"start":{"line":9,"column":2},"end":{"line":9,"column":27}},"type":"if","locations":[{"start":{"line":9,"column":2},"end":{"line":9,"column":27}},{"start":{},"end":{}}],"line":9}},"s":{"0":0,"1":0,"2":0,"3":0,"4":0,"5":0,"6":0,"7":0,"8":0,"9":0,"10":0,"11":0},"f":{"0":0,"1":0,"2":0,"3":0,"4":0},"b":{"0":[0,0]},"_coverageSchema":"1a1c01bbd47fc00a2c39e90264f33305004495a9","hash":"2c6d7ae09247e066d2d374c3490d26837b888cbe"}
,"C:\\Users\\andre\\OneDrive\\Escritorio\\MediConnect2.4\\MediConnect\\frontend\\src\\Admin\\components\\UI\\Breadcrumb.jsx": {"path":"C:\\Users\\andre\\OneDrive\\Escritorio\\MediConnect2.4\\MediConnect\\frontend\\src\\Admin\\components\\UI\\Breadcrumb.jsx","statementMap":{"0":{"start":{"line":4,"column":2},"end":{"line":21,"column":4}},"1":{"start":{"line":8,"column":10},"end":{"line":17,"column":15}}},"fnMap":{"0":{"name":"Breadcrumb","decl":{"start":{"line":3,"column":24},"end":{"line":3,"column":34}},"loc":{"start":{"line":3,"column":46},"end":{"line":22,"column":1}},"line":3},"1":{"name":"(anonymous_1)","decl":{"start":{"line":7,"column":19},"end":{"line":7,"column":20}},"loc":{"start":{"line":8,"column":10},"end":{"line":17,"column":15}},"line":8}},"branchMap":{"0":{"loc":{"start":{"line":9,"column":13},"end":{"line":9,"column":73}},"type":"binary-expr","locations":[{"start":{"line":9,"column":13},"end":{"line":9,"column":24}},{"start":{"line":9,"column":28},"end":{"line":9,"column":73}}],"line":9},"1":{"loc":{"start":{"line":10,"column":13},"end":{"line":16,"column":13}},"type":"cond-expr","locations":[{"start":{"line":11,"column":14},"end":{"line":13,"column":18}},{"start":{"line":15,"column":14},"end":{"line":15,"column":65}}],"line":10}},"s":{"0":2,"1":4},"f":{"0":2,"1":4},"b":{"0":[4,2],"1":[2,2]},"_coverageSchema":"1a1c01bbd47fc00a2c39e90264f33305004495a9","hash":"1a42b83a8549f1c7ebe842ee1ae1c980c612f89d"}
,"C:\\Users\\andre\\OneDrive\\Escritorio\\MediConnect2.4\\MediConnect\\frontend\\src\\Admin\\components\\UI\\CambiarRolModal.jsx": {"path":"C:\\Users\\andre\\OneDrive\\Escritorio\\MediConnect2.4\\MediConnect\\frontend\\src\\Admin\\components\\UI\\CambiarRolModal.jsx","statementMap":{"0":{"start":{"line":6,"column":24},"end":{"line":6,"column":57}},"1":{"start":{"line":7,"column":32},"end":{"line":7,"column":47}},"2":{"start":{"line":9,"column":2},"end":{"line":9,"column":36}},"3":{"start":{"line":9,"column":24},"end":{"line":9,"column":36}},"4":{"start":{"line":11,"column":24},"end":{"line":42,"column":3}},"5":{"start":{"line":12,"column":4},"end":{"line":41,"column":5}},"6":{"start":{"line":13,"column":6},"end":{"line":13,"column":23}},"7":{"start":{"line":16,"column":23},"end":{"line":20,"column":7}},"8":{"start":{"line":23,"column":23},"end":{"line":25,"column":7}},"9":{"start":{"line":28,"column":19},"end":{"line":28,"column":69}},"10":{"start":{"line":30,"column":6},"end":{"line":30,"column":58}},"11":{"start":{"line":31,"column":6},"end":{"line":31,"column":37}},"12":{"start":{"line":31,"column":21},"end":{"line":31,"column":37}},"13":{"start":{"line":32,"column":6},"end":{"line":32,"column":16}},"14":{"start":{"line":34,"column":6},"end":{"line":34,"column":55}},"15":{"start":{"line":35,"column":6},"end":{"line":38,"column":8}},"16":{"start":{"line":40,"column":6},"end":{"line":40,"column":24}},"17":{"start":{"line":44,"column":2},"end":{"line":79,"column":4}},"18":{"start":{"line":54,"column":27},"end":{"line":54,"column":49}}},"fnMap":{"0":{"name":"CambiarRolModal","decl":{"start":{"line":5,"column":24},"end":{"line":5,"column":39}},"loc":{"start":{"line":5,"column":78},"end":{"line":80,"column":1}},"line":5},"1":{"name":"(anonymous_1)","decl":{"start":{"line":11,"column":24},"end":{"line":11,"column":25}},"loc":{"start":{"line":11,"column":36},"end":{"line":42,"column":3}},"line":11},"2":{"name":"(anonymous_2)","decl":{"start":{"line":54,"column":20},"end":{"line":54,"column":21}},"loc":{"start":{"line":54,"column":27},"end":{"line":54,"column":49}},"line":54}},"branchMap":{"0":{"loc":{"start":{"line":6,"column":33},"end":{"line":6,"column":56}},"type":"binary-expr","locations":[{"start":{"line":6,"column":33},"end":{"line":6,"column":42}},{"start":{"line":6,"column":46},"end":{"line":6,"column":56}}],"line":6},"1":{"loc":{"start":{"line":9,"column":2},"end":{"line":9,"column":36}},"type":"if","locations":[{"start":{"line":9,"column":2},"end":{"line":9,"column":36}},{"start":{},"end":{}}],"line":9},"2":{"loc":{"start":{"line":9,"column":6},"end":{"line":9,"column":22}},"type":"binary-expr","locations":[{"start":{"line":9,"column":6},"end":{"line":9,"column":13}},{"start":{"line":9,"column":17},"end":{"line":9,"column":22}}],"line":9},"3":{"loc":{"start":{"line":24,"column":16},"end":{"line":24,"column":34}},"type":"binary-expr","locations":[{"start":{"line":24,"column":16},"end":{"line":24,"column":29}},{"start":{"line":24,"column":33},"end":{"line":24,"column":34}}],"line":24},"4":{"loc":{"start":{"line":31,"column":6},"end":{"line":31,"column":37}},"type":"if","locations":[{"start":{"line":31,"column":6},"end":{"line":31,"column":37}},{"start":{},"end":{}}],"line":31},"5":{"loc":{"start":{"line":36,"column":8},"end":{"line":37,"column":49}},"type":"binary-expr","locations":[{"start":{"line":36,"column":8},"end":{"line":36,"column":36}},{"start":{"line":37,"column":10},"end":{"line":37,"column":49}}],"line":36},"6":{"loc":{"start":{"line":74,"column":13},"end":{"line":74,"column":49}},"type":"cond-expr","locations":[{"start":{"line":74,"column":23},"end":{"line":74,"column":37}},{"start":{"line":74,"column":40},"end":{"line":74,"column":49}}],"line":74}},"s":{"0":0,"1":0,"2":0,"3":0,"4":0,"5":0,"6":0,"7":0,"8":0,"9":0,"10":0,"11":0,"12":0,"13":0,"14":0,"15":0,"16":0,"17":0,"18":0},"f":{"0":0,"1":0,"2":0},"b":{"0":[0,0],"1":[0,0],"2":[0,0],"3":[0,0],"4":[0,0],"5":[0,0],"6":[0,0]},"_coverageSchema":"1a1c01bbd47fc00a2c39e90264f33305004495a9","hash":"1785adab5a02541df38bbe462a3a56421e932a9f"}
,"C:\\Users\\andre\\OneDrive\\Escritorio\\MediConnect2.4\\MediConnect\\frontend\\src\\Admin\\components\\UI\\DeleteNovedadModal.jsx": {"path":"C:\\Users\\andre\\OneDrive\\Escritorio\\MediConnect2.4\\MediConnect\\frontend\\src\\Admin\\components\\UI\\DeleteNovedadModal.jsx","statementMap":{"0":{"start":{"line":5,"column":32},"end":{"line":5,"column":47}},"1":{"start":{"line":6,"column":28},"end":{"line":6,"column":40}},"2":{"start":{"line":8,"column":30},"end":{"line":21,"column":3}},"3":{"start":{"line":9,"column":4},"end":{"line":20,"column":5}},"4":{"start":{"line":10,"column":6},"end":{"line":10,"column":23}},"5":{"start":{"line":11,"column":6},"end":{"line":11,"column":19}},"6":{"start":{"line":12,"column":6},"end":{"line":12,"column":39}},"7":{"start":{"line":13,"column":6},"end":{"line":13,"column":33}},"8":{"start":{"line":13,"column":21},"end":{"line":13,"column":33}},"9":{"start":{"line":14,"column":6},"end":{"line":14,"column":16}},"10":{"start":{"line":16,"column":6},"end":{"line":16,"column":58}},"11":{"start":{"line":17,"column":6},"end":{"line":17,"column":70}},"12":{"start":{"line":19,"column":6},"end":{"line":19,"column":24}},"13":{"start":{"line":23,"column":2},"end":{"line":53,"column":4}}},"fnMap":{"0":{"name":"DeleteNovedadModal","decl":{"start":{"line":4,"column":24},"end":{"line":4,"column":42}},"loc":{"start":{"line":4,"column":78},"end":{"line":54,"column":1}},"line":4},"1":{"name":"(anonymous_1)","decl":{"start":{"line":8,"column":30},"end":{"line":8,"column":31}},"loc":{"start":{"line":8,"column":42},"end":{"line":21,"column":3}},"line":8}},"branchMap":{"0":{"loc":{"start":{"line":13,"column":6},"end":{"line":13,"column":33}},"type":"if","locations":[{"start":{"line":13,"column":6},"end":{"line":13,"column":33}},{"start":{},"end":{}}],"line":13},"1":{"loc":{"start":{"line":31,"column":9},"end":{"line":31,"column":70}},"type":"binary-expr","locations":[{"start":{"line":31,"column":9},"end":{"line":31,"column":14}},{"start":{"line":31,"column":18},"end":{"line":31,"column":70}}],"line":31},"2":{"loc":{"start":{"line":44,"column":14},"end":{"line":44,"column":60}},"type":"cond-expr","locations":[{"start":{"line":44,"column":24},"end":{"line":44,"column":55}},{"start":{"line":44,"column":58},"end":{"line":44,"column":60}}],"line":44},"3":{"loc":{"start":{"line":48,"column":13},"end":{"line":48,"column":51}},"type":"cond-expr","locations":[{"start":{"line":48,"column":23},"end":{"line":48,"column":38}},{"start":{"line":48,"column":41},"end":{"line":48,"column":51}}],"line":48}},"s":{"0":0,"1":0,"2":0,"3":0,"4":0,"5":0,"6":0,"7":0,"8":0,"9":0,"10":0,"11":0,"12":0,"13":0},"f":{"0":0,"1":0},"b":{"0":[0,0],"1":[0,0],"2":[0,0],"3":[0,0]},"_coverageSchema":"1a1c01bbd47fc00a2c39e90264f33305004495a9","hash":"8140b63d0eb97a9adc0f499a6940303dc13db5ce"}
,"C:\\Users\\andre\\OneDrive\\Escritorio\\MediConnect2.4\\MediConnect\\frontend\\src\\Admin\\components\\UI\\DeshabilitarCuentaModal.jsx": {"path":"C:\\Users\\andre\\OneDrive\\Escritorio\\MediConnect2.4\\MediConnect\\frontend\\src\\Admin\\components\\UI\\DeshabilitarCuentaModal.jsx","statementMap":{"0":{"start":{"line":6,"column":2},"end":{"line":6,"column":27}},"1":{"start":{"line":6,"column":15},"end":{"line":6,"column":27}},"2":{"start":{"line":8,"column":24},"end":{"line":17,"column":3}},"3":{"start":{"line":9,"column":4},"end":{"line":16,"column":5}},"4":{"start":{"line":10,"column":6},"end":{"line":10,"column":64}},"5":{"start":{"line":11,"column":6},"end":{"line":11,"column":59}},"6":{"start":{"line":12,"column":6},"end":{"line":12,"column":16}},"7":{"start":{"line":14,"column":6},"end":{"line":14,"column":53}},"8":{"start":{"line":15,"column":6},"end":{"line":15,"column":27}},"9":{"start":{"line":19,"column":2},"end":{"line":49,"column":4}}},"fnMap":{"0":{"name":"DeshabilitarCuentaModal","decl":{"start":{"line":5,"column":24},"end":{"line":5,"column":47}},"loc":{"start":{"line":5,"column":75},"end":{"line":50,"column":1}},"line":5},"1":{"name":"(anonymous_1)","decl":{"start":{"line":8,"column":24},"end":{"line":8,"column":25}},"loc":{"start":{"line":8,"column":36},"end":{"line":17,"column":3}},"line":8}},"branchMap":{"0":{"loc":{"start":{"line":6,"column":2},"end":{"line":6,"column":27}},"type":"if","locations":[{"start":{"line":6,"column":2},"end":{"line":6,"column":27}},{"start":{},"end":{}}],"line":6}},"s":{"0":0,"1":0,"2":0,"3":0,"4":0,"5":0,"6":0,"7":0,"8":0,"9":0},"f":{"0":0,"1":0},"b":{"0":[0,0]},"_coverageSchema":"1a1c01bbd47fc00a2c39e90264f33305004495a9","hash":"450a05aa69169ed3ffbe6c4cbdaa5fede4b054d8"}
,"C:\\Users\\andre\\OneDrive\\Escritorio\\MediConnect2.4\\MediConnect\\frontend\\src\\Admin\\components\\UI\\EditNovedadModal.jsx": {"path":"C:\\Users\\andre\\OneDrive\\Escritorio\\MediConnect2.4\\MediConnect\\frontend\\src\\Admin\\components\\UI\\EditNovedadModal.jsx","statementMap":{"0":{"start":{"line":5,"column":34},"end":{"line":10,"column":4}},"1":{"start":{"line":11,"column":32},"end":{"line":11,"column":47}},"2":{"start":{"line":13,"column":2},"end":{"line":22,"column":16}},"3":{"start":{"line":14,"column":4},"end":{"line":21,"column":5}},"4":{"start":{"line":15,"column":6},"end":{"line":20,"column":9}},"5":{"start":{"line":24,"column":23},"end":{"line":27,"column":3}},"6":{"start":{"line":25,"column":28},"end":{"line":25,"column":36}},"7":{"start":{"line":26,"column":4},"end":{"line":26,"column":56}},"8":{"start":{"line":26,"column":27},"end":{"line":26,"column":53}},"9":{"start":{"line":29,"column":27},"end":{"line":32,"column":3}},"10":{"start":{"line":30,"column":17},"end":{"line":30,"column":34}},"11":{"start":{"line":31,"column":4},"end":{"line":31,"column":62}},"12":{"start":{"line":31,"column":14},"end":{"line":31,"column":62}},"13":{"start":{"line":31,"column":37},"end":{"line":31,"column":59}},"14":{"start":{"line":34,"column":23},"end":{"line":58,"column":3}},"15":{"start":{"line":35,"column":4},"end":{"line":35,"column":23}},"16":{"start":{"line":36,"column":4},"end":{"line":36,"column":37}},"17":{"start":{"line":36,"column":30},"end":{"line":36,"column":37}},"18":{"start":{"line":38,"column":4},"end":{"line":38,"column":21}},"19":{"start":{"line":39,"column":4},"end":{"line":57,"column":5}},"20":{"start":{"line":40,"column":19},"end":{"line":40,"column":33}},"21":{"start":{"line":41,"column":6},"end":{"line":41,"column":66}},"22":{"start":{"line":42,"column":6},"end":{"line":42,"column":45}},"23":{"start":{"line":43,"column":6},"end":{"line":43,"column":55}},"24":{"start":{"line":44,"column":6},"end":{"line":46,"column":7}},"25":{"start":{"line":45,"column":8},"end":{"line":45,"column":44}},"26":{"start":{"line":48,"column":6},"end":{"line":48,"column":57}},"27":{"start":{"line":49,"column":6},"end":{"line":49,"column":51}},"28":{"start":{"line":50,"column":6},"end":{"line":50,"column":18}},"29":{"start":{"line":51,"column":6},"end":{"line":51,"column":16}},"30":{"start":{"line":53,"column":6},"end":{"line":53,"column":59}},"31":{"start":{"line":54,"column":6},"end":{"line":54,"column":45}},"32":{"start":{"line":56,"column":6},"end":{"line":56,"column":24}},"33":{"start":{"line":60,"column":2},"end":{"line":60,"column":28}},"34":{"start":{"line":60,"column":16},"end":{"line":60,"column":28}},"35":{"start":{"line":62,"column":2},"end":{"line":128,"column":4}}},"fnMap":{"0":{"name":"EditNovedadModal","decl":{"start":{"line":4,"column":24},"end":{"line":4,"column":40}},"loc":{"start":{"line":4,"column":74},"end":{"line":129,"column":1}},"line":4},"1":{"name":"(anonymous_1)","decl":{"start":{"line":13,"column":12},"end":{"line":13,"column":13}},"loc":{"start":{"line":13,"column":18},"end":{"line":22,"column":3}},"line":13},"2":{"name":"(anonymous_2)","decl":{"start":{"line":24,"column":23},"end":{"line":24,"column":24}},"loc":{"start":{"line":24,"column":30},"end":{"line":27,"column":3}},"line":24},"3":{"name":"(anonymous_3)","decl":{"start":{"line":26,"column":16},"end":{"line":26,"column":17}},"loc":{"start":{"line":26,"column":27},"end":{"line":26,"column":53}},"line":26},"4":{"name":"(anonymous_4)","decl":{"start":{"line":29,"column":27},"end":{"line":29,"column":28}},"loc":{"start":{"line":29,"column":34},"end":{"line":32,"column":3}},"line":29},"5":{"name":"(anonymous_5)","decl":{"start":{"line":31,"column":26},"end":{"line":31,"column":27}},"loc":{"start":{"line":31,"column":37},"end":{"line":31,"column":59}},"line":31},"6":{"name":"(anonymous_6)","decl":{"start":{"line":34,"column":23},"end":{"line":34,"column":24}},"loc":{"start":{"line":34,"column":36},"end":{"line":58,"column":3}},"line":34}},"branchMap":{"0":{"loc":{"start":{"line":14,"column":4},"end":{"line":21,"column":5}},"type":"if","locations":[{"start":{"line":14,"column":4},"end":{"line":21,"column":5}},{"start":{},"end":{}}],"line":14},"1":{"loc":{"start":{"line":17,"column":16},"end":{"line":17,"column":36}},"type":"binary-expr","locations":[{"start":{"line":17,"column":16},"end":{"line":17,"column":30}},{"start":{"line":17,"column":34},"end":{"line":17,"column":36}}],"line":17},"2":{"loc":{"start":{"line":18,"column":21},"end":{"line":18,"column":46}},"type":"binary-expr","locations":[{"start":{"line":18,"column":21},"end":{"line":18,"column":40}},{"start":{"line":18,"column":44},"end":{"line":18,"column":46}}],"line":18},"3":{"loc":{"start":{"line":19,"column":13},"end":{"line":19,"column":33}},"type":"binary-expr","locations":[{"start":{"line":19,"column":13},"end":{"line":19,"column":27}},{"start":{"line":19,"column":31},"end":{"line":19,"column":33}}],"line":19},"4":{"loc":{"start":{"line":31,"column":4},"end":{"line":31,"column":62}},"type":"if","locations":[{"start":{"line":31,"column":4},"end":{"line":31,"column":62}},{"start":{},"end":{}}],"line":31},"5":{"loc":{"start":{"line":36,"column":4},"end":{"line":36,"column":37}},"type":"if","locations":[{"start":{"line":36,"column":4},"end":{"line":36,"column":37}},{"start":{},"end":{}}],"line":36},"6":{"loc":{"start":{"line":44,"column":6},"end":{"line":46,"column":7}},"type":"if","locations":[{"start":{"line":44,"column":6},"end":{"line":46,"column":7}},{"start":{},"end":{}}],"line":44},"7":{"loc":{"start":{"line":60,"column":2},"end":{"line":60,"column":28}},"type":"if","locations":[{"start":{"line":60,"column":2},"end":{"line":60,"column":28}},{"start":{},"end":{}}],"line":60},"8":{"loc":{"start":{"line":100,"column":13},"end":{"line":106,"column":13}},"type":"binary-expr","locations":[{"start":{"line":100,"column":13},"end":{"line":100,"column":25}},{"start":{"line":100,"column":29},"end":{"line":100,"column":60}},{"start":{"line":101,"column":14},"end":{"line":105,"column":16}}],"line":100},"9":{"loc":{"start":{"line":122,"column":15},"end":{"line":122,"column":54}},"type":"cond-expr","locations":[{"start":{"line":122,"column":25},"end":{"line":122,"column":39}},{"start":{"line":122,"column":42},"end":{"line":122,"column":54}}],"line":122}},"s":{"0":0,"1":0,"2":0,"3":0,"4":0,"5":0,"6":0,"7":0,"8":0,"9":0,"10":0,"11":0,"12":0,"13":0,"14":0,"15":0,"16":0,"17":0,"18":0,"19":0,"20":0,"21":0,"22":0,"23":0,"24":0,"25":0,"26":0,"27":0,"28":0,"29":0,"30":0,"31":0,"32":0,"33":0,"34":0,"35":0},"f":{"0":0,"1":0,"2":0,"3":0,"4":0,"5":0,"6":0},"b":{"0":[0,0],"1":[0,0],"2":[0,0],"3":[0,0],"4":[0,0],"5":[0,0],"6":[0,0],"7":[0,0],"8":[0,0,0],"9":[0,0]},"_coverageSchema":"1a1c01bbd47fc00a2c39e90264f33305004495a9","hash":"dd9980d6ab584e7d78f068ccd0663ddae63b3459"}
,"C:\\Users\\andre\\OneDrive\\Escritorio\\MediConnect2.4\\MediConnect\\frontend\\src\\Admin\\components\\UI\\HistorialModal.jsx": {"path":"C:\\Users\\andre\\OneDrive\\Escritorio\\MediConnect2.4\\MediConnect\\frontend\\src\\Admin\\components\\UI\\HistorialModal.jsx","statementMap":{"0":{"start":{"line":4,"column":2},"end":{"line":4,"column":27}},"1":{"start":{"line":4,"column":15},"end":{"line":4,"column":27}},"2":{"start":{"line":6,"column":2},"end":{"line":29,"column":4}},"3":{"start":{"line":14,"column":14},"end":{"line":17,"column":20}}},"fnMap":{"0":{"name":"HistorialModal","decl":{"start":{"line":3,"column":24},"end":{"line":3,"column":38}},"loc":{"start":{"line":3,"column":82},"end":{"line":30,"column":1}},"line":3},"1":{"name":"(anonymous_1)","decl":{"start":{"line":13,"column":26},"end":{"line":13,"column":27}},"loc":{"start":{"line":14,"column":14},"end":{"line":17,"column":20}},"line":14}},"branchMap":{"0":{"loc":{"start":{"line":3,"column":64},"end":{"line":3,"column":78}},"type":"default-arg","locations":[{"start":{"line":3,"column":76},"end":{"line":3,"column":78}}],"line":3},"1":{"loc":{"start":{"line":4,"column":2},"end":{"line":4,"column":27}},"type":"if","locations":[{"start":{"line":4,"column":2},"end":{"line":4,"column":27}},{"start":{},"end":{}}],"line":4},"2":{"loc":{"start":{"line":12,"column":11},"end":{"line":21,"column":11}},"type":"cond-expr","locations":[{"start":{"line":13,"column":12},"end":{"line":18,"column":14}},{"start":{"line":20,"column":12},"end":{"line":20,"column":72}}],"line":12}},"s":{"0":0,"1":0,"2":0,"3":0},"f":{"0":0,"1":0},"b":{"0":[0],"1":[0,0],"2":[0,0]},"_coverageSchema":"1a1c01bbd47fc00a2c39e90264f33305004495a9","hash":"847443f2f30bca25e157e9d2948b67db37cd2d3b"}
,"C:\\Users\\andre\\OneDrive\\Escritorio\\MediConnect2.4\\MediConnect\\frontend\\src\\Admin\\components\\UI\\ModalOpciones.jsx": {"path":"C:\\Users\\andre\\OneDrive\\Escritorio\\MediConnect2.4\\MediConnect\\frontend\\src\\Admin\\components\\UI\\ModalOpciones.jsx","statementMap":{"0":{"start":{"line":5,"column":34},"end":{"line":5,"column":46}},"1":{"start":{"line":7,"column":2},"end":{"line":9,"column":13}},"2":{"start":{"line":8,"column":4},"end":{"line":8,"column":28}},"3":{"start":{"line":11,"column":23},"end":{"line":13,"column":3}},"4":{"start":{"line":12,"column":4},"end":{"line":12,"column":49}},"5":{"start":{"line":15,"column":23},"end":{"line":23,"column":3}},"6":{"start":{"line":16,"column":4},"end":{"line":16,"column":21}},"7":{"start":{"line":17,"column":4},"end":{"line":21,"column":5}},"8":{"start":{"line":18,"column":6},"end":{"line":18,"column":83}},"9":{"start":{"line":19,"column":11},"end":{"line":21,"column":5}},"10":{"start":{"line":20,"column":6},"end":{"line":20,"column":88}},"11":{"start":{"line":22,"column":4},"end":{"line":22,"column":14}},"12":{"start":{"line":25,"column":23},"end":{"line":29,"column":3}},"13":{"start":{"line":26,"column":4},"end":{"line":26,"column":33}},"14":{"start":{"line":26,"column":18},"end":{"line":26,"column":33}},"15":{"start":{"line":27,"column":4},"end":{"line":27,"column":85}},"16":{"start":{"line":28,"column":4},"end":{"line":28,"column":14}},"17":{"start":{"line":31,"column":2},"end":{"line":73,"column":4}},"18":{"start":{"line":48,"column":130},"end":{"line":48,"column":168}},"19":{"start":{"line":49,"column":128},"end":{"line":49,"column":165}},"20":{"start":{"line":50,"column":138},"end":{"line":50,"column":180}},"21":{"start":{"line":51,"column":134},"end":{"line":51,"column":174}},"22":{"start":{"line":52,"column":144},"end":{"line":52,"column":189}},"23":{"start":{"line":56,"column":126},"end":{"line":56,"column":162}},"24":{"start":{"line":57,"column":138},"end":{"line":57,"column":180}},"25":{"start":{"line":58,"column":134},"end":{"line":58,"column":174}},"26":{"start":{"line":59,"column":136},"end":{"line":59,"column":177}}},"fnMap":{"0":{"name":"ModalOpciones","decl":{"start":{"line":4,"column":24},"end":{"line":4,"column":37}},"loc":{"start":{"line":4,"column":99},"end":{"line":74,"column":1}},"line":4},"1":{"name":"(anonymous_1)","decl":{"start":{"line":7,"column":12},"end":{"line":7,"column":13}},"loc":{"start":{"line":7,"column":18},"end":{"line":9,"column":3}},"line":7},"2":{"name":"(anonymous_2)","decl":{"start":{"line":11,"column":23},"end":{"line":11,"column":24}},"loc":{"start":{"line":11,"column":41},"end":{"line":13,"column":3}},"line":11},"3":{"name":"(anonymous_3)","decl":{"start":{"line":15,"column":23},"end":{"line":15,"column":24}},"loc":{"start":{"line":15,"column":29},"end":{"line":23,"column":3}},"line":15},"4":{"name":"(anonymous_4)","decl":{"start":{"line":25,"column":23},"end":{"line":25,"column":24}},"loc":{"start":{"line":25,"column":29},"end":{"line":29,"column":3}},"line":25},"5":{"name":"(anonymous_5)","decl":{"start":{"line":48,"column":123},"end":{"line":48,"column":124}},"loc":{"start":{"line":48,"column":130},"end":{"line":48,"column":168}},"line":48},"6":{"name":"(anonymous_6)","decl":{"start":{"line":49,"column":121},"end":{"line":49,"column":122}},"loc":{"start":{"line":49,"column":128},"end":{"line":49,"column":165}},"line":49},"7":{"name":"(anonymous_7)","decl":{"start":{"line":50,"column":131},"end":{"line":50,"column":132}},"loc":{"start":{"line":50,"column":138},"end":{"line":50,"column":180}},"line":50},"8":{"name":"(anonymous_8)","decl":{"start":{"line":51,"column":127},"end":{"line":51,"column":128}},"loc":{"start":{"line":51,"column":134},"end":{"line":51,"column":174}},"line":51},"9":{"name":"(anonymous_9)","decl":{"start":{"line":52,"column":137},"end":{"line":52,"column":138}},"loc":{"start":{"line":52,"column":144},"end":{"line":52,"column":189}},"line":52},"10":{"name":"(anonymous_10)","decl":{"start":{"line":56,"column":119},"end":{"line":56,"column":120}},"loc":{"start":{"line":56,"column":126},"end":{"line":56,"column":162}},"line":56},"11":{"name":"(anonymous_11)","decl":{"start":{"line":57,"column":131},"end":{"line":57,"column":132}},"loc":{"start":{"line":57,"column":138},"end":{"line":57,"column":180}},"line":57},"12":{"name":"(anonymous_12)","decl":{"start":{"line":58,"column":127},"end":{"line":58,"column":128}},"loc":{"start":{"line":58,"column":134},"end":{"line":58,"column":174}},"line":58},"13":{"name":"(anonymous_13)","decl":{"start":{"line":59,"column":129},"end":{"line":59,"column":130}},"loc":{"start":{"line":59,"column":136},"end":{"line":59,"column":177}},"line":59}},"branchMap":{"0":{"loc":{"start":{"line":4,"column":79},"end":{"line":4,"column":95}},"type":"default-arg","locations":[{"start":{"line":4,"column":88},"end":{"line":4,"column":95}}],"line":4},"1":{"loc":{"start":{"line":8,"column":16},"end":{"line":8,"column":26}},"type":"binary-expr","locations":[{"start":{"line":8,"column":16},"end":{"line":8,"column":20}},{"start":{"line":8,"column":24},"end":{"line":8,"column":26}}],"line":8},"2":{"loc":{"start":{"line":17,"column":4},"end":{"line":21,"column":5}},"type":"if","locations":[{"start":{"line":17,"column":4},"end":{"line":21,"column":5}},{"start":{"line":19,"column":11},"end":{"line":21,"column":5}}],"line":17},"3":{"loc":{"start":{"line":18,"column":20},"end":{"line":18,"column":81}},"type":"cond-expr","locations":[{"start":{"line":18,"column":38},"end":{"line":18,"column":60}},{"start":{"line":18,"column":63},"end":{"line":18,"column":81}}],"line":18},"4":{"loc":{"start":{"line":19,"column":11},"end":{"line":21,"column":5}},"type":"if","locations":[{"start":{"line":19,"column":11},"end":{"line":21,"column":5}},{"start":{},"end":{}}],"line":19},"5":{"loc":{"start":{"line":20,"column":17},"end":{"line":20,"column":86}},"type":"cond-expr","locations":[{"start":{"line":20,"column":35},"end":{"line":20,"column":61}},{"start":{"line":20,"column":64},"end":{"line":20,"column":86}}],"line":20},"6":{"loc":{"start":{"line":26,"column":4},"end":{"line":26,"column":33}},"type":"if","locations":[{"start":{"line":26,"column":4},"end":{"line":26,"column":33}},{"start":{},"end":{}}],"line":26},"7":{"loc":{"start":{"line":27,"column":16},"end":{"line":27,"column":83}},"type":"cond-expr","locations":[{"start":{"line":27,"column":34},"end":{"line":27,"column":59}},{"start":{"line":27,"column":62},"end":{"line":27,"column":83}}],"line":27},"8":{"loc":{"start":{"line":35,"column":11},"end":{"line":39,"column":69}},"type":"cond-expr","locations":[{"start":{"line":36,"column":14},"end":{"line":36,"column":69}},{"start":{"line":37,"column":14},"end":{"line":39,"column":69}}],"line":35},"9":{"loc":{"start":{"line":36,"column":24},"end":{"line":36,"column":67}},"type":"cond-expr","locations":[{"start":{"line":36,"column":42},"end":{"line":36,"column":55}},{"start":{"line":36,"column":58},"end":{"line":36,"column":67}}],"line":36},"10":{"loc":{"start":{"line":37,"column":14},"end":{"line":39,"column":69}},"type":"cond-expr","locations":[{"start":{"line":38,"column":14},"end":{"line":38,"column":71}},{"start":{"line":39,"column":14},"end":{"line":39,"column":69}}],"line":37},"11":{"loc":{"start":{"line":38,"column":26},"end":{"line":38,"column":69}},"type":"cond-expr","locations":[{"start":{"line":38,"column":44},"end":{"line":38,"column":57}},{"start":{"line":38,"column":60},"end":{"line":38,"column":69}}],"line":38},"12":{"loc":{"start":{"line":39,"column":24},"end":{"line":39,"column":67}},"type":"cond-expr","locations":[{"start":{"line":39,"column":42},"end":{"line":39,"column":55}},{"start":{"line":39,"column":58},"end":{"line":39,"column":67}}],"line":39},"13":{"loc":{"start":{"line":42,"column":9},"end":{"line":61,"column":9}},"type":"cond-expr","locations":[{"start":{"line":43,"column":10},"end":{"line":45,"column":14}},{"start":{"line":46,"column":12},"end":{"line":61,"column":9}}],"line":42},"14":{"loc":{"start":{"line":44,"column":52},"end":{"line":44,"column":95}},"type":"cond-expr","locations":[{"start":{"line":44,"column":70},"end":{"line":44,"column":83}},{"start":{"line":44,"column":86},"end":{"line":44,"column":95}}],"line":44},"15":{"loc":{"start":{"line":46,"column":12},"end":{"line":61,"column":9}},"type":"cond-expr","locations":[{"start":{"line":47,"column":10},"end":{"line":53,"column":13}},{"start":{"line":55,"column":10},"end":{"line":60,"column":13}}],"line":46},"16":{"loc":{"start":{"line":48,"column":90},"end":{"line":48,"column":111}},"type":"binary-expr","locations":[{"start":{"line":48,"column":90},"end":{"line":48,"column":105}},{"start":{"line":48,"column":109},"end":{"line":48,"column":111}}],"line":48},"17":{"loc":{"start":{"line":49,"column":89},"end":{"line":49,"column":109}},"type":"binary-expr","locations":[{"start":{"line":49,"column":89},"end":{"line":49,"column":103}},{"start":{"line":49,"column":107},"end":{"line":49,"column":109}}],"line":49},"18":{"loc":{"start":{"line":50,"column":94},"end":{"line":50,"column":119}},"type":"binary-expr","locations":[{"start":{"line":50,"column":94},"end":{"line":50,"column":113}},{"start":{"line":50,"column":117},"end":{"line":50,"column":119}}],"line":50},"19":{"loc":{"start":{"line":51,"column":92},"end":{"line":51,"column":115}},"type":"binary-expr","locations":[{"start":{"line":51,"column":92},"end":{"line":51,"column":109}},{"start":{"line":51,"column":113},"end":{"line":51,"column":115}}],"line":51},"20":{"loc":{"start":{"line":52,"column":97},"end":{"line":52,"column":125}},"type":"binary-expr","locations":[{"start":{"line":52,"column":97},"end":{"line":52,"column":119}},{"start":{"line":52,"column":123},"end":{"line":52,"column":125}}],"line":52},"21":{"loc":{"start":{"line":56,"column":88},"end":{"line":56,"column":107}},"type":"binary-expr","locations":[{"start":{"line":56,"column":88},"end":{"line":56,"column":101}},{"start":{"line":56,"column":105},"end":{"line":56,"column":107}}],"line":56},"22":{"loc":{"start":{"line":57,"column":94},"end":{"line":57,"column":119}},"type":"binary-expr","locations":[{"start":{"line":57,"column":94},"end":{"line":57,"column":113}},{"start":{"line":57,"column":117},"end":{"line":57,"column":119}}],"line":57},"23":{"loc":{"start":{"line":58,"column":92},"end":{"line":58,"column":115}},"type":"binary-expr","locations":[{"start":{"line":58,"column":92},"end":{"line":58,"column":109}},{"start":{"line":58,"column":113},"end":{"line":58,"column":115}}],"line":58},"24":{"loc":{"start":{"line":59,"column":93},"end":{"line":59,"column":117}},"type":"binary-expr","locations":[{"start":{"line":59,"column":93},"end":{"line":59,"column":111}},{"start":{"line":59,"column":115},"end":{"line":59,"column":117}}],"line":59},"25":{"loc":{"start":{"line":65,"column":11},"end":{"line":69,"column":11}},"type":"cond-expr","locations":[{"start":{"line":66,"column":12},"end":{"line":66,"column":112}},{"start":{"line":68,"column":12},"end":{"line":68,"column":113}}],"line":65}},"s":{"0":0,"1":0,"2":0,"3":0,"4":0,"5":0,"6":0,"7":0,"8":0,"9":0,"10":0,"11":0,"12":0,"13":0,"14":0,"15":0,"16":0,"17":0,"18":0,"19":0,"20":0,"21":0,"22":0,"23":0,"24":0,"25":0,"26":0},"f":{"0":0,"1":0,"2":0,"3":0,"4":0,"5":0,"6":0,"7":0,"8":0,"9":0,"10":0,"11":0,"12":0,"13":0},"b":{"0":[0],"1":[0,0],"2":[0,0],"3":[0,0],"4":[0,0],"5":[0,0],"6":[0,0],"7":[0,0],"8":[0,0],"9":[0,0],"10":[0,0],"11":[0,0],"12":[0,0],"13":[0,0],"14":[0,0],"15":[0,0],"16":[0,0],"17":[0,0],"18":[0,0],"19":[0,0],"20":[0,0],"21":[0,0],"22":[0,0],"23":[0,0],"24":[0,0],"25":[0,0]},"_coverageSchema":"1a1c01bbd47fc00a2c39e90264f33305004495a9","hash":"572fcbc72363743e13ac2529dcb3fba888d433e7"}
,"C:\\Users\\andre\\OneDrive\\Escritorio\\MediConnect2.4\\MediConnect\\frontend\\src\\Admin\\components\\UI\\ModificarCitaModal.jsx": {"path":"C:\\Users\\andre\\OneDrive\\Escritorio\\MediConnect2.4\\MediConnect\\frontend\\src\\Admin\\components\\UI\\ModificarCitaModal.jsx","statementMap":{"0":{"start":{"line":4,"column":28},"end":{"line":4,"column":55}},"1":{"start":{"line":5,"column":26},"end":{"line":5,"column":52}},"2":{"start":{"line":6,"column":30},"end":{"line":6,"column":58}},"3":{"start":{"line":7,"column":44},"end":{"line":7,"column":79}},"4":{"start":{"line":9,"column":2},"end":{"line":9,"column":27}},"5":{"start":{"line":9,"column":15},"end":{"line":9,"column":27}},"6":{"start":{"line":11,"column":21},"end":{"line":24,"column":3}},"7":{"start":{"line":12,"column":4},"end":{"line":15,"column":5}},"8":{"start":{"line":13,"column":6},"end":{"line":13,"column":65}},"9":{"start":{"line":14,"column":6},"end":{"line":14,"column":13}},"10":{"start":{"line":16,"column":4},"end":{"line":22,"column":7}},"11":{"start":{"line":23,"column":4},"end":{"line":23,"column":14}},"12":{"start":{"line":26,"column":2},"end":{"line":99,"column":4}},"13":{"start":{"line":45,"column":31},"end":{"line":45,"column":55}},"14":{"start":{"line":55,"column":31},"end":{"line":55,"column":54}},"15":{"start":{"line":66,"column":31},"end":{"line":66,"column":56}},"16":{"start":{"line":77,"column":31},"end":{"line":77,"column":63}}},"fnMap":{"0":{"name":"ModificarCitaModal","decl":{"start":{"line":3,"column":24},"end":{"line":3,"column":42}},"loc":{"start":{"line":3,"column":81},"end":{"line":100,"column":1}},"line":3},"1":{"name":"(anonymous_1)","decl":{"start":{"line":11,"column":21},"end":{"line":11,"column":22}},"loc":{"start":{"line":11,"column":27},"end":{"line":24,"column":3}},"line":11},"2":{"name":"(anonymous_2)","decl":{"start":{"line":45,"column":24},"end":{"line":45,"column":25}},"loc":{"start":{"line":45,"column":31},"end":{"line":45,"column":55}},"line":45},"3":{"name":"(anonymous_3)","decl":{"start":{"line":55,"column":24},"end":{"line":55,"column":25}},"loc":{"start":{"line":55,"column":31},"end":{"line":55,"column":54}},"line":55},"4":{"name":"(anonymous_4)","decl":{"start":{"line":66,"column":24},"end":{"line":66,"column":25}},"loc":{"start":{"line":66,"column":31},"end":{"line":66,"column":56}},"line":66},"5":{"name":"(anonymous_5)","decl":{"start":{"line":77,"column":24},"end":{"line":77,"column":25}},"loc":{"start":{"line":77,"column":31},"end":{"line":77,"column":63}},"line":77}},"branchMap":{"0":{"loc":{"start":{"line":4,"column":37},"end":{"line":4,"column":54}},"type":"binary-expr","locations":[{"start":{"line":4,"column":37},"end":{"line":4,"column":48}},{"start":{"line":4,"column":52},"end":{"line":4,"column":54}}],"line":4},"1":{"loc":{"start":{"line":5,"column":35},"end":{"line":5,"column":51}},"type":"binary-expr","locations":[{"start":{"line":5,"column":35},"end":{"line":5,"column":45}},{"start":{"line":5,"column":49},"end":{"line":5,"column":51}}],"line":5},"2":{"loc":{"start":{"line":6,"column":39},"end":{"line":6,"column":57}},"type":"binary-expr","locations":[{"start":{"line":6,"column":39},"end":{"line":6,"column":51}},{"start":{"line":6,"column":55},"end":{"line":6,"column":57}}],"line":6},"3":{"loc":{"start":{"line":7,"column":53},"end":{"line":7,"column":78}},"type":"binary-expr","locations":[{"start":{"line":7,"column":53},"end":{"line":7,"column
[...]
,"C:\\Users\\andre\\OneDrive\\Escritorio\\MediConnect2.4\\MediConnect\\frontend\\src\\services\\api.js": {"path":"C:\\Users\\andre\\OneDrive\\Escritorio\\MediConnect2.4\\MediConnect\\frontend\\src\\services\\api.js","statementMap":{"0":{"start":{"line":3,"column":12},"end":{"line":9,"column":2}}},"fnMap":{},"branchMap":{},"s":{"0":2},"f":{},"b":{},"_coverageSchema":"1a1c01bbd47fc00a2c39e90264f33305004495a9","hash":"1cdac24d78830bc87eeb3fd6a1dba2768065413b"}
,"C:\\Users\\andre\\OneDrive\\Escritorio\\MediConnect2.4\\MediConnect\\frontend\\src\\services\\authService.js": {"path":"C:\\Users\\andre\\OneDrive\\Escritorio\\MediConnect2.4\\MediConnect\\frontend\\src\\services\\authService.js","statementMap":{"0":{"start":{"line":4,"column":21},"end":{"line":7,"column":1}},"1":{"start":{"line":5,"column":19},"end":{"line":5,"column":72}},"2":{"start":{"line":6,"column":2},"end":{"line":6,"column":23}},"3":{"start":{"line":10,"column":24},"end":{"line":13,"column":1}},"4":{"start":{"line":11,"column":19},"end":{"line":11,"column":64}},"5":{"start":{"line":12,"column":2},"end":{"line":12,"column":23}},"6":{"start":{"line":16,"column":35},"end":{"line":19,"column":1}},"7":{"start":{"line":17,"column":19},"end":{"line":17,"column":75}},"8":{"start":{"line":18,"column":2},"end":{"line":18,"column":23}},"9":{"start":{"line":22,"column":37},"end":{"line":27,"column":1}},"10":{"start":{"line":23,"column":19},"end":{"line":25,"column":4}},"11":{"start":{"line":26,"column":2},"end":{"line":26,"column":23}},"12":{"start":{"line":30,"column":31},"end":{"line":33,"column":1}},"13":{"start":{"line":31,"column":19},"end":{"line":31,"column":60}},"14":{"start":{"line":32,"column":2},"end":{"line":32,"column":23}}},"fnMap":{"0":{"name":"(anonymous_0)","decl":{"start":{"line":4,"column":21},"end":{"line":4,"column":22}},"loc":{"start":{"line":4,"column":51},"end":{"line":7,"column":1}},"line":4},"1":{"name":"(anonymous_1)","decl":{"start":{"line":10,"column":24},"end":{"line":10,"column":25}},"loc":{"start":{"line":10,"column":47},"end":{"line":13,"column":1}},"line":10},"2":{"name":"(anonymous_2)","decl":{"start":{"line":16,"column":35},"end":{"line":16,"column":36}},"loc":{"start":{"line":16,"column":53},"end":{"line":19,"column":1}},"line":16},"3":{"name":"(anonymous_3)","decl":{"start":{"line":22,"column":37},"end":{"line":22,"column":38}},"loc":{"start":{"line":22,"column":71},"end":{"line":27,"column":1}},"line":22},"4":{"name":"(anonymous_4)","decl":{"start":{"line":30,"column":31},"end":{"line":30,"column":32}},"loc":{"start":{"line":30,"column":48},"end":{"line":33,"column":1}},"line":30}},"branchMap":{},"s":{"0":1,"1":0,"2":0,"3":1,"4":0,"5":0,"6":1,"7":0,"8":0,"9":1,"10":0,"11":0,"12":1,"13":0,"14":0},"f":{"0":0,"1":0,"2":0,"3":0,"4":0},"b":{},"_coverageSchema":"1a1c01bbd47fc00a2c39e90264f33305004495a9","hash":"1d5c73467ff5a90356cd8f18d8c8d2d7736d2ceb"}
,"C:\\Users\\andre\\OneDrive\\Escritorio\\MediConnect2.4\\MediConnect\\frontend\\src\\services\\citasService.js": {"path":"C:\\Users\\andre\\OneDrive\\Escritorio\\MediConnect2.4\\MediConnect\\frontend\\src\\services\\citasService.js","statementMap":{"0":{"start":{"line":5,"column":32},"end":{"line":11,"column":1}},"1":{"start":{"line":6,"column":16},"end":{"line":6,"column":45}},"2":{"start":{"line":7,"column":14},"end":{"line":9,"column":4}},"3":{"start":{"line":10,"column":2},"end":{"line":10,"column":18}},"4":{"start":{"line":14,"column":30},"end":{"line":20,"column":1}},"5":{"start":{"line":15,"column":16},"end":{"line":15,"column":45}},"6":{"start":{"line":16,"column":14},"end":{"line":18,"column":4}},"7":{"start":{"line":19,"column":2},"end":{"line":19,"column":18}},"8":{"start":{"line":23,"column":27},"end":{"line":29,"column":1}},"9":{"start":{"line":24,"column":16},"end":{"line":24,"column":45}},"10":{"start":{"line":25,"column":14},"end":{"line":27,"column":4}},"11":{"start":{"line":28,"column":2},"end":{"line":28,"column":18}},"12":{"start":{"line":32,"column":26},"end":{"line":38,"column":1}},"13":{"start":{"line":33,"column":16},"end":{"line":33,"column":45}},"14":{"start":{"line":34,"column":14},"end":{"line":36,"column":4}},"15":{"start":{"line":37,"column":2},"end":{"line":37,"column":18}},"16":{"start":{"line":41,"column":28},"end":{"line":47,"column":1}},"17":{"start":{"line":42,"column":16},"end":{"line":42,"column":45}},"18":{"start":{"line":43,"column":14},"end":{"line":45,"column":4}},"19":{"start":{"line":46,"column":2},"end":{"line":46,"column":18}},"20":{"start":{"line":50,"column":38},"end":{"line":57,"column":1}},"21":{"start":{"line":51,"column":16},"end":{"line":51,"column":45}},"22":{"start":{"line":52,"column":14},"end":{"line":55,"column":4}},"23":{"start":{"line":56,"column":2},"end":{"line":56,"column":18}},"24":{"start":{"line":60,"column":35},"end":{"line":67,"column":1}},"25":{"start":{"line":61,"column":16},"end":{"line":61,"column":45}},"26":{"start":{"line":62,"column":14},"end":{"line":65,"column":4}},"27":{"start":{"line":66,"column":2},"end":{"line":66,"column":18}}},"fnMap":{"0":{"name":"(anonymous_0)","decl":{"start":{"line":5,"column":32},"end":{"line":5,"column":33}},"loc":{"start":{"line":5,"column":55},"end":{"line":11,"column":1}},"line":5},"1":{"name":"(anonymous_1)","decl":{"start":{"line":14,"column":30},"end":{"line":14,"column":31}},"loc":{"start":{"line":14,"column":49},"end":{"line":20,"column":1}},"line":14},"2":{"name":"(anonymous_2)","decl":{"start":{"line":23,"column":27},"end":{"line":23,"column":28}},"loc":{"start":{"line":23,"column":47},"end":{"line":29,"column":1}},"line":23},"3":{"name":"(anonymous_3)","decl":{"start":{"line":32,"column":26},"end":{"line":32,"column":27}},"loc":{"start":{"line":32,"column":55},"end":{"line":38,"column":1}},"line":32},"4":{"name":"(anonymous_4)","decl":{"start":{"line":41,"column":28},"end":{"line":41,"column":29}},"loc":{"start":{"line":41,"column":47},"end":{"line":47,"column":1}},"line":41},"5":{"name":"(anonymous_5)","decl":{"start":{"line":50,"column":38},"end":{"line":50,"column":39}},"loc":{"start":{"line":50,"column":88},"end":{"line":57,"column":1}},"line":50},"6":{"name":"(anonymous_6)","decl":{"start":{"line":60,"column":35},"end":{"line":60,"column":36}},"loc":{"start":{"line":60,"column":102},"end":{"line":67,"column":1}},"line":60}},"branchMap":{},"s":{"0":2,"1":0,"2":0,"3":0,"4":2,"5":0,"6":0,"7":0,"8":2,"9":0,"10":0,"11":0,"12":2,"13":0,"14":0,"15":0,"16":2,"17":0,"18":0,"19":0,"20":2,"21":0,"22":0,"23":0,"24":2,"25":0,"26":0,"27":0},"f":{"0":0,"1":0,"2":0,"3":0,"4":0,"5":0,"6":0},"b":{},"_coverageSchema":"1a1c01bbd47fc00a2c39e90264f33305004495a9","hash":"ed15403d1b266e6589661a938b4e3c51744f5e84"}
,"C:\\Users\\andre\\OneDrive\\Escritorio\\MediConnect2.4\\MediConnect\\frontend\\src\\services\\familiaresService.js": {"path":"C:\\Users\\andre\\OneDrive\\Escritorio\\MediConnect2.4\\MediConnect\\frontend\\src\\services\\familiaresService.js","statementMap":{"0":{"start":{"line":4,"column":37},"end":{"line":10,"column":1}},"1":{"start":{"line":5,"column":16},"end":{"line":5,"column":45}},"2":{"start":{"line":6,"column":14},"end":{"line":8,"column":4}},"3":{"start":{"line":9,"column":2},"end":{"line":9,"column":18}},"4":{"start":{"line":13,"column":29},"end":{"line":20,"column":1}},"5":{"start":{"line":14,"column":16},"end":{"line":14,"column":45}},"6":{"start":{"line":15,"column":16},"end":{"line":18,"column":3}},"7":{"start":{"line":19,"column":2},"end":{"line":19,"column":18}},"8":{"start":{"line":23,"column":32},"end":{"line":29,"column":1}},"9":{"start":{"line":24,"column":16},"end":{"line":24,"column":45}},"10":{"start":{"line":25,"column":16},"end":{"line":27,"column":3}},"11":{"start":{"line":28,"column":2},"end":{"line":28,"column":18}},"12":{"start":{"line":31,"column":34},"end":{"line":39,"column":1}},"13":{"start":{"line":32,"column":16},"end":{"line":32,"column":45}},"14":{"start":{"line":33,"column":14},"end":{"line":37,"column":3}},"15":{"start":{"line":38,"column":2},"end":{"line":38,"column":18}}},"fnMap":{"0":{"name":"(anonymous_0)","decl":{"start":{"line":4,"column":37},"end":{"line":4,"column":38}},"loc":{"start":{"line":4,"column":60},"end":{"line":10,"column":1}},"line":4},"1":{"name":"(anonymous_1)","decl":{"start":{"line":13,"column":29},"end":{"line":13,"column":30}},"loc":{"start":{"line":13,"column":66},"end":{"line":20,"column":1}},"line":13},"2":{"name":"(anonymous_2)","decl":{"start":{"line":23,"column":32},"end":{"line":23,"column":33}},"loc":{"start":{"line":23,"column":55},"end":{"line":29,"column":1}},"line":23},"3":{"name":"(anonymous_3)","decl":{"start":{"line":31,"column":34},"end":{"line":31,"column":35}},"loc":{"start":{"line":31,"column":71},"end":{"line":39,"column":1}},"line":31}},"branchMap":{},"s":{"0":2,"1":0,"2":0,"3":0,"4":2,"5":0,"6":0,"7":0,"8":2,"9":0,"10":0,"11":0,"12":2,"13":0,"14":0,"15":0},"f":{"0":0,"1":0,"2":0,"3":0},"b":{},"_coverageSchema":"1a1c01bbd47fc00a2c39e90264f33305004495a9","hash":"fe2d932674e7f39edffe2e5808b058501ff7381d"}
,"C:\\Users\\andre\\OneDrive\\Escritorio\\MediConnect2.4\\MediConnect\\frontend\\src\\services\\historialService.js": {"path":"C:\\Users\\andre\\OneDrive\\Escritorio\\MediConnect2.4\\MediConnect\\frontend\\src\\services\\historialService.js","statementMap":{"0":{"start":{"line":4,"column":36},"end":{"line":10,"column":1}},"1":{"start":{"line":5,"column":16},"end":{"line":5,"column":45}},"2":{"start":{"line":6,"column":14},"end":{"line":8,"column":4}},"3":{"start":{"line":9,"column":2},"end":{"line":9,"column":18}},"4":{"start":{"line":13,"column":28},"end":{"line":23,"column":1}},"5":{"start":{"line":14,"column":16},"end":{"line":14,"column":45}},"6":{"start":{"line":15,"column":14},"end":{"line":21,"column":3}},"7":{"start":{"line":22,"column":2},"end":{"line":22,"column":18}}},"fnMap":{"0":{"name":"(anonymous_0)","decl":{"start":{"line":4,"column":36},"end":{"line":4,"column":37}},"loc":{"start":{"line":4,"column":59},"end":{"line":10,"column":1}},"line":4},"1":{"name":"(anonymous_1)","decl":{"start":{"line":13,"column":28},"end":{"line":13,"column":29}},"loc":{"start":{"line":13,"column":47},"end":{"line":23,"column":1}},"line":13}},"branchMap":{},"s":{"0":2,"1":0,"2":0,"3":0,"4":2,"5":0,"6":0,"7":0},"f":{"0":0,"1":0},"b":{},"_coverageSchema":"1a1c01bbd47fc00a2c39e90264f33305004495a9","hash":"7536388863c942096e131083111ed30b1c96d751"}
,"C:\\Users\\andre\\OneDrive\\Escritorio\\MediConnect2.4\\MediConnect\\frontend\\src\\services\\novedades.js": {"path":"C:\\Users\\andre\\OneDrive\\Escritorio\\MediConnect2.4\\MediConnect\\frontend\\src\\services\\novedades.js","statementMap":{"0":{"start":{"line":4,"column":28},"end":{"line":10,"column":1}},"1":{"start":{"line":5,"column":16},"end":{"line":5,"column":45}},"2":{"start":{"line":6,"column":16},"end":{"line":8,"column":4}},"3":{"start":{"line":9,"column":2},"end":{"line":9,"column":18}},"4":{"start":{"line":13,"column":30},"end":{"line":19,"column":3}},"5":{"start":{"line":14,"column":18},"end":{"line":14,"column":47}},"6":{"start":{"line":15,"column":16},"end":{"line":17,"column":6}},"7":{"start":{"line":18,"column":4},"end":{"line":18,"column":20}},"8":{"start":{"line":22,"column":28},"end":{"line":38,"column":1}},"9":{"start":{"line":23,"column":2},"end":{"line":37,"column":3}},"10":{"start":{"line":24,"column":18},"end":{"line":24,"column":47}},"11":{"start":{"line":26,"column":16},"end":{"line":31,"column":6}},"12":{"start":{"line":33,"column":4},"end":{"line":33,"column":20}},"13":{"start":{"line":35,"column":4},"end":{"line":35,"column":79}},"14":{"start":{"line":36,"column":4},"end":{"line":36,"column":16}},"15":{"start":{"line":40,"column":31},"end":{"line":46,"column":3}},"16":{"start":{"line":41,"column":18},"end":{"line":41,"column":47}},"17":{"start":{"line":42,"column":16},"end":{"line":44,"column":6}},"18":{"start":{"line":45,"column":4},"end":{"line":45,"column":20}},"19":{"start":{"line":49,"column":33},"end":{"line":58,"column":1}},"20":{"start":{"line":50,"column":16},"end":{"line":50,"column":45}},"21":{"start":{"line":51,"column":14},"end":{"line":56,"column":4}},"22":{"start":{"line":57,"column":2},"end":{"line":57,"column":18}}},"fnMap":{"0":{"name":"(anonymous_0)","decl":{"start":{"line":4,"column":28},"end":{"line":4,"column":29}},"loc":{"start":{"line":4,"column":40},"end":{"line":10,"column":1}},"line":4},"1":{"name":"(anonymous_1)","decl":{"start":{"line":13,"column":30},"end":{"line":13,"column":31}},"loc":{"start":{"line":13,"column":52},"end":{"line":19,"column":3}},"line":13},"2":{"name":"(anonymous_2)","decl":{"start":{"line":22,"column":28},"end":{"line":22,"column":29}},"loc":{"start":{"line":22,"column":48},"end":{"line":38,"column":1}},"line":22},"3":{"name":"(anonymous_3)","decl":{"start":{"line":40,"column":31},"end":{"line":40,"column":32}},"loc":{"start":{"line":40,"column":53},"end":{"line":46,"column":3}},"line":40},"4":{"name":"(anonymous_4)","decl":{"start":{"line":49,"column":33},"end":{"line":49,"column":34}},"loc":{"start":{"line":49,"column":65},"end":{"line":58,"column":1}},"line":49}},"branchMap":{"0":{"loc":{"start":{"line":35,"column":48},"end":{"line":35,"column":77}},"type":"binary-expr","locations":[{"start":{"line":35,"column":48},"end":{"line":35,"column":68}},{"start":{"line":35,"column":72},"end":{"line":35,"column":77}}],"line":35}},"s":{"0":2,"1":0,"2":0,"3":0,"4":2,"5":0,"6":0,"7":0,"8":2,"9":0,"10":0,"11":0,"12":0,"13":0,"14":0,"15":2,"16":0,"17":0,"18":0,"19":2,"20":0,"21":0,"22":0},"f":{"0":0,"1":0,"2":0,"3":0,"4":0},"b":{"0":[0,0]},"_coverageSchema":"1a1c01bbd47fc00a2c39e90264f33305004495a9","hash":"722ef885936d2d3e24aa283f6a0f34e3892b450b"}
,"C:\\Users\\andre\\OneDrive\\Escritorio\\MediConnect2.4\\MediConnect\\frontend\\src\\services\\perfilService.js": {"path":"C:\\Users\\andre\\OneDrive\\Escritorio\\MediConnect2.4\\MediConnect\\frontend\\src\\services\\perfilService.js","statementMap":{"0":{"start":{"line":4,"column":25},"end":{"line":10,"column":1}},"1":{"start":{"line":5,"column":16},"end":{"line":5,"column":45}},"2":{"start":{"line":6,"column":14},"end":{"line":8,"column":4}},"3":{"start":{"line":9,"column":2},"end":{"line":9,"column":18}},"4":{"start":{"line":13,"column":28},"end":{"line":19,"column":1}},"5":{"start":{"line":14,"column":16},"end":{"line":14,"column":45}},"6":{"start":{"line":15,"column":14},"end":{"line":17,"column":4}},"7":{"start":{"line":18,"column":2},"end":{"line":18,"column":18}}},"fnMap":{"0":{"name":"(anonymous_0)","decl":{"start":{"line":4,"column":25},"end":{"line":4,"column":26}},"loc":{"start":{"line":4,"column":47},"end":{"line":10,"column":1}},"line":4},"1":{"name":"(anonymous_1)","decl":{"start":{"line":13,"column":28},"end":{"line":13,"column":29}},"loc":{"start":{"line":13,"column":62},"end":{"line":19,"column":1}},"line":13}},"branchMap":{},"s":{"0":2,"1":0,"2":0,"3":0,"4":2,"5":0,"6":0,"7":0},"f":{"0":0,"1":0},"b":{},"_coverageSchema":"1a1c01bbd47fc00a2c39e90264f33305004495a9","hash":"7544b6bc12047ca3618e0ab365fe713a6e428876"}
,"C:\\Users\\andre\\OneDrive\\Escritorio\\MediConnect2.4\\MediConnect\\frontend\\src\\services\\usuarios.js": {"path":"C:\\Users\\andre\\OneDrive\\Escritorio\\MediConnect2.4\\MediConnect\\frontend\\src\\services\\usuarios.js","statementMap":{"0":{"start":{"line":5,"column":27},"end":{"line":16,"column":1}},"1":{"start":{"line":6,"column":2},"end":{"line":15,"column":3}},"2":{"start":{"line":7,"column":18},"end":{"line":7,"column":47}},"3":{"start":{"line":8,"column":16},"end":{"line":10,"column":6}},"4":{"start":{"line":11,"column":4},"end":{"line":11,"column":20}},"5":{"start":{"line":13,"column":4},"end":{"line":13,"column":55}},"6":{"start":{"line":14,"column":4},"end":{"line":14,"column":16}},"7":{"start":{"line":19,"column":33},"end":{"line":30,"column":1}},"8":{"start":{"line":20,"column":2},"end":{"line":29,"column":3}},"9":{"start":{"line":21,"column":18},"end":{"line":21,"column":47}},"10":{"start":{"line":22,"column":16},"end":{"line":24,"column":6}},"11":{"start":{"line":25,"column":4},"end":{"line":25,"column":20}},"12":{"start":{"line":27,"column":4},"end":{"line":27,"column":65}},"13":{"start":{"line":28,"column":4},"end":{"line":28,"column":16}},"14":{"start":{"line":33,"column":35},"end":{"line":44,"column":1}},"15":{"start":{"line":34,"column":2},"end":{"line":43,"column":3}},"16":{"start":{"line":35,"column":18},"end":{"line":35,"column":47}},"17":{"start":{"line":36,"column":16},"end":{"line":38,"column":6}},"18":{"start":{"line":39,"column":4},"end":{"line":39,"column":20}},"19":{"start":{"line":41,"column":4},"end":{"line":41,"column":68}},"20":{"start":{"line":42,"column":4},"end":{"line":42,"column":16}},"21":{"start":{"line":47,"column":36},"end":{"line":60,"column":1}},"22":{"start":{"line":48,"column":2},"end":{"line":59,"column":3}},"23":{"start":{"line":49,"column":18},"end":{"line":49,"column":47}},"24":{"start":{"line":50,"column":16},"end":{"line":54,"column":5}},"25":{"start":{"line":55,"column":4},"end":{"line":55,"column":20}},"26":{"start":{"line":57,"column":4},"end":{"line":57,"column":68}},"27":{"start":{"line":58,"column":4},"end":{"line":58,"column":16}}},"fnMap":{"0":{"name":"(anonymous_0)","decl":{"start":{"line":5,"column":27},"end":{"line":5,"column":28}},"loc":{"start":{"line":5,"column":45},"end":{"line":16,"column":1}},"line":5},"1":{"name":"(anonymous_1)","decl":{"start":{"line":19,"column":33},"end":{"line":19,"column":34}},"loc":{"start":{"line":19,"column":61},"end":{"line":30,"column":1}},"line":19},"2":{"name":"(anonymous_2)","decl":{"start":{"line":33,"column":35},"end":{"line":33,"column":36}},"loc":{"start":{"line":33,"column":63},"end":{"line":44,"column":1}},"line":33},"3":{"name":"(anonymous_3)","decl":{"start":{"line":47,"column":36},"end":{"line":47,"column":37}},"loc":{"start":{"line":47,"column":66},"end":{"line":60,"column":1}},"line":47}},"branchMap":{},"s":{"0":1,"1":0,"2":0,"3":0,"4":0,"5":0,"6":0,"7":1,"8":0,"9":0,"10":0,"11":0,"12":0,"13":0,"14":1,"15":0,"16":0,"17":0,"18":0,"19":0,"20":0,"21":1,"22":0,"23":0,"24":0,"25":0,"26":0,"27":0},"f":{"0":0,"1":0,"2":0,"3":0},"b":{},"_coverageSchema":"1a1c01bbd47fc00a2c39e90264f33305004495a9","hash":"062f2cdbf7c171a00a2556bd051863e21bd7492d"}
}
