TN:
SF:src\App.jsx
FN:14,App
FNF:1
FNH:1
FNDA:1,App
DA:15,1
LF:1
LH:1
BRF:0
BRH:0
end_of_record
TN:
SF:src\Admin\AdminLayout.jsx
FN:16,AdminLayout
FN:23,(anonymous_1)
FN:23,(anonymous_2)
FN:28,(anonymous_3)
FNF:4
FNH:4
FNDA:4,AdminLayout
FNDA:1,(anonymous_1)
FNDA:1,(anonymous_2)
FNDA:1,(anonymous_3)
DA:17,4
DA:19,4
DA:23,1
DA:28,1
LF:4
LH:4
BRDA:34,0,0,1
BRDA:34,0,1,3
BRF:2
BRH:2
end_of_record
TN:
SF:src\Admin\components\GestNovedades\NovedadDetalle.jsx
FN:7,NovedadDetalle
FN:12,(anonymous_1)
FN:13,(anonymous_2)
FN:51,(anonymous_3)
FNF:4
FNH:4
FNDA:6,NovedadDetalle
FNDA:4,(anonymous_1)
FNDA:4,(anonymous_2)
FNDA:1,(anonymous_3)
DA:8,6
DA:9,6
DA:10,6
DA:12,6
DA:13,4
DA:14,4
DA:15,4
DA:16,2
DA:18,1
DA:21,4
DA:24,6
DA:25,4
DA:32,2
DA:37,2
DA:51,1
LF:15
LH:15
BRDA:24,0,0,4
BRDA:24,0,1,2
BRF:2
BRH:2
end_of_record
TN:
SF:src\Admin\components\GestOpcio\MedicamentosTable.jsx
FN:7,MedicamentosTable
FN:31,(anonymous_1)
FN:41,(anonymous_2)
FN:47,(anonymous_3)
FNF:4
FNH:0
FNDA:0,MedicamentosTable
FNDA:0,(anonymous_1)
FNDA:0,(anonymous_2)
FNDA:0,(anonymous_3)
DA:8,0
DA:32,0
DA:41,0
DA:47,0
LF:4
LH:0
BRDA:56,0,0,0
BRDA:56,0,1,0
BRF:2
BRH:0
end_of_record
TN:
SF:src\Admin\components\GestOpcio\TerapiasTable.jsx
FN:8,TerapiasTable
FN:31,(anonymous_1)
FN:40,(anonymous_2)
FN:46,(anonymous_3)
FNF:4
FNH:0
FNDA:0,TerapiasTable
FNDA:0,(anonymous_1)
FNDA:0,(anonymous_2)
FNDA:0,(anonymous_3)
DA:9,0
DA:32,0
DA:40,0
DA:46,0
LF:4
LH:0
BRDA:55,0,0,0
BRDA:55,0,1,0
BRF:2
BRH:0
end_of_record
TN:
SF:src\Admin\components\GestUsuarios\UsuaDetails.jsx
FN:18,UsuaDetails
FN:21,(anonymous_1)
FN:60,(anonymous_2)
FN:69,(anonymous_3)
FN:76,(anonymous_4)
FN:83,(anonymous_5)
FN:91,(anonymous_6)
FN:99,(anonymous_7)
FN:109,(anonymous_8)
FN:115,(anonymous_9)
FN:122,(anonymous_10)
FN:129,(anonymous_11)
FN:130,(anonymous_12)
FN:140,(anonymous_13)
FN:146,(anonymous_14)
FN:154,(anonymous_15)
FNF:16
FNH:0
FNDA:0,UsuaDetails
FNDA:0,(anonymous_1)
FNDA:0,(anonymous_2)
FNDA:0,(anonymous_3)
FNDA:0,(anonymous_4)
FNDA:0,(anonymous_5)
FNDA:0,(anonymous_6)
FNDA:0,(anonymous_7)
FNDA:0,(anonymous_8)
FNDA:0,(anonymous_9)
FNDA:0,(anonymous_10)
FNDA:0,(anonymous_11)
FNDA:0,(anonymous_12)
FNDA:0,(anonymous_13)
FNDA:0,(anonymous_14)
FNDA:0,(anonymous_15)
DA:19,0
DA:21,0
DA:22,0
DA:23,0
DA:26,0
DA:60,0
DA:69,0
DA:76,0
DA:83,0
DA:91,0
DA:99,0
DA:109,0
DA:115,0
DA:122,0
DA:129,0
DA:132,0
DA:133,0
DA:140,0
DA:146,0
DA:154,0
LF:20
LH:0
BRDA:47,0,0,0
BRDA:47,0,1,0
BRDA:58,1,0,0
BRDA:58,1,1,0
BRDA:89,2,0,0
BRDA:89,2,1,0
BRF:6
BRH:0
end_of_record
TN:
SF:src\Admin\components\GestUsuarios\UsuaTable.jsx
FN:3,UsuaTable
FN:19,(anonymous_1)
FN:28,(anonymous_2)
FNF:3
FNH:0
FNDA:0,UsuaTable
FNDA:0,(anonymous_1)
FNDA:0,(anonymous_2)
DA:4,0
DA:6,0
DA:20,0
DA:28,0
LF:4
LH:0
BRDA:3,0,0,0
BRDA:3,1,0,0
BRDA:3,2,0,0
BRDA:4,3,0,0
BRDA:4,3,1,0
BRDA:35,4,0,0
BRDA:35,4,1,0
BRF:7
BRH:0
end_of_record
TN:
SF:src\Admin\components\Menu\MenuItem.jsx
FN:3,MenuItem
FNF:1
FNH:0
FNDA:0,MenuItem
DA:4,0
LF:1
LH:0
BRDA:7,0,0,0
BRDA:7,0,1,0
BRDA:11,1,0,0
BRDA:11,1,1,0
BRF:4
BRH:0
end_of_record
TN:
SF:src\Admin\components\Menu\Sidebar.jsx
FN:11,Sidebar
FN:11,(anonymous_1)
FN:16,(anonymous_2)
FN:56,(anonymous_3)
FN:74,(anonymous_4)
FN:75,(anonymous_5)
FN:77,(anonymous_6)
FNF:7
FNH:0
FNDA:0,Sidebar
FNDA:0,(anonymous_1)
FNDA:0,(anonymous_2)
FNDA:0,(anonymous_3)
FNDA:0,(anonymous_4)
FNDA:0,(anonymous_5)
FNDA:0,(anonymous_6)
DA:12,0
DA:13,0
DA:16,0
DA:17,0
DA:21,0
DA:27,0
DA:57,0
DA:74,0
DA:75,0
DA:78,0
LF:10
LH:0
BRDA:11,0,0,0
BRDA:11,1,0,0
BRDA:31,2,0,0
BRDA:31,2,1,0
BRDA:41,3,0,0
BRDA:41,3,1,0
BRDA:73,4,0,0
BRDA:73,4,1,0
BRF:8
BRH:0
end_of_record
TN:
SF:src\Admin\components\Navbar\FaqButton.jsx
FN:5,FaqButton
FNF:1
FNH:0
FNDA:0,FaqButton
DA:6,0
LF:1
LH:0
BRF:0
BRH:0
end_of_record
TN:
SF:src\Admin\components\Navbar\Logo.jsx
FN:4,Logo
FNF:1
FNH:0
FNDA:0,Logo
DA:5,0
LF:1
LH:0
BRDA:4,0,0,0
BRF:1
BRH:0
end_of_record
TN:
SF:src\Admin\components\Navbar\Navbar.jsx
FN:8,Navbar
FNF:1
FNH:0
FNDA:0,Navbar
DA:9,0
LF:1
LH:0
BRF:0
BRH:0
end_of_record
TN:
SF:src\Admin\components\Navbar\NotificationsButton.jsx
FN:9,NotificationsButton
FN:35,(anonymous_1)
FN:36,handleOutside
FN:40,(anonymous_3)
FN:43,handleDelete
FN:44,(anonymous_5)
FN:44,(anonymous_6)
FN:47,handleClearAll
FN:55,(anonymous_8)
FN:55,(anonymous_9)
FN:78,(anonymous_10)
FN:93,(anonymous_11)
FN:106,(anonymous_12)
FN:108,(anonymous_13)
FN:109,(anonymous_14)
FN:148,(anonymous_15)
FN:163,(anonymous_16)
FN:176,(anonymous_17)
FN:178,(anonymous_18)
FN:179,(anonymous_19)
FNF:20
FNH:0
FNDA:0,NotificationsButton
FNDA:0,(anonymous_1)
FNDA:0,handleOutside
FNDA:0,(anonymous_3)
FNDA:0,handleDelete
FNDA:0,(anonymous_5)
FNDA:0,(anonymous_6)
FNDA:0,handleClearAll
FNDA:0,(anonymous_8)
FNDA:0,(anonymous_9)
FNDA:0,(anonymous_10)
FNDA:0,(anonymous_11)
FNDA:0,(anonymous_12)
FNDA:0,(anonymous_13)
FNDA:0,(anonymous_14)
FNDA:0,(anonymous_15)
FNDA:0,(anonymous_16)
FNDA:0,(anonymous_17)
FNDA:0,(anonymous_18)
FNDA:0,(anonymous_19)
DA:10,0
DA:11,0
DA:32,0
DA:33,0
DA:35,0
DA:37,0
DA:39,0
DA:40,0
DA:44,0
DA:48,0
DA:51,0
DA:55,0
DA:78,0
DA:94,0
DA:106,0
DA:108,0
DA:109,0
DA:148,0
DA:164,0
DA:176,0
DA:178,0
DA:179,0
LF:22
LH:0
BRDA:37,0,0,0
BRDA:37,0,1,0
BRDA:37,1,0,0
BRDA:37,1,1,0
BRDA:62,2,0,0
BRDA:62,2,1,0
BRDA:69,3,0,0
BRDA:69,3,1,0
BRDA:88,4,0,0
BRDA:88,4,1,0
BRDA:114,5,0,0
BRDA:114,5,1,0
BRDA:129,6,0,0
BRDA:129,6,1,0
BRDA:158,7,0,0
BRDA:158,7,1,0
BRDA:184,8,0,0
BRDA:184,8,1,0
BRDA:199,9,0,0
BRDA:199,9,1,0
BRF:20
BRH:0
end_of_record
TN:
SF:src\Admin\components\Navbar\ProfileButton.jsx
FN:5,ProfileButtonPaciente
FN:10,(anonymous_1)
FN:16,(anonymous_2)
FN:17,(anonymous_3)
FN:24,(anonymous_4)
FN:33,(anonymous_5)
FN:33,(anonymous_6)
FN:44,(anonymous_7)
FNF:8
FNH:0
FNDA:0,ProfileButtonPaciente
FNDA:0,(anonymous_1)
FNDA:0,(anonymous_2)
FNDA:0,(anonymous_3)
FNDA:0,(anonymous_4)
FNDA:0,(anonymous_5)
FNDA:0,(anonymous_6)
FNDA:0,(anonymous_7)
DA:6,0
DA:7,0
DA:8,0
DA:10,0
DA:11,0
DA:12,0
DA:13,0
DA:16,0
DA:17,0
DA:18,0
DA:19,0
DA:23,0
DA:24,0
DA:25,0
DA:29,0
DA:33,0
DA:44,0
LF:17
LH:0
BRDA:18,0,0,0
BRDA:18,0,1,0
BRDA:18,1,0,0
BRDA:18,1,1,0
BRDA:40,2,0,0
BRDA:40,2,1,0
BRF:6
BRH:0
end_of_record
TN:
SF:src\Admin\components\Navbar\SettingsButton.jsx
FN:5,SettingsButton
FNF:1
FNH:0
FNDA:0,SettingsButton
DA:6,0
LF:1
LH:0
BRF:0
BRH:0
end_of_record
TN:
SF:src\Admin\components\UI\AddNovedadModal.jsx
FN:4,AddNovedadModal
FN:15,(anonymous_1)
FN:22,(anonymous_2)
FN:81,(anonymous_3)
FN:95,(anonymous_4)
FNF:5
FNH:0
FNDA:0,AddNovedadModal
FNDA:0,(anonymous_1)
FNDA:0,(anonymous_2)
FNDA:0,(anonymous_3)
FNDA:0,(anonymous_4)
DA:5,0
DA:6,0
DA:7,0
DA:8,0
DA:9,0
DA:12,0
DA:15,0
DA:16,0
DA:17,0
DA:18,0
DA:22,0
DA:23,0
DA:25,0
DA:26,0
DA:27,0
DA:30,0
DA:31,0
DA:32,0
DA:35,0
DA:37,0
DA:39,0
DA:40,0
DA:41,0
DA:42,0
DA:43,0
DA:46,0
DA:48,0
DA:49,0
DA:50,0
DA:52,0
DA:53,0
DA:54,0
DA:55,0
DA:56,0
DA:58,0
DA:61,0
DA:65,0
DA:81,0
DA:95,0
LF:39
LH:0
BRDA:18,0,0,0
BRDA:18,0,1,0
BRDA:25,1,0,0
BRDA:25,1,1,0
BRDA:25,2,0,0
BRDA:25,2,1,0
BRDA:30,3,0,0
BRDA:30,3,1,0
BRDA:43,4,0,0
BRDA:43,4,1,0
BRDA:52,5,0,0
BRDA:52,5,1,0
BRDA:53,6,0,0
BRDA:53,6,1,0
BRDA:55,7,0,0
BRDA:55,7,1,0
BRDA:111,8,0,0
BRDA:111,8,1,0
BRDA:134,9,0,0
BRDA:134,9,1,0
BRF:20
BRH:0
end_of_record
TN:
SF:src\Admin\components\UI\AgendarCitaModal.jsx
FN:4,AgendarCitaModal
FN:11,(anonymous_1)
FN:22,(anonymous_2)
FN:23,(anonymous_3)
FN:24,(anonymous_4)
FNF:5
FNH:0
FNDA:0,AgendarCitaModal
FNDA:0,(anonymous_1)
FNDA:0,(anonymous_2)
FNDA:0,(anonymous_3)
FNDA:0,(anonymous_4)
DA:5,0
DA:6,0
DA:7,0
DA:9,0
DA:11,0
DA:12,0
DA:13,0
DA:16,0
DA:22,0
DA:23,0
DA:24,0
LF:11
LH:0
BRDA:9,0,0,0
BRDA:9,0,1,0
BRF:2
BRH:0
end_of_record
TN:
SF:src\Admin\components\UI\Breadcrumb.jsx
FN:3,Breadcrumb
FN:7,(anonymous_1)
FNF:2
FNH:2
FNDA:2,Breadcrumb
FNDA:4,(anonymous_1)
DA:4,2
DA:8,4
LF:2
LH:2
BRDA:9,0,0,4
BRDA:9,0,1,2
BRDA:10,1,0,2
BRDA:10,1,1,2
BRF:4
BRH:4
end_of_record
TN:
SF:src\Admin\components\UI\CambiarRolModal.jsx
FN:5,CambiarRolModal
FN:11,(anonymous_1)
FN:54,(anonymous_2)
FNF:3
FNH:0
FNDA:0,CambiarRolModal
FNDA:0,(anonymous_1)
FNDA:0,(anonymous_2)
DA:6,0
DA:7,0
DA:9,0
DA:11,0
DA:12,0
DA:13,0
DA:16,0
DA:23,0
DA:28,0
DA:30,0
DA:31,0
DA:32,0
DA:34,0
DA:35,0
DA:40,0
DA:44,0
DA:54,0
LF:17
LH:0
BRDA:6,0,0,0
BRDA:6,0,1,0
BRDA:9,1,0,0
BRDA:9,1,1,0
BRDA:9,2,0,0
BRDA:9,2,1,0
BRDA:24,3,0,0
BRDA:24,3,1,0
BRDA:31,4,0,0
BRDA:31,4,1,0
BRDA:36,5,0,0
BRDA:36,5,1,0
BRDA:74,6,0,0
BRDA:74,6,1,0
BRF:14
BRH:0
end_of_record
TN:
SF:src\Admin\components\UI\DeleteNovedadModal.jsx
FN:4,DeleteNovedadModal
FN:8,(anonymous_1)
FNF:2
FNH:0
FNDA:0,DeleteNovedadModal
FNDA:0,(anonymous_1)
DA:5,0
DA:6,0
DA:8,0
DA:9,0
DA:10,0
DA:11,0
DA:12,0
DA:13,0
DA:14,0
DA:16,0
DA:17,0
DA:19,0
DA:23,0
LF:13
LH:0
BRDA:13,0,0,0
BRDA:13,0,1,0
BRDA:31,1,0,0
BRDA:31,1,1,0
BRDA:44,2,0,0
BRDA:44,2,1,0
BRDA:48,3,0,0
BRDA:48,3,1,0
BRF:8
BRH:0
end_of_record
TN:
SF:src\Admin\components\UI\DeshabilitarCuentaModal.jsx
FN:5,DeshabilitarCuentaModal
FN:8,(anonymous_1)
FNF:2
FNH:0
FNDA:0,DeshabilitarCuentaModal
FNDA:0,(anonymous_1)
DA:6,0
DA:8,0
DA:9,0
DA:10,0
DA:11,0
DA:12,0
DA:14,0
DA:15,0
DA:19,0
LF:9
LH:0
BRDA:6,0,0,0
BRDA:6,0,1,0
BRF:2
BRH:0
end_of_record
TN:
SF:src\Admin\components\UI\EditNovedadModal.jsx
FN:4,EditNovedadModal
FN:13,(anonymous_1)
FN:24,(anonymous_2)
FN:26,(anonymous_3)
FN:29,(anonymous_4)
FN:31,(anonymous_5)
FN:34,(anonymous_6)
FNF:7
FNH:0
FNDA:0,EditNovedadModal
FNDA:0,(anonymous_1)
FNDA:0,(anonymous_2)
FNDA:0,(anonymous_3)
FNDA:0,(anonymous_4)
FNDA:0,(anonymous_5)
FNDA:0,(anonymous_6)
DA:5,0
DA:11,0
DA:13,0
DA:14,0
DA:15,0
DA:24,0
DA:25,0
DA:26,0
DA:29,0
DA:30,0
DA:31,0
DA:34,0
DA:35,0
DA:36,0
DA:38,0
DA:39,0
DA:40,0
DA:41,0
DA:42,0
DA:43,0
DA:44,0
DA:45,0
DA:48,0
DA:49,0
DA:50,0
DA:51,0
DA:53,0
DA:54,0
DA:56,0
DA:60,0
DA:62,0
LF:31
LH:0
BRDA:14,0,0,0
BRDA:14,0,1,0
BRDA:17,1,0,0
BRDA:17,1,1,0
BRDA:18,2,0,0
BRDA:18,2,1,0
BRDA:19,3,0,0
BRDA:19,3,1,0
BRDA:31,4,0,0
BRDA:31,4,1,0
BRDA:36,5,0,0
BRDA:36,5,1,0
BRDA:44,6,0,0
BRDA:44,6,1,0
BRDA:60,7,0,0
BRDA:60,7,1,0
BRDA:100,8,0,0
BRDA:100,8,1,0
BRDA:100,8,2,0
BRDA:122,9,0,0
BRDA:122,9,1,0
BRF:21
BRH:0
end_of_record
TN:
SF:src\Admin\components\UI\HistorialModal.jsx
FN:3,HistorialModal
FN:13,(anonymous_1)
FNF:2
FNH:0
FNDA:0,HistorialModal
FNDA:0,(anonymous_1)
DA:4,0
DA:6,0
DA:14,0
LF:3
LH:0
BRDA:3,0,0,0
BRDA:4,1,0,0
BRDA:4,1,1,0
BRDA:12,2,0,0
BRDA:12,2,1,0
BRF:5
BRH:0
end_of_record
TN:
SF:src\Admin\components\UI\ModalOpciones.jsx
FN:4,ModalOpciones
FN:7,(anonymous_1)
FN:11,(anonymous_2)
FN:15,(anonymous_3)
FN:25,(anonymous_4)
FN:48,(anonymous_5)
FN:49,(anonymous_6)
FN:50,(anonymous_7)
FN:51,(anonymous_8)
FN:52,(anonymous_9)
FN:56,(anonymous_10)
FN:57,(anonymous_11)
FN:58,(anonymous_12)
FN:59,(anonymous_13)
FNF:14
FNH:0
FNDA:0,ModalOpciones
FNDA:0,(anonymous_1)
FNDA:0,(anonymous_2)
FNDA:0,(anonymous_3)
FNDA:0,(anonymous_4)
FNDA:0,(anonymous_5)
FNDA:0,(anonymous_6)
FNDA:0,(anonymous_7)
FNDA:0,(anonymous_8)
FNDA:0,(anonymous_9)
FNDA:0,(anonymous_10)
FNDA:0,(anonymous_11)
FNDA:0,(anonymous_12)
FNDA:0,(anonymous_13)
DA:5,0
DA:7,0
DA:8,0
DA:11,0
DA:12,0
DA:15,0
DA:16,0
DA:17,0
DA:18,0
DA:19,0
DA:20,0
DA:22,0
DA:25,0
DA:26,0
DA:27,0
DA:28,0
DA:31,0
DA:48,0
DA:49,0
DA:50,0
DA:51,0
DA:52,0
DA:56,0
DA:57,0
DA:58,0
DA:59,0
LF:26
LH:0
BRDA:4,0,0,0
BRDA:8,1,0,0
BRDA:8,1,1,0
BRDA:17,2,0,0
BRDA:17,2,1,0
BRDA:18,3,0,0
BRDA:18,3,1,0
BRDA:19,4,0,0
BRDA:19,4,1,0
BRDA:20,5,0,0
BRDA:20,5,1,0
BRDA:26,6,0,0
BRDA:26,6,1,0
BRDA:27,7,0,0
BRDA:27,7,1,0
BRDA:35,8,0,0
BRDA:35,8,1,0
BRDA:36,9,0,0
BRDA:36,9,1,0
BRDA:37,10,0,0
BRDA:37,10,1,0
BRDA:38,11,0,0
BRDA:38,11,1,0
BRDA:39,12,0,0
BRDA:39,12,1,0
BRDA:42,13,0,0
BRDA:42,13,1,0
BRDA:44,14,0,0
BRDA:44,14,1,0
BRDA:46,15,0,0
BRDA:46,15,1,0
BRDA:48,16,0,0
BRDA:48,16,1,0
BRDA:49,17,0,0
BRDA:49,17,1,0
BRDA:50,18,0,0
BRDA:50,18,1,0
BRDA:51,19,0,0
BRDA:51,19,1,0
BRDA:52,20,0,0
BRDA:52,20,1,0
BRDA:56,21,0,0
BRDA:56,21,1,0
BRDA:57,22,0,0
BRDA:57,22,1,0
BRDA:58,23,0,0
BRDA:58,23,1,0
BRDA:59,24,0,0
BRDA:59,24,1,0
BRDA:65,25,0,0
BRDA:65,25,1,0
BRF:51
BRH:0
end_of_record
TN:
SF:src\Admin\components\UI\ModificarCitaModal.jsx
FN:3,ModificarCitaModal
FN:11,(anonymous_1)
FN:45,(anonymous_2)
FN:55,(anonymous_3)
FN:66,(anonymous_4)
FN:77,(anonymous_5)
FNF:6
FNH:0
FNDA:0,ModificarCitaModal
FNDA:0,(anonymous_1)
FNDA:0,(anonymous_2)
FNDA:0,(anonymous_3)
FNDA:0,(anonymous_4)
FNDA:0,(anonymous_5)
DA:4,0
DA:5,0
DA:6,0
DA:7,0
DA:9,0
DA:11,0
DA:12,0
DA:13,0
DA:14,0
DA:16,0
DA:23,0
DA:26,0
DA:45,0
DA:55,0
DA:66,0
DA:77,0
LF:16
LH:0
BRDA:4,0,0,0
BRDA:4,0,1,0
BRDA:5,1,0,0
BRDA:5,1,1,0
BRDA:6,2,0,0
BRDA:6,2,1,0
BRDA:7,3,0,0
BRDA:7,3,1,0
BRDA:9,4,0,0
BRDA:9,4,1,0
BRDA:12,5,0,0
BRDA:12,5,1,0
BRDA:12,6,0,0
BRDA:12,6,1,0
BRDA:12,6,2,0
BRF:15
BRH:0
end_of_record
TN:
SF:src\Admin\components\UI\ModificarDatosModal.jsx
FN:5,ModificarDatosModal
FN:13,(anonymous_1)
FN:56,(anonymous_2)
FN:63,(anonymous_3)
FN:70,(anonymous_4)
FNF:5
FNH:0
FNDA:0,ModificarDatosModal
FNDA:0,(anonymous_1)
FNDA:0,(anonymous_2)
FNDA:0,(anonymous_3)
FNDA:0,(anonymous_4)
DA:6,0
DA:7,0
DA:8,0
DA:9,0
DA:11,0
DA:13,0
DA:14,0
DA:15,0
DA:17,0
DA:18,0
DA:19,0
DA:23,0
DA:25,0
DA:26,0
DA:28,0
DA:30,0
DA:31,0
DA:33,0
DA:34,0
DA:39,0
DA:43,0
DA:56,0
DA:63,0
DA:70,0
LF:24
LH:0
BRDA:6,0,0,0
BRDA:6,0,1,0
BRDA:7,1,0,0
BRDA:7,1,1,0
BRDA:8,2,0,0
BRDA:8,2,1,0
BRDA:11,3,0,0
BRDA:11,3,1,0
BRDA:11,4,0,0
BRDA:11,4,1,0
BRDA:17,5,0,0
BRDA:17,5,1,0
BRDA:17,6,0,0
BRDA:17,6,1,0
BRDA:17,6,2,0
BRDA:23,7,0,0
BRDA:23,7,1,0
BRDA:30,8,0,0
BRDA:30,8,1,0
BRDA:35,9,0,0
BRDA:35,9,1,0
BRDA:87,10,0,0
BRDA:87,10,1,0
BRF:23
BRH:0
end_of_record
TN:
SF:src\Admin\components\UI\NovedadCard.jsx
FN:6,NovedadCard
FN:47,(anonymous_1)
FN:55,(anonymous_2)
FNF:3
FNH:0
FNDA:0,NovedadCard
FNDA:0,(anonymous_1)
FNDA:0,(anonymous_2)
DA:9,0
DA:13,0
DA:47,0
DA:55,0
LF:4
LH:0
BRDA:9,0,0,0
BRDA:9,0,1,0
BRDA:11,1,0,0
BRDA:11,1,1,0
BRDA:21,2,0,0
BRDA:21,2,1,0
BRF:6
BRH:0
end_of_record
TN:
SF:src\Admin\components\UI\PrivacyToggle.jsx
FN:4,PrivacyToggle
FN:12,(anonymous_1)
FNF:2
FNH:0
FNDA:0,PrivacyToggle
FNDA:0,(anonymous_1)
DA:5,0
DA:7,0
DA:12,0
LF:3
LH:0
BRDA:4,0,0,0
BRF:1
BRH:0
end_of_record
TN:
SF:src\Admin\components\UI\ReportErrorModal.jsx
FN:4,ReportErrorModal
FN:11,(anonymous_1)
FN:29,(anonymous_2)
FN:43,(anonymous_3)
FNF:4
FNH:0
FNDA:0,ReportErrorModal
FNDA:0,(anonymous_1)
FNDA:0,(anonymous_2)
FNDA:0,(anonymous_3)
DA:5,0
DA:6,0
DA:9,0
DA:11,0
DA:12,0
DA:13,0
DA:14,0
DA:16,0
DA:19,0
DA:29,0
DA:43,0
LF:11
LH:0
BRDA:9,0,0,0
BRDA:9,0,1,0
BRF:2
BRH:0
end_of_record
TN:
SF:src\Admin\components\UI\ThemeToggle.jsx
FN:4,ThemeToggle
FN:5,(anonymous_1)
FN:9,(anonymous_2)
FN:22,(anonymous_3)
FNF:4
FNH:0
FNDA:0,ThemeToggle
FNDA:0,(anonymous_1)
FNDA:0,(anonymous_2)
FNDA:0,(anonymous_3)
DA:5,0
DA:6,0
DA:9,0
DA:10,0
DA:11,0
DA:12,0
DA:14,0
DA:15,0
DA:19,0
DA:22,0
LF:10
LH:0
BRDA:10,0,0,0
BRDA:10,0,1,0
BRF:2
BRH:0
end_of_record
TN:
SF:src\Admin\components\UI\ToggleSwitch.jsx
FN:3,ToggleSwitch
FNF:1
FNH:0
FNDA:0,ToggleSwitch
DA:4,0
LF:1
LH:0
BRDA:8,0,0,0
BRDA:8,0,1,0
BRDA:13,1,0,0
BRDA:13,1,1,0
BRF:4
BRH:0
end_of_record
TN:
SF:src\Admin\components\UI\TratamientosModal.jsx
FN:3,TratamientosModal
FN:13,(anonymous_1)
FNF:2
FNH:0
FNDA:0,TratamientosModal
FNDA:0,(anonymous_1)
DA:4,0
DA:6,0
DA:14,0
LF:3
LH:0
BRDA:3,0,0,0
BRDA:4,1,0,0
BRDA:4,1,1,0
BRDA:12,2,0,0
BRDA:12,2,1,0
BRF:5
BRH:0
end_of_record
TN:
SF:src\Admin\pages\ConfigCont.jsx
FN:7,ConfiguracionCont
FN:17,(anonymous_1)
FN:23,(anonymous_2)
FN:26,(anonymous_3)
FN:49,(anonymous_4)
FN:57,(anonymous_5)
FN:78,(anonymous_6)
FNF:7
FNH:0
FNDA:0,ConfiguracionCont
FNDA:0,(anonymous_1)
FNDA:0,(anonymous_2)
FNDA:0,(anonymous_3)
FNDA:0,(anonymous_4)
FNDA:0,(anonymous_5)
FNDA:0,(anonymous_6)
DA:8,0
DA:10,0
DA:15,0
DA:17,0
DA:18,0
DA:19,0
DA:20,0
DA:23,0
DA:25,0
DA:26,0
DA:28,0
DA:32,0
DA:50,0
DA:57,0
DA:78,0
LF:15
LH:0
BRDA:53,0,0,0
BRDA:53,0,1,0
BRDA:65,1,0,0
BRDA:65,1,1,0
BRDA:98,2,0,0
BRDA:98,2,1,0
BRDA:110,3,0,0
BRDA:110,3,1,0
BRDA:122,4,0,0
BRDA:122,4,1,0
BRF:10
BRH:0
end_of_record
TN:
SF:src\Admin\pages\EditarPerfilCont.jsx
FN:7,EditarPerfilCont
FN:25,(anonymous_1)
FN:26,(anonymous_2)
FN:43,(anonymous_3)
FN:59,(anonymous_4)
FN:63,(anonymous_5)
FN:65,(anonymous_6)
FN:68,(anonymous_7)
FN:71,(anonymous_8)
FNF:9
FNH:0
FNDA:0,EditarPerfilCont
FNDA:0,(anonymous_1)
FNDA:0,(anonymous_2)
FNDA:0,(anonymous_3)
FNDA:0,(anonymous_4)
FNDA:0,(anonymous_5)
FNDA:0,(anonymous_6)
FNDA:0,(anonymous_7)
FNDA:0,(anonymous_8)
DA:8,0
DA:9,0
DA:11,0
DA:17,0
DA:25,0
DA:26,0
DA:27,0
DA:28,0
DA:29,0
DA:36,0
DA:37,0
DA:40,0
DA:43,0
DA:44,0
DA:45,0
DA:51,0
DA:52,0
DA:54,0
DA:55,0
DA:59,0
DA:60,0
DA:63,0
DA:64,0
DA:65,0
DA:68,0
DA:70,0
DA:71,0
DA:73,0
DA:77,0
LF:29
LH:0
BRDA:30,0,0,0
BRDA:30,0,1,0
BRDA:31,1,0,0
BRDA:31,1,1,0
BRDA:32,2,0,0
BRDA:32,2,1,0
BRDA:33,3,0,0
BRDA:33,3,1,0
BRF:8
BRH:0
end_of_record
TN:
SF:src\Admin\pages\FaqCont.jsx
FN:5,FaqCont
FN:13,(anonymous_1)
FN:16,(anonymous_2)
FN:75,(anonymous_3)
FN:82,(anonymous_4)
FNF:5
FNH:0
FNDA:0,FaqCont
FNDA:0,(anonymous_1)
FNDA:0,(anonymous_2)
FNDA:0,(anonymous_3)
FNDA:0,(anonymous_4)
DA:6,0
DA:11,0
DA:13,0
DA:15,0
DA:16,0
DA:18,0
DA:22,0
DA:75,0
DA:82,0
LF:9
LH:0
BRF:0
BRH:0
end_of_record
TN:
SF:src\Admin\pages\GestNovedCont.jsx
FN:17,GestNovedCont
FN:42,(anonymous_1)
FN:47,(anonymous_2)
FN:57,(anonymous_3)
FN:62,(anonymous_4)
FN:85,(anonymous_5)
FN:86,(anonymous_6)
FN:93,(anonymous_7)
FN:98,(anonymous_8)
FN:112,(anonymous_9)
FN:114,(anonymous_10)
FN:127,(anonymous_11)
FN:137,(anonymous_12)
FN:141,(anonymous_13)
FN:142,(anonymous_14)
FN:156,(anonymous_15)
FN:162,(anonymous_16)
FN:170,(anonymous_17)
FN:182,(anonymous_18)
FN:195,(anonymous_19)
FN:198,(anonymous_20)
FN:206,(anonymous_21)
FN:214,(anonymous_22)
FNF:23
FNH:0
FNDA:0,GestNovedCont
FNDA:0,(anonymous_1)
FNDA:0,(anonymous_2)
FNDA:0,(anonymous_3)
FNDA:0,(anonymous_4)
FNDA:0,(anonymous_5)
FNDA:0,(anonymous_6)
FNDA:0,(anonymous_7)
FNDA:0,(anonymous_8)
FNDA:0,(anonymous_9)
FNDA:0,(anonymous_10)
FNDA:0,(anonymous_11)
FNDA:0,(anonymous_12)
FNDA:0,(anonymous_13)
FNDA:0,(anonymous_14)
FNDA:0,(anonymous_15)
FNDA:0,(anonymous_16)
FNDA:0,(anonymous_17)
FNDA:0,(anonymous_18)
FNDA:0,(anonymous_19)
FNDA:0,(anonymous_20)
FNDA:0,(anonymous_21)
FNDA:0,(anonymous_22)
DA:18,0
DA:20,0
DA:21,0
DA:22,0
DA:23,0
DA:24,0
DA:25,0
DA:27,0
DA:34,0
DA:35,0
DA:36,0
DA:38,0
DA:39,0
DA:40,0
DA:42,0
DA:43,0
DA:47,0
DA:48,0
DA:49,0
DA:50,0
DA:52,0
DA:53,0
DA:57,0
DA:58,0
DA:62,0
DA:63,0
DA:64,0
DA:65,0
DA:66,0
DA:67,0
DA:68,0
DA:69,0
DA:70,0
DA:73,0
DA:74,0
DA:75,0
DA:76,0
DA:77,0
DA:79,0
DA:80,0
DA:85,0
DA:86,0
DA:87,0
DA:88,0
DA:89,0
DA:93,0
DA:94,0
DA:95,0
DA:98,0
DA:99,0
DA:100,0
DA:101,0
DA:102,0
DA:103,0
DA:104,0
DA:106,0
DA:107,0
DA:112,0
DA:113,0
DA:114,0
DA:115,0
DA:119,0
DA:127,0
DA:138,0
DA:141,0
DA:142,0
DA:156,0
DA:163,0
DA:170,0
DA:182,0
DA:196,0
DA:198,0
DA:206,0
DA:214,0
LF:74
LH:0
BRDA:43,0,0,0
BRDA:43,0,1,0
BRDA:43,1,0,0
BRDA:43,1,1,0
BRDA:69,2,0,0
BRDA:69,2,1,0
BRDA:87,3,0,0
BRDA:87,3,1,0
BRDA:148,4,0,0
BRDA:148,4,1,0
BRDA:152,5,0,0
BRDA:152,5,1,0
BRDA:166,6,0,0
BRDA:166,6,1,0
BRDA:178,7,0,0
BRDA:178,7,1,0
BRDA:192,8,0,0
BRDA:192,8,1,0
BRDA:203,9,0,0
BRDA:203,9,1,0
BRDA:211,10,0,0
BRDA:211,10,1,0
BRF:22
BRH:0
end_of_record
TN:
SF:src\Admin\pages\GestOpcio.jsx
FN:18,GestOpcioCont
FN:31,(anonymous_1)
FN:37,(anonymous_2)
FN:42,(anonymous_3)
FN:45,(anonymous_4)
FN:51,(anonymous_5)
FN:59,(anonymous_6)
FN:61,(anonymous_7)
FN:63,(anonymous_8)
FN:67,(anonymous_9)
FN:70,(anonymous_10)
FN:85,(anonymous_11)
FN:85,(anonymous_12)
FN:85,(anonymous_13)
FN:87,(anonymous_14)
FN:87,(anonymous_15)
FN:87,(anonymous_16)
FNF:17
FNH:0
FNDA:0,GestOpcioCont
FNDA:0,(anonymous_1)
FNDA:0,(anonymous_2)
FNDA:0,(anonymous_3)
FNDA:0,(anonymous_4)
FNDA:0,(anonymous_5)
FNDA:0,(anonymous_6)
FNDA:0,(anonymous_7)
FNDA:0,(anonymous_8)
FNDA:0,(anonymous_9)
FNDA:0,(anonymous_10)
FNDA:0,(anonymous_11)
FNDA:0,(anonymous_12)
FNDA:0,(anonymous_13)
FNDA:0,(anonymous_14)
FNDA:0,(anonymous_15)
FNDA:0,(anonymous_16)
DA:9,1
DA:14,1
DA:19,0
DA:24,0
DA:25,0
DA:27,0
DA:28,0
DA:29,0
DA:31,0
DA:32,0
DA:33,0
DA:34,0
DA:37,0
DA:38,0
DA:39,0
DA:42,0
DA:43,0
DA:44,0
DA:45,0
DA:47,0
DA:50,0
DA:51,0
DA:53,0
DA:56,0
DA:59,0
DA:60,0
DA:61,0
DA:63,0
DA:67,0
DA:69,0
DA:70,0
DA:72,0
DA:76,0
DA:85,0
DA:87,0
LF:35
LH:2
BRDA:31,0,0,0
BRDA:43,1,0,0
BRDA:43,1,1,0
BRDA:44,2,0,0
BRDA:44,2,1,0
BRDA:45,3,0,0
BRDA:45,3,1,0
BRDA:50,4,0,0
BRDA:50,4,1,0
BRDA:51,5,0,0
BRDA:51,5,1,0
BRDA:60,6,0,0
BRDA:60,6,1,0
BRDA:90,7,0,0
BRDA:90,7,1,0
BRF:15
BRH:0
end_of_record
TN:
SF:src\Admin\pages\GestUsua.jsx
FN:7,GestUsua
FN:19,(anonymous_1)
FN:20,(anonymous_2)
FN:34,(anonymous_3)
FN:36,(anonymous_4)
FN:49,(anonymous_5)
FN:59,(anonymous_6)
FN:78,(anonymous_7)
FN:88,(anonymous_8)
FNF:9
FNH:0
FNDA:0,GestUsua
FNDA:0,(anonymous_1)
FNDA:0,(anonymous_2)
FNDA:0,(anonymous_3)
FNDA:0,(anonymous_4)
FNDA:0,(anonymous_5)
FNDA:0,(anonymous_6)
FNDA:0,(anonymous_7)
FNDA:0,(anonymous_8)
DA:8,0
DA:13,0
DA:14,0
DA:15,0
DA:16,0
DA:19,0
DA:20,0
DA:21,0
DA:22,0
DA:23,0
DA:24,0
DA:25,0
DA:27,0
DA:30,0
DA:34,0
DA:35,0
DA:36,0
DA:39,0
DA:49,0
DA:59,0
DA:78,0
DA:88,0
LF:22
LH:0
BRDA:51,0,0,0
BRDA:51,0,1,0
BRDA:61,1,0,0
BRDA:61,1,1,0
BRDA:85,2,0,0
BRDA:85,2,1,0
BRF:6
BRH:0
end_of_record
TN:
SF:src\Admin\pages\PerfilCont.jsx
FN:7,PerfilCont
FN:13,(anonymous_1)
FN:15,(anonymous_2)
FN:20,(anonymous_3)
FN:21,(anonymous_4)
FN:78,(anonymous_5)
FNF:6
FNH:0
FNDA:0,PerfilCont
FNDA:0,(anonymous_1)
FNDA:0,(anonymous_2)
FNDA:0,(anonymous_3)
FNDA:0,(anonymous_4)
FNDA:0,(anonymous_5)
DA:8,0
DA:9,0
DA:10,0
DA:13,0
DA:14,0
DA:15,0
DA:16,0
DA:20,0
DA:21,0
DA:22,0
DA:23,0
DA:24,0
DA:25,0
DA:26,0
DA:29,0
DA:30,0
DA:32,0
DA:34,0
DA:38,0
DA:41,0
DA:46,0
DA:47,0
DA:49,0
DA:78,0
LF:24
LH:0
BRDA:24,0,0,0
BRDA:24,0,1,0
BRDA:46,1,0,0
BRDA:46,1,1,0
BRDA:47,2,0,0
BRDA:47,2,1,0
BRDA:64,3,0,0
BRDA:64,3,1,0
BRDA:72,4,0,0
BRDA:72,4,1,0
BRDA:91,5,0,0
BRDA:91,5,1,0
BRDA:95,6,0,0
BRDA:95,6,1,0
BRDA:99,7,0,0
BRDA:99,7,1,0
BRDA:103,8,0,0
BRDA:103,8,1,0
BRF:18
BRH:0
end_of_record
TN:
SF:src\BienvenidaCorreo\Bienvenida.jsx
FN:7,BienvenidoMediconnect
FN:12,(anonymous_1)
FN:13,(anonymous_2)
FNF:3
FNH:0
FNDA:0,BienvenidoMediconnect
FNDA:0,(anonymous_1)
FNDA:0,(anonymous_2)
DA:8,0
DA:9,0
DA:12,0
DA:13,0
DA:14,0
DA:15,0
DA:16,0
DA:18,0
DA:21,0
DA:24,0
LF:10
LH:0
BRDA:33,0,0,0
BRDA:33,0,1,0
BRDA:40,1,0,0
BRDA:40,1,1,0
BRDA:106,2,0,0
BRDA:106,2,1,0
BRF:6
BRH:0
end_of_record
TN:
SF:src\InicioSesion\InicioSesion.jsx
FN:12,Login
FN:20,(anonymous_1)
FN:100,(anonymous_2)
FN:112,(anonymous_3)
FNF:4
FNH:0
FNDA:0,Login
FNDA:0,(anonymous_1)
FNDA:0,(anonymous_2)
FNDA:0,(anonymous_3)
DA:13,0
DA:14,0
DA:15,0
DA:16,0
DA:17,0
DA:18,0
DA:20,0
DA:21,0
DA:22,0
DA:24,0
DA:25,0
DA:26,0
DA:29,0
DA:30,0
DA:31,0
DA:34,0
DA:35,0
DA:36,0
DA:37,0
DA:38,0
DA:41,0
DA:42,0
DA:43,0
DA:44,0
DA:46,0
DA:47,0
DA:49,0
DA:50,0
DA:51,0
DA:53,0
DA:58,0
DA:100,0
DA:112,0
LF:33
LH:0
BRDA:24,0,0,0
BRDA:24,0,1,0
BRDA:41,1,0,0
BRDA:41,1,1,0
BRDA:42,2,0,0
BRDA:42,2,1,0
BRDA:43,3,0,0
BRDA:43,3,1,0
BRDA:49,4,0,0
BRDA:49,4,1,0
BRDA:119,5,0,0
BRDA:119,5,1,0
BRF:12
BRH:0
end_of_record
TN:
SF:src\InicioSesion\PrivateRoute.jsx
FN:4,PrivateRoute
FNF:1
FNH:0
FNDA:0,PrivateRoute
DA:5,0
DA:6,0
DA:9,0
DA:10,0
DA:14,0
DA:15,0
DA:20,0
LF:7
LH:0
BRDA:9,0,0,0
BRDA:9,0,1,0
BRDA:14,1,0,0
BRDA:14,1,1,0
BRDA:14,2,0,0
BRDA:14,2,1,0
BRF:6
BRH:0
end_of_record
TN:
SF:src\LandingPage\LandingPage.jsx
FN:6,Home
FN:50,(anonymous_1)
FN:50,(anonymous_2)
FN:74,(anonymous_3)
FN:81,(anonymous_4)
FNF:5
FNH:1
FNDA:1,Home
FNDA:0,(anonymous_1)
FNDA:0,(anonymous_2)
FNDA:0,(anonymous_3)
FNDA:0,(anonymous_4)
DA:7,1
DA:9,1
DA:50,0
DA:74,0
DA:81,0
LF:5
LH:2
BRDA:56,0,0,0
BRDA:56,0,1,1
BRDA:63,1,0,1
BRDA:63,1,1,0
BRF:4
BRH:2
end_of_record
TN:
SF:src\Medico\MedicoLayout.jsx
FN:15,MedicoLayout
FN:22,(anonymous_1)
FN:22,(anonymous_2)
FN:27,(anonymous_3)
FNF:4
FNH:0
FNDA:0,MedicoLayout
FNDA:0,(anonymous_1)
FNDA:0,(anonymous_2)
FNDA:0,(anonymous_3)
DA:16,0
DA:18,0
DA:22,0
DA:27,0
LF:4
LH:0
BRDA:33,0,0,0
BRDA:33,0,1,0
BRF:2
BRH:0
end_of_record
TN:
SF:src\Medico\components\Inicio\NovedadDetalle.jsx
FN:6,NovedadDetalle
FN:12,(anonymous_1)
FN:13,(anonymous_2)
FN:35,(anonymous_3)
FN:64,(anonymous_4)
FNF:5
FNH:0
FNDA:0,NovedadDetalle
FNDA:0,(anonymous_1)
FNDA:0,(anonymous_2)
FNDA:0,(anonymous_3)
FNDA:0,(anonymous_4)
DA:7,0
DA:8,0
DA:9,0
DA:10,0
DA:12,0
DA:13,0
DA:14,0
DA:15,0
DA:16,0
DA:18,0
DA:20,0
DA:23,0
DA:26,0
DA:27,0
DA:30,0
DA:31,0
DA:35,0
DA:44,0
DA:49,0
DA:64,0
LF:20
LH:0
BRDA:26,0,0,0
BRDA:26,0,1,0
BRDA:30,1,0,0
BRDA:30,1,1,0
BRF:4
BRH:0
end_of_record
TN:
SF:src\Medico\components\Menu\MenuItem.jsx
FN:3,MenuItem
FNF:1
FNH:0
FNDA:0,MenuItem
DA:4,0
LF:1
LH:0
BRDA:7,0,0,0
BRDA:7,0,1,0
BRDA:11,1,0,0
BRDA:11,1,1,0
BRF:4
BRH:0
end_of_record
TN:
SF:src\Medico\components\Menu\Sidebar.jsx
FN:8,Sidebar
FN:8,(anonymous_1)
FN:13,(anonymous_2)
FN:52,(anonymous_3)
FN:70,(anonymous_4)
FN:71,(anonymous_5)
FN:73,(anonymous_6)
FNF:7
FNH:0
FNDA:0,Sidebar
FNDA:0,(anonymous_1)
FNDA:0,(anonymous_2)
FNDA:0,(anonymous_3)
FNDA:0,(anonymous_4)
FNDA:0,(anonymous_5)
FNDA:0,(anonymous_6)
DA:9,0
DA:10,0
DA:13,0
DA:14,0
DA:18,0
DA:23,0
DA:53,0
DA:70,0
DA:71,0
DA:74,0
LF:10
LH:0
BRDA:8,0,0,0
BRDA:8,1,0,0
BRDA:27,2,0,0
BRDA:27,2,1,0
BRDA:37,3,0,0
BRDA:37,3,1,0
BRDA:69,4,0,0
BRDA:69,4,1,0
BRF:8
BRH:0
end_of_record
TN:
SF:src\Medico\components\Navbar\FaqButton.jsx
FN:5,FaqButton
FNF:1
FNH:0
FNDA:0,FaqButton
DA:6,0
LF:1
LH:0
BRF:0
BRH:0
end_of_record
TN:
SF:src\Medico\components\Navbar\Logo.jsx
FN:4,Logo
FNF:1
FNH:0
FNDA:0,Logo
DA:5,0
LF:1
LH:0
BRDA:4,0,0,0
BRF:1
BRH:0
end_of_record
TN:
SF:src\Medico\components\Navbar\ModificarDatos.jsx
FN:6,ModificarDatos
FN:10,(anonymous_1)
FN:19,(anonymous_2)
FN:31,(anonymous_3)
FNF:4
FNH:0
FNDA:0,ModificarDatos
FNDA:0,(anonymous_1)
FNDA:0,(anonymous_2)
FNDA:0,(anonymous_3)
DA:7,0
DA:8,0
DA:10,0
DA:11,0
DA:12,0
DA:16,0
DA:19,0
DA:31,0
LF:8
LH:0
BRF:0
BRH:0
end_of_record
TN:
SF:src\Medico\components\Navbar\Navbar.jsx
FN:9,Navbar
FNF:1
FNH:0
FNDA:0,Navbar
DA:10,0
LF:1
LH:0
BRF:0
BRH:0
end_of_record
TN:
SF:src\Medico\components\Navbar\NotificationsButton.jsx
FN:9,NotificationsButton
FN:35,(anonymous_1)
FN:36,handleOutside
FN:40,(anonymous_3)
FN:43,handleDelete
FN:44,(anonymous_5)
FN:44,(anonymous_6)
FN:47,handleClearAll
FN:55,(anonymous_8)
FN:55,(anonymous_9)
FN:78,(anonymous_10)
FN:93,(anonymous_11)
FN:106,(anonymous_12)
FN:108,(anonymous_13)
FN:109,(anonymous_14)
FN:148,(anonymous_15)
FN:163,(anonymous_16)
FN:176,(anonymous_17)
FN:178,(anonymous_18)
FN:179,(anonymous_19)
FNF:20
FNH:0
FNDA:0,NotificationsButton
FNDA:0,(anonymous_1)
FNDA:0,handleOutside
FNDA:0,(anonymous_3)
FNDA:0,handleDelete
FNDA:0,(anonymous_5)
FNDA:0,(anonymous_6)
FNDA:0,handleClearAll
FNDA:0,(anonymous_8)
FNDA:0,(anonymous_9)
FNDA:0,(anonymous_10)
FNDA:0,(anonymous_11)
FNDA:0,(anonymous_12)
FNDA:0,(anonymous_13)
FNDA:0,(anonymous_14)
FNDA:0,(anonymous_15)
FNDA:0,(anonymous_16)
FNDA:0,(anonymous_17)
FNDA:0,(anonymous_18)
FNDA:0,(anonymous_19)
DA:10,0
DA:11,0
DA:32,0
DA:33,0
DA:35,0
DA:37,0
DA:39,0
DA:40,0
DA:44,0
DA:48,0
DA:51,0
DA:55,0
DA:78,0
DA:94,0
DA:106,0
DA:108,0
DA:109,0
DA:148,0
DA:164,0
DA:176,0
DA:178,0
DA:179,0
LF:22
LH:0
BRDA:37,0,0,0
BRDA:37,0,1,0
BRDA:37,1,0,0
BRDA:37,1,1,0
BRDA:62,2,0,0
BRDA:62,2,1,0
BRDA:69,3,0,0
BRDA:69,3,1,0
BRDA:88,4,0,0
BRDA:88,4,1,0
BRDA:114,5,0,0
BRDA:114,5,1,0
BRDA:129,6,0,0
BRDA:129,6,1,0
BRDA:158,7,0,0
BRDA:158,7,1,0
BRDA:184,8,0,0
BRDA:184,8,1,0
BRDA:199,9,0,0
BRDA:199,9,1,0
BRF:20
BRH:0
end_of_record
TN:
SF:src\Medico\components\Navbar\ProfileButton.jsx
FN:5,ProfileButtonPaciente
FN:10,(anonymous_1)
FN:16,(anonymous_2)
FN:17,(anonymous_3)
FN:24,(anonymous_4)
FN:33,(anonymous_5)
FN:33,(anonymous_6)
FN:44,(anonymous_7)
FNF:8
FNH:0
FNDA:0,ProfileButtonPaciente
FNDA:0,(anonymous_1)
FNDA:0,(anonymous_2)
FNDA:0,(anonymous_3)
FNDA:0,(anonymous_4)
FNDA:0,(anonymous_5)
FNDA:0,(anonymous_6)
FNDA:0,(anonymous_7)
DA:6,0
DA:7,0
DA:8,0
DA:10,0
DA:11,0
DA:12,0
DA:13,0
DA:16,0
DA:17,0
DA:18,0
DA:19,0
DA:23,0
DA:24,0
DA:25,0
DA:29,0
DA:33,0
DA:44,0
LF:17
LH:0
BRDA:18,0,0,0
BRDA:18,0,1,0
BRDA:18,1,0,0
BRDA:18,1,1,0
BRDA:40,2,0,0
BRDA:40,2,1,0
BRF:6
BRH:0
end_of_record
TN:
SF:src\Medico\components\Navbar\SettingsButton.jsx
FN:5,SettingsButton
FNF:1
FNH:0
FNDA:0,SettingsButton
DA:6,0
LF:1
LH:0
BRF:0
BRH:0
end_of_record
TN:
SF:src\Medico\components\Planilla\CitaDetails.jsx
FN:8,CitaDetails
FN:11,(anonymous_1)
FN:13,(anonymous_2)
FN:54,(anonymous_3)
FN:60,(anonymous_4)
FN:66,(anonymous_5)
FN:72,(anonymous_6)
FN:105,(anonymous_7)
FNF:8
FNH:0
FNDA:0,CitaDetails
FNDA:0,(anonymous_1)
FNDA:0,(anonymous_2)
FNDA:0,(anonymous_3)
FNDA:0,(anonymous_4)
FNDA:0,(anonymous_5)
FNDA:0,(anonymous_6)
FNDA:0,(anonymous_7)
DA:9,0
DA:11,0
DA:13,0
DA:14,0
DA:15,0
DA:18,0
DA:54,0
DA:60,0
DA:66,0
DA:72,0
DA:105,0
LF:11
LH:0
BRDA:8,0,0,0
BRDA:24,1,0,0
BRDA:24,1,1,0
BRDA:45,2,0,0
BRDA:45,2,1,0
BRDA:51,3,0,0
BRDA:51,3,1,0
BRDA:84,4,0,0
BRDA:84,4,1,0
BRDA:88,5,0,0
BRDA:88,5,1,0
BRDA:96,6,0,0
BRDA:96,6,1,0
BRDA:102,7,0,0
BRDA:102,7,1,0
BRF:15
BRH:0
end_of_record
TN:
SF:src\Medico\components\Planilla\PlanillaTable.jsx
FN:4,PlanillaTable
FN:8,(anonymous_1)
FN:36,(anonymous_2)
FN:50,(anonymous_3)
FNF:4
FNH:0
FNDA:0,PlanillaTable
FNDA:0,(anonymous_1)
FNDA:0,(anonymous_2)
FNDA:0,(anonymous_3)
DA:5,0
DA:8,0
DA:9,0
DA:11,0
DA:13,0
DA:15,0
DA:17,0
DA:21,0
DA:37,0
DA:50,0
LF:10
LH:0
BRDA:4,0,0,0
BRDA:4,1,0,0
BRDA:4,2,0,0
BRDA:5,3,0,0
BRDA:5,3,1,0
BRDA:9,4,0,0
BRDA:9,4,1,0
BRDA:9,4,2,0
BRDA:9,4,3,0
BRDA:38,5,0,0
BRDA:38,5,1,0
BRDA:39,6,0,0
BRDA:39,6,1,0
BRDA:40,7,0,0
BRDA:40,7,1,0
BRDA:57,8,0,0
BRDA:57,8,1,0
BRF:17
BRH:0
end_of_record
TN:
SF:src\Medico\components\UI\ActionModal.jsx
FN:3,ActionModal
FN:11,(anonymous_1)
FN:29,(anonymous_2)
FN:39,(anonymous_3)
FN:48,(anonymous_4)
FN:57,(anonymous_5)
FN:71,(anonymous_6)
FNF:7
FNH:0
FNDA:0,ActionModal
FNDA:0,(anonymous_1)
FNDA:0,(anonymous_2)
FNDA:0,(anonymous_3)
FNDA:0,(anonymous_4)
FNDA:0,(anonymous_5)
FNDA:0,(anonymous_6)
DA:4,0
DA:5,0
DA:6,0
DA:7,0
DA:8,0
DA:11,0
DA:12,0
DA:13,0
DA:16,0
DA:29,0
DA:39,0
DA:48,0
DA:57,0
DA:71,0
LF:14
LH:0
BRDA:20,0,0,0
BRDA:20,0,1,0
BRDA:21,1,0,0
BRDA:21,1,1,0
BRDA:22,2,0,0
BRDA:22,2,1,0
BRDA:23,3,0,0
BRDA:23,3,1,0
BRDA:26,4,0,0
BRDA:26,4,1,0
BRDA:35,5,0,0
BRDA:35,5,1,0
BRDA:67,6,0,0
BRDA:67,6,1,0
BRDA:81,7,0,0
BRDA:81,7,1,0
BRDA:94,8,0,0
BRDA:94,8,1,0
BRF:18
BRH:0
end_of_record
TN:
SF:src\Medico\components\UI\Breadcrumb.jsx
FN:3,Breadcrumb
FN:7,(anonymous_1)
FNF:2
FNH:0
FNDA:0,Breadcrumb
FNDA:0,(anonymous_1)
DA:4,0
DA:8,0
LF:2
LH:0
BRDA:9,0,0,0
BRDA:9,0,1,0
BRDA:10,1,0,0
BRDA:10,1,1,0
BRF:4
BRH:0
end_of_record
TN:
SF:src\Medico\components\UI\ModificarDatosModal.jsx
FN:5,ModificarDatosModal
FN:13,(anonymous_1)
FN:40,(anonymous_2)
FN:73,(anonymous_3)
FN:84,(anonymous_4)
FN:92,(anonymous_5)
FNF:6
FNH:0
FNDA:0,ModificarDatosModal
FNDA:0,(anonymous_1)
FNDA:0,(anonymous_2)
FNDA:0,(anonymous_3)
FNDA:0,(anonymous_4)
FNDA:0,(anonymous_5)
DA:6,0
DA:7,0
DA:8,0
DA:9,0
DA:11,0
DA:13,0
DA:15,0
DA:17,0
DA:18,0
DA:19,0
DA:21,0
DA:22,0
DA:23,0
DA:24,0
DA:28,0
DA:40,0
DA:73,0
DA:84,0
DA:92,0
LF:19
LH:0
BRDA:11,0,0,0
BRDA:11,0,1,0
BRDA:15,1,0,0
BRDA:15,1,1,0
BRDA:17,2,0,0
BRDA:17,2,1,0
BRDA:17,3,0,0
BRDA:17,3,1,0
BRDA:17,3,2,0
BRDA:69,4,0,0
BRDA:69,4,1,0
BRF:11
BRH:0
end_of_record
TN:
SF:src\Medico\components\UI\PrivacyToggle.jsx
FN:4,PrivacyToggle
FN:12,(anonymous_1)
FNF:2
FNH:0
FNDA:0,PrivacyToggle
FNDA:0,(anonymous_1)
DA:5,0
DA:7,0
DA:12,0
LF:3
LH:0
BRDA:4,0,0,0
BRF:1
BRH:0
end_of_record
TN:
SF:src\Medico\components\UI\ReportErrorModal.jsx
FN:4,ReportErrorModal
FN:11,(anonymous_1)
FN:29,(anonymous_2)
FN:43,(anonymous_3)
FNF:4
FNH:0
FNDA:0,ReportErrorModal
FNDA:0,(anonymous_1)
FNDA:0,(anonymous_2)
FNDA:0,(anonymous_3)
DA:5,0
DA:6,0
DA:9,0
DA:11,0
DA:12,0
DA:13,0
DA:14,0
DA:16,0
DA:19,0
DA:29,0
DA:43,0
LF:11
LH:0
BRDA:9,0,0,0
BRDA:9,0,1,0
BRF:2
BRH:0
end_of_record
TN:
SF:src\Medico\components\UI\ThemeToggle.jsx
FN:4,ThemeToggle
FN:5,(anonymous_1)
FN:9,(anonymous_2)
FN:22,(anonymous_3)
FNF:4
FNH:0
FNDA:0,ThemeToggle
FNDA:0,(anonymous_1)
FNDA:0,(anonymous_2)
FNDA:0,(anonymous_3)
DA:5,0
DA:6,0
DA:9,0
DA:10,0
DA:11,0
DA:12,0
DA:14,0
DA:15,0
DA:19,0
DA:22,0
LF:10
LH:0
BRDA:10,0,0,0
BRDA:10,0,1,0
BRF:2
BRH:0
end_of_record
TN:
SF:src\Medico\components\UI\ToggleSwitch.jsx
FN:3,ToggleSwitch
FNF:1
FNH:0
FNDA:0,ToggleSwitch
DA:4,0
LF:1
LH:0
BRDA:8,0,0,0
BRDA:8,0,1,0
BRDA:13,1,0,0
BRDA:13,1,1,0
BRF:4
BRH:0
end_of_record
TN:
SF:src\Medico\pages\ConfigCont.jsx
FN:7,ConfiguracionCont
FN:17,(anonymous_1)
FN:23,(anonymous_2)
FN:26,(anonymous_3)
FN:49,(anonymous_4)
FN:57,(anonymous_5)
FN:78,(anonymous_6)
FNF:7
FNH:0
FNDA:0,ConfiguracionCont
FNDA:0,(anonymous_1)
FNDA:0,(anonymous_2)
FNDA:0,(anonymous_3)
FNDA:0,(anonymous_4)
FNDA:0,(anonymous_5)
FNDA:0,(anonymous_6)
DA:8,0
DA:10,0
DA:15,0
DA:17,0
DA:18,0
DA:19,0
DA:20,0
DA:23,0
DA:25,0
DA:26,0
DA:28,0
DA:32,0
DA:50,0
DA:57,0
DA:78,0
LF:15
LH:0
BRDA:53,0,0,0
BRDA:53,0,1,0
BRDA:65,1,0,0
BRDA:65,1,1,0
BRDA:98,2,0,0
BRDA:98,2,1,0
BRDA:110,3,0,0
BRDA:110,3,1,0
BRDA:122,4,0,0
BRDA:122,4,1,0
BRF:10
BRH:0
end_of_record
TN:
SF:src\Medico\pages\EditarPerfilCont.jsx
FN:7,EditarPerfilCont
FN:25,(anonymous_1)
FN:26,(anonymous_2)
FN:43,(anonymous_3)
FN:59,(anonymous_4)
FN:63,(anonymous_5)
FN:65,(anonymous_6)
FN:68,(anonymous_7)
FN:71,(anonymous_8)
FNF:9
FNH:0
FNDA:0,EditarPerfilCont
FNDA:0,(anonymous_1)
FNDA:0,(anonymous_2)
FNDA:0,(anonymous_3)
FNDA:0,(anonymous_4)
FNDA:0,(anonymous_5)
FNDA:0,(anonymous_6)
FNDA:0,(anonymous_7)
FNDA:0,(anonymous_8)
DA:8,0
DA:9,0
DA:11,0
DA:17,0
DA:25,0
DA:26,0
DA:27,0
DA:28,0
DA:29,0
DA:36,0
DA:37,0
DA:40,0
DA:43,0
DA:44,0
DA:45,0
DA:51,0
DA:52,0
DA:54,0
DA:55,0
DA:59,0
DA:60,0
DA:63,0
DA:64,0
DA:65,0
DA:68,0
DA:70,0
DA:71,0
DA:73,0
DA:77,0
LF:29
LH:0
BRDA:30,0,0,0
BRDA:30,0,1,0
BRDA:31,1,0,0
BRDA:31,1,1,0
BRDA:32,2,0,0
BRDA:32,2,1,0
BRDA:33,3,0,0
BRDA:33,3,1,0
BRF:8
BRH:0
end_of_record
TN:
SF:src\Medico\pages\FaqCont.jsx
FN:5,FaqCont
FN:13,(anonymous_1)
FN:16,(anonymous_2)
FN:76,(anonymous_3)
FN:83,(anonymous_4)
FNF:5
FNH:0
FNDA:0,FaqCont
FNDA:0,(anonymous_1)
FNDA:0,(anonymous_2)
FNDA:0,(anonymous_3)
FNDA:0,(anonymous_4)
DA:6,0
DA:11,0
DA:13,0
DA:15,0
DA:16,0
DA:18,0
DA:22,0
DA:76,0
DA:83,0
LF:9
LH:0
BRF:0
BRH:0
end_of_record
TN:
SF:src\Medico\pages\InicioCont.jsx
FN:6,InicioCont
FN:14,(anonymous_1)
FN:15,(anonymous_2)
FN:33,(anonymous_3)
FN:39,(anonymous_4)
FN:41,(anonymous_5)
FN:59,(anonymous_6)
FN:97,(anonymous_7)
FN:103,(anonymous_8)
FN:111,(anonymous_9)
FN:123,(anonymous_10)
FNF:11
FNH:0
FNDA:0,InicioCont
FNDA:0,(anonymous_1)
FNDA:0,(anonymous_2)
FNDA:0,(anonymous_3)
FNDA:0,(anonymous_4)
FNDA:0,(anonymous_5)
FNDA:0,(anonymous_6)
FNDA:0,(anonymous_7)
FNDA:0,(anonymous_8)
FNDA:0,(anonymous_9)
FNDA:0,(anonymous_10)
DA:7,0
DA:9,0
DA:10,0
DA:11,0
DA:12,0
DA:14,0
DA:15,0
DA:16,0
DA:17,0
DA:18,0
DA:20,0
DA:22,0
DA:25,0
DA:28,0
DA:29,0
DA:30,0
DA:31,0
DA:33,0
DA:34,0
DA:35,0
DA:39,0
DA:40,0
DA:41,0
DA:42,0
DA:46,0
DA:47,0
DA:50,0
DA:60,0
DA:97,0
DA:104,0
DA:111,0
DA:123,0
LF:32
LH:0
BRDA:34,0,0,0
BRDA:34,0,1,0
BRDA:34,1,0,0
BRDA:34,1,1,0
BRDA:46,2,0,0
BRDA:46,2,1,0
BRDA:89,3,0,0
BRDA:89,3,1,0
BRDA:93,4,0,0
BRDA:93,4,1,0
BRDA:107,5,0,0
BRDA:107,5,1,0
BRDA:119,6,0,0
BRDA:119,6,1,0
BRF:14
BRH:0
end_of_record
TN:
SF:src\Medico\pages\PerfilCont.jsx
FN:7,PerfilCont
FN:13,(anonymous_1)
FN:15,(anonymous_2)
FN:20,(anonymous_3)
FN:21,(anonymous_4)
FN:78,(anonymous_5)
FNF:6
FNH:0
FNDA:0,PerfilCont
FNDA:0,(anonymous_1)
FNDA:0,(anonymous_2)
FNDA:0,(anonymous_3)
FNDA:0,(anonymous_4)
FNDA:0,(anonymous_5)
DA:8,0
DA:9,0
DA:10,0
DA:13,0
DA:14,0
DA:15,0
DA:16,0
DA:20,0
DA:21,0
DA:22,0
DA:23,0
DA:24,0
DA:25,0
DA:26,0
DA:29,0
DA:30,0
DA:32,0
DA:34,0
DA:38,0
DA:41,0
DA:46,0
DA:47,0
DA:49,0
DA:78,0
LF:24
LH:0
BRDA:24,0,0,0
BRDA:24,0,1,0
BRDA:46,1,0,0
BRDA:46,1,1,0
BRDA:47,2,0,0
BRDA:47,2,1,0
BRDA:64,3,0,0
BRDA:64,3,1,0
BRDA:72,4,0,0
BRDA:72,4,1,0
BRDA:91,5,0,0
BRDA:91,5,1,0
BRDA:95,6,0,0
BRDA:95,6,1,0
BRDA:99,7,0,0
BRDA:99,7,1,0
BRDA:103,8,0,0
BRDA:103,8,1,0
BRF:18
BRH:0
end_of_record
TN:
SF:src\Medico\pages\PlanillaCont.jsx
FN:81,PlanillaCont
FN:90,(anonymous_1)
FN:93,(anonymous_2)
FN:108,(anonymous_3)
FN:121,(anonymous_4)
FN:143,(anonymous_5)
FN:154,(anonymous_6)
FNF:7
FNH:0
FNDA:0,PlanillaCont
FNDA:0,(anonymous_1)
FNDA:0,(anonymous_2)
FNDA:0,(anonymous_3)
FNDA:0,(anonymous_4)
FNDA:0,(anonymous_5)
FNDA:0,(anonymous_6)
DA:6,1
DA:48,1
DA:82,0
DA:87,0
DA:88,0
DA:90,0
DA:92,0
DA:93,0
DA:95,0
DA:99,0
DA:109,0
DA:110,0
DA:122,0
DA:123,0
DA:143,0
DA:154,0
LF:16
LH:2
BRDA:113,0,0,0
BRDA:113,0,1,0
BRDA:126,1,0,0
BRDA:126,1,1,0
BRDA:150,2,0,0
BRDA:150,2,1,0
BRF:6
BRH:0
end_of_record
TN:
SF:src\Paciente\PacienteLayout.jsx
FN:20,NotFound
FN:35,PacienteLayout
FN:43,(anonymous_2)
FN:43,(anonymous_3)
FN:48,(anonymous_4)
FNF:5
FNH:2
FNDA:1,NotFound
FNDA:3,PacienteLayout
FNDA:0,(anonymous_2)
FNDA:0,(anonymous_3)
FNDA:0,(anonymous_4)
DA:21,1
DA:36,3
DA:38,3
DA:43,0
DA:48,0
LF:5
LH:3
BRDA:54,0,0,0
BRDA:54,0,1,3
BRF:2
BRH:1
end_of_record
TN:
SF:src\Paciente\components\Citas\BuscarButton.jsx
FN:3,BuscarButton
FNF:1
FNH:0
FNDA:0,BuscarButton
DA:4,0
LF:1
LH:0
BRDA:7,0,0,0
BRDA:7,0,1,0
BRF:2
BRH:0
end_of_record
TN:
SF:src\Paciente\components\Citas\Calendario.jsx
FN:9,Calendario
FN:12,(anonymous_1)
FN:12,(anonymous_2)
FN:13,(anonymous_3)
FN:13,(anonymous_4)
FN:17,(anonymous_5)
FN:37,(anonymous_6)
FN:42,(anonymous_7)
FN:56,(anonymous_8)
FNF:9
FNH:0
FNDA:0,Calendario
FNDA:0,(anonymous_1)
FNDA:0,(anonymous_2)
FNDA:0,(anonymous_3)
FNDA:0,(anonymous_4)
FNDA:0,(anonymous_5)
FNDA:0,(anonymous_6)
FNDA:0,(anonymous_7)
FNDA:0,(anonymous_8)
DA:7,1
DA:10,0
DA:12,0
DA:13,0
DA:15,0
DA:17,0
DA:18,0
DA:19,0
DA:20,0
DA:21,0
DA:22,0
DA:24,0
DA:25,0
DA:26,0
DA:27,0
DA:28,0
DA:31,0
DA:38,0
DA:43,0
DA:45,0
DA:46,0
DA:56,0
DA:68,0
LF:23
LH:1
BRDA:15,0,0,0
BRDA:15,0,1,0
BRDA:43,1,0,0
BRDA:43,1,1,0
BRDA:45,2,0,0
BRDA:45,2,1,0
BRDA:45,2,2,0
BRDA:50,3,0,0
BRDA:50,3,1,0
BRDA:52,4,0,0
BRDA:52,4,1,0
BRF:11
BRH:0
end_of_record
TN:
SF:src\Paciente\components\Citas\HoraDetalle.jsx
FN:4,HoraDetalle
FN:8,(anonymous_1)
FN:9,(anonymous_2)
FN:37,(anonymous_3)
FN:52,(anonymous_4)
FN:61,(anonymous_5)
FN:67,(anonymous_6)
FN:82,(anonymous_7)
FN:98,(anonymous_8)
FN:111,(anonymous_9)
FN:118,(anonymous_10)
FNF:11
FNH:0
FNDA:0,HoraDetalle
FNDA:0,(anonymous_1)
FNDA:0,(anonymous_2)
FNDA:0,(anonymous_3)
FNDA:0,(anonymous_4)
FNDA:0,(anonymous_5)
FNDA:0,(anonymous_6)
FNDA:0,(anonymous_7)
FNDA:0,(anonymous_8)
FNDA:0,(anonymous_9)
FNDA:0,(anonymous_10)
DA:5,0
DA:8,0
DA:9,0
DA:10,0
DA:11,0
DA:12,0
DA:13,0
DA:15,0
DA:16,0
DA:17,0
DA:19,0
DA:20,0
DA:21,0
DA:22,0
DA:23,0
DA:24,0
DA:27,0
DA:28,0
DA:30,0
DA:33,0
DA:37,0
DA:38,0
DA:39,0
DA:40,0
DA:41,0
DA:42,0
DA:43,0
DA:47,0
DA:50,0
DA:51,0
DA:52,0
DA:55,0
DA:61,0
DA:68,0
DA:83,0
DA:84,0
DA:99,0
DA:111,0
DA:119,0
LF:39
LH:0
BRDA:11,0,0,0
BRDA:11,0,1,0
BRDA:12,1,0,0
BRDA:12,1,1,0
BRDA:13,2,0,0
BRDA:13,2,1,0
BRDA:22,3,0,0
BRDA:22,3,1,0
BRDA:38,4,0,0
BRDA:38,4,1,0
BRDA:41,5,0,0
BRDA:41,5,1,0
BRDA:42,6,0,0
BRDA:42,6,1,0
BRDA:51,7,0,0
BRDA:51,7,1,0
BRDA:58,8,0,0
BRDA:58,8,1,0
BRDA:60,9,0,0
BRDA:60,9,1,0
BRDA:76,10,0,0
BRDA:76,10,1,0
BRDA:81,11,0,0
BRDA:81,11,1,0
BRDA:88,12,0,0
BRDA:88,12,1,0
BRDA:88,13,0,0
BRDA:88,13,1,0
BRDA:110,14,0,0
BRDA:110,14,1,0
BRF:30
BRH:0
end_of_record
TN:
SF:src\Paciente\components\Citas\HoraRango.jsx
FN:1,HoraRango
FN:2,(anonymous_1)
FN:9,(anonymous_2)
FNF:3
FNH:0
FNDA:0,HoraRango
FNDA:0,(anonymous_1)
FNDA:0,(anonymous_2)
DA:2,0
DA:4,0
DA:9,0
LF:3
LH:0
BRDA:8,0,0,0
BRDA:8,0,1,0
BRDA:12,1,0,0
BRDA:12,1,1,0
BRF:4
BRH:0
end_of_record
TN:
SF:src\Paciente\components\Citas\TipoCita.jsx
FN:1,TipoCita
FN:15,(anonymous_1)
FN:24,(anonymous_2)
FNF:3
FNH:0
FNDA:0,TipoCita
FNDA:0,(anonymous_1)
FNDA:0,(anonymous_2)
DA:2,0
DA:10,0
DA:15,0
DA:25,0
LF:4
LH:0
BRDA:18,0,0,0
BRDA:18,0,1,0
BRF:2
BRH:0
end_of_record
TN:
SF:src\Paciente\components\Citas\Ubicacion.jsx
FN:1,Ubicacion
FN:13,(anonymous_1)
FN:22,(anonymous_2)
FNF:3
FNH:0
FNDA:0,Ubicacion
FNDA:0,(anonymous_1)
FNDA:0,(anonymous_2)
DA:2,0
DA:8,0
DA:13,0
DA:23,0
LF:4
LH:0
BRDA:16,0,0,0
BRDA:16,0,1,0
BRF:2
BRH:0
end_of_record
TN:
SF:src\Paciente\components\Citas\MedicosDisponibles\ListaDoctores.jsx
FN:7,ListaDoctores
FN:26,(anonymous_1)
FN:28,(anonymous_2)
FN:30,(anonymous_3)
FN:40,(anonymous_4)
FN:62,(anonymous_5)
FN:97,(anonymous_6)
FN:120,(anonymous_7)
FN:126,(anonymous_8)
FN:135,(anonymous_9)
FN:137,(anonymous_10)
FN:142,(anonymous_11)
FN:147,(anonymous_12)
FN:152,(anonymous_13)
FN:159,(anonymous_14)
FN:176,(anonymous_15)
FN:187,(anonymous_16)
FN:201,(anonymous_17)
FN:233,(anonymous_18)
FN:282,(anonymous_19)
FN:289,(anonymous_20)
FNF:21
FNH:0
FNDA:0,ListaDoctores
FNDA:0,(anonymous_1)
FNDA:0,(anonymous_2)
FNDA:0,(anonymous_3)
FNDA:0,(anonymous_4)
FNDA:0,(anonymous_5)
FNDA:0,(anonymous_6)
FNDA:0,(anonymous_7)
FNDA:0,(anonymous_8)
FNDA:0,(anonymous_9)
FNDA:0,(anonymous_10)
FNDA:0,(anonymous_11)
FNDA:0,(anonymous_12)
FNDA:0,(anonymous_13)
FNDA:0,(anonymous_14)
FNDA:0,(anonymous_15)
FNDA:0,(anonymous_16)
FNDA:0,(anonymous_17)
FNDA:0,(anonymous_18)
FNDA:0,(anonymous_19)
FNDA:0,(anonymous_20)
DA:8,0
DA:14,0
DA:15,0
DA:17,0
DA:18,0
DA:19,0
DA:20,0
DA:21,0
DA:22,0
DA:23,0
DA:25,0
DA:26,0
DA:28,0
DA:30,0
DA:31,0
DA:32,0
DA:33,0
DA:34,0
DA:35,0
DA:36,0
DA:37,0
DA:40,0
DA:41,0
DA:44,0
DA:45,0
DA:46,0
DA:47,0
DA:61,0
DA:62,0
DA:63,0
DA:64,0
DA:65,0
DA:77,0
DA:78,0
DA:81,0
DA:82,0
DA:90,0
DA:97,0
DA:98,0
DA:100,0
DA:101,0
DA:102,0
DA:106,0
DA:107,0
DA:108,0
DA:109,0
DA:110,0
DA:111,0
DA:113,0
DA:114,0
DA:116,0
DA:119,0
DA:120,0
DA:121,0
DA:122,0
DA:123,0
DA:126,0
DA:129,0
DA:130,0
DA:131,0
DA:135,0
DA:136,0
DA:137,0
DA:138,0
DA:142,0
DA:143,0
DA:144,0
DA:147,0
DA:148,0
DA:149,0
DA:152,0
DA:153,0
DA:159,0
DA:160,0
DA:161,0
DA:174,0
DA:177,0
DA:187,0
DA:202,0
DA:233,0
DA:246,0
DA:247,0
DA:260,0
DA:282,0
DA:289,0
LF:85
LH:0
BRDA:25,0,0,0
BRDA:25,0,1,0
BRDA:31,1,0,0
BRDA:31,1,1,0
BRDA:34,2,0,0
BRDA:34,2,1,0
BRDA:35,3,0,0
BRDA:35,3,1,0
BRDA:36,4,0,0
BRDA:36,4,1,0
BRDA:41,5,0,0
BRDA:41,5,1,0
BRDA:44,6,0,0
BRDA:44,6,1,0
BRDA:46,7,0,0
BRDA:46,7,1,0
BRDA:49,8,0,0
BRDA:49,8,1,0
BRDA:49,8,2,0
BRDA:50,9,0,0
BRDA:50,9,1,0
BRDA:51,10,0,0
BRDA:51,10,1,0
BRDA:52,11,0,0
BRDA:52,11,1,0
BRDA:53,12,0,0
BRDA:53,12,1,0
BRDA:54,13,0,0
BRDA:54,13,1,0
BRDA:55,14,0,0
BRDA:55,14,1,0
BRDA:63,15,0,0
BRDA:63,15,1,0
BRDA:64,16,0,0
BRDA:64,16,1,0
BRDA:67,17,0,0
BRDA:67,17,1,0
BRDA:68,18,0,0
BRDA:68,18,1,0
BRDA:69,19,0,0
BRDA:69,19,1,0
BRDA:70,20,0,0
BRDA:70,20,1,0
BRDA:71,21,0,0
BRDA:71,21,1,0
BRDA:72,22,0,0
BRDA:72,22,1,0
BRDA:77,23,0,0
BRDA:77,23,1,0
BRDA:77,24,0,0
BRDA:77,24,1,0
BRDA:80,25,0,0
BRDA:80,25,1,0
BRDA:81,26,0,0
BRDA:81,26,1,0
BRDA:100,27,0,0
BRDA:100,27,1,0
BRDA:106,28,0,0
BRDA:106,28,1,0
BRDA:106,29,0,0
BRDA:106,29,1,0
BRDA:108,30,0,0
BRDA:108,30,1,0
BRDA:119,31,0,0
BRDA:119,31,1,0
BRDA:121,32,0,0
BRDA:121,32,1,0
BRDA:129,33,0,0
BRDA:129,33,1,0
BRDA:129,34,0,0
BRDA:129,34,1,0
BRDA:160,35,0,0
BRDA:160,35,1,0
BRDA:195,36,0,0
BRDA:195,36,1,0
BRDA:205,37,0,0
BRDA:205,37,1,0
BRDA:219,38,0,0
BRDA:219,38,1,0
BRDA:219,39,0,0
BRDA:219,39,1,0
BRDA:246,40,0,0
BRDA:246,40,1,0
BRDA:278,41,0,0
BRDA:278,41,1,0
BRF:85
BRH:0
end_of_record
TN:
SF:src\Paciente\components\Citas\MedicosDisponibles\ModalDoctores.jsx
FN:3,ModalDoctores
FN:6,(anonymous_1)
FN:14,(anonymous_2)
FN:39,(anonymous_3)
FN:64,(anonymous_4)
FN:72,(anonymous_5)
FNF:6
FNH:0
FNDA:0,ModalDoctores
FNDA:0,(anonymous_1)
FNDA:0,(anonymous_2)
FNDA:0,(anonymous_3)
FNDA:0,(anonymous_4)
FNDA:0,(anonymous_5)
DA:4,0
DA:6,0
DA:7,0
DA:8,0
DA:12,0
DA:14,0
DA:15,0
DA:16,0
DA:17,0
DA:19,0
DA:22,0
DA:39,0
DA:65,0
DA:72,0
LF:14
LH:0
BRDA:7,0,0,0
BRDA:7,0,1,0
BRDA:12,1,0,0
BRDA:12,1,1,0
BRDA:12,2,0,0
BRDA:12,2,1,0
BRDA:15,3,0,0
BRDA:15,3,1,0
BRDA:36,4,0,0
BRDA:36,4,1,0
BRDA:44,5,0,0
BRDA:44,5,1,0
BRDA:48,6,0,0
BRDA:48,6,1,0
BRDA:49,7,0,0
BRDA:49,7,1,0
BRDA:60,8,0,0
BRDA:60,8,1,0
BRDA:60,8,2,0
BRDA:68,9,0,0
BRDA:68,9,1,0
BRF:21
BRH:0
end_of_record
TN:
SF:src\Paciente\components\Citas\MedicosDisponibles\SucessModal.jsx
FN:6,ModalExito
FN:11,(anonymous_1)
FNF:2
FNH:0
FNDA:0,ModalExito
FNDA:0,(anonymous_1)
DA:7,0
DA:8,0
DA:11,0
DA:12,0
DA:13,0
DA:15,0
DA:17,0
DA:19,0
DA:20,0
DA:22,0
DA:26,0
DA:28,0
LF:12
LH:0
BRDA:26,0,0,0
BRDA:26,0,1,0
BRDA:48,1,0,0
BRDA:48,1,1,0
BRDA:51,2,0,0
BRDA:51,2,1,0
BRF:6
BRH:0
end_of_record
TN:
SF:src\Paciente\components\Familiares\AddFamiliar.jsx
FN:3,AddFamilia
FN:8,(anonymous_1)
FN:25,(anonymous_2)
FN:32,(anonymous_3)
FN:39,(anonymous_4)
FNF:5
FNH:0
FNDA:0,AddFamilia
FNDA:0,(anonymous_1)
FNDA:0,(anonymous_2)
FNDA:0,(anonymous_3)
FNDA:0,(anonymous_4)
DA:4,0
DA:5,0
DA:6,0
DA:8,0
DA:9,0
DA:10,0
DA:13,0
DA:25,0
DA:32,0
DA:39,0
LF:10
LH:0
BRF:0
BRH:0
end_of_record
TN:
SF:src\Paciente\components\Familiares\EditFamiliar.jsx
FN:3,EditFamilia
FN:9,(anonymous_1)
FN:33,(anonymous_2)
FN:42,(anonymous_3)
FN:50,(anonymous_4)
FNF:5
FNH:0
FNDA:0,EditFamilia
FNDA:0,(anonymous_1)
FNDA:0,(anonymous_2)
FNDA:0,(anonymous_3)
FNDA:0,(anonymous_4)
DA:4,0
DA:5,0
DA:7,0
DA:9,0
DA:10,0
DA:11,0
DA:19,0
DA:33,0
DA:42,0
DA:50,0
LF:10
LH:0
BRDA:7,0,0,0
BRDA:7,0,1,0
BRF:2
BRH:0
end_of_record
TN:
SF:src\Paciente\components\Inicio\NovedadDetalle.jsx
FN:6,NovedadDetalle
FN:12,(anonymous_1)
FN:13,(anonymous_2)
FN:35,(anonymous_3)
FN:64,(anonymous_4)
FNF:5
FNH:0
FNDA:0,NovedadDetalle
FNDA:0,(anonymous_1)
FNDA:0,(anonymous_2)
FNDA:0,(anonymous_3)
FNDA:0,(anonymous_4)
DA:7,0
DA:8,0
DA:9,0
DA:10,0
DA:12,0
DA:13,0
DA:14,0
DA:15,0
DA:16,0
DA:18,0
DA:20,0
DA:23,0
DA:26,0
DA:27,0
DA:30,0
DA:31,0
DA:35,0
DA:44,0
DA:49,0
DA:64,0
LF:20
LH:0
BRDA:26,0,0,0
BRDA:26,0,1,0
BRDA:30,1,0,0
BRDA:30,1,1,0
BRF:4
BRH:0
end_of_record
TN:
SF:src\Paciente\components\Menu\MenuItem.jsx
FN:3,MenuItem
FNF:1
FNH:0
FNDA:0,MenuItem
DA:4,0
LF:1
LH:0
BRDA:7,0,0,0
BRDA:7,0,1,0
BRDA:11,1,0,0
BRDA:11,1,1,0
BRF:4
BRH:0
end_of_record
TN:
SF:src\Paciente\components\Menu\Sidebar.jsx
FN:11,Sidebar
FN:11,(anonymous_1)
FN:16,(anonymous_2)
FN:57,(anonymous_3)
FN:75,(anonymous_4)
FN:76,(anonymous_5)
FN:78,(anonymous_6)
FNF:7
FNH:0
FNDA:0,Sidebar
FNDA:0,(anonymous_1)
FNDA:0,(anonymous_2)
FNDA:0,(anonymous_3)
FNDA:0,(anonymous_4)
FNDA:0,(anonymous_5)
FNDA:0,(anonymous_6)
DA:12,0
DA:13,0
DA:16,0
DA:20,0
DA:28,0
DA:58,0
DA:75,0
DA:76,0
DA:79,0
LF:9
LH:0
BRDA:11,0,0,0
BRDA:11,1,0,0
BRDA:32,2,0,0
BRDA:32,2,1,0
BRDA:42,3,0,0
BRDA:42,3,1,0
BRDA:74,4,0,0
BRDA:74,4,1,0
BRF:8
BRH:0
end_of_record
TN:
SF:src\Paciente\components\Navbar\CitaRapida.jsx
FN:6,CitaRapidaButton
FN:10,(anonymous_1)
FN:20,(anonymous_2)
FN:32,(anonymous_3)
FNF:4
FNH:0
FNDA:0,CitaRapidaButton
FNDA:0,(anonymous_1)
FNDA:0,(anonymous_2)
FNDA:0,(anonymous_3)
DA:7,0
DA:8,0
DA:10,0
DA:11,0
DA:14,0
DA:17,0
DA:20,0
DA:32,0
LF:8
LH:0
BRF:0
BRH:0
end_of_record
TN:
SF:src\Paciente\components\Navbar\FaqButton.jsx
FN:5,FaqButton
FNF:1
FNH:0
FNDA:0,FaqButton
DA:6,0
LF:1
LH:0
BRF:0
BRH:0
end_of_record
TN:
SF:src\Paciente\components\Navbar\Logo.jsx
FN:4,Logo
FNF:1
FNH:0
FNDA:0,Logo
DA:5,0
LF:1
LH:0
BRDA:4,0,0,0
BRF:1
BRH:0
end_of_record
TN:
SF:src\Paciente\components\Navbar\Navbar.jsx
FN:9,Navbar
FNF:1
FNH:1
FNDA:2,Navbar
DA:10,2
LF:1
LH:1
BRF:0
BRH:0
end_of_record
TN:
SF:src\Paciente\components\Navbar\NotificationsButton.jsx
FN:9,NotificationsButton
FN:35,(anonymous_1)
FN:36,handleOutside
FN:40,(anonymous_3)
FN:43,handleDelete
FN:44,(anonymous_5)
FN:44,(anonymous_6)
FN:47,handleClearAll
FN:55,(anonymous_8)
FN:55,(anonymous_9)
FN:78,(anonymous_10)
FN:93,(anonymous_11)
FN:106,(anonymous_12)
FN:108,(anonymous_13)
FN:109,(anonymous_14)
FN:148,(anonymous_15)
FN:163,(anonymous_16)
FN:176,(anonymous_17)
FN:178,(anonymous_18)
FN:179,(anonymous_19)
FNF:20
FNH:0
FNDA:0,NotificationsButton
FNDA:0,(anonymous_1)
FNDA:0,handleOutside
FNDA:0,(anonymous_3)
FNDA:0,handleDelete
FNDA:0,(anonymous_5)
FNDA:0,(anonymous_6)
FNDA:0,handleClearAll
FNDA:0,(anonymous_8)
FNDA:0,(anonymous_9)
FNDA:0,(anonymous_10)
FNDA:0,(anonymous_11)
FNDA:0,(anonymous_12)
FNDA:0,(anonymous_13)
FNDA:0,(anonymous_14)
FNDA:0,(anonymous_15)
FNDA:0,(anonymous_16)
FNDA:0,(anonymous_17)
FNDA:0,(anonymous_18)
FNDA:0,(anonymous_19)
DA:10,0
DA:11,0
DA:32,0
DA:33,0
DA:35,0
DA:37,0
DA:39,0
DA:40,0
DA:44,0
DA:48,0
DA:51,0
DA:55,0
DA:78,0
DA:94,0
DA:106,0
DA:108,0
DA:109,0
DA:148,0
DA:164,0
DA:176,0
DA:178,0
DA:179,0
LF:22
LH:0
BRDA:37,0,0,0
BRDA:37,0,1,0
BRDA:37,1,0,0
BRDA:37,1,1,0
BRDA:62,2,0,0
BRDA:62,2,1,0
BRDA:69,3,0,0
BRDA:69,3,1,0
BRDA:88,4,0,0
BRDA:88,4,1,0
BRDA:114,5,0,0
BRDA:114,5,1,0
BRDA:129,6,0,0
BRDA:129,6,1,0
BRDA:158,7,0,0
BRDA:158,7,1,0
BRDA:184,8,0,0
BRDA:184,8,1,0
BRDA:199,9,0,0
BRDA:199,9,1,0
BRF:20
BRH:0
end_of_record
TN:
SF:src\Paciente\components\Navbar\ProfileButton.jsx
FN:5,ProfileButtonPaciente
FN:10,(anonymous_1)
FN:16,(anonymous_2)
FN:17,(anonymous_3)
FN:24,(anonymous_4)
FN:33,(anonymous_5)
FN:33,(anonymous_6)
FN:44,(anonymous_7)
FNF:8
FNH:0
FNDA:0,ProfileButtonPaciente
FNDA:0,(anonymous_1)
FNDA:0,(anonymous_2)
FNDA:0,(anonymous_3)
FNDA:0,(anonymous_4)
FNDA:0,(anonymous_5)
FNDA:0,(anonymous_6)
FNDA:0,(anonymous_7)
DA:6,0
DA:7,0
DA:8,0
DA:10,0
DA:11,0
DA:12,0
DA:13,0
DA:16,0
DA:17,0
DA:18,0
DA:19,0
DA:23,0
DA:24,0
DA:25,0
DA:29,0
DA:33,0
DA:44,0
LF:17
LH:0
BRDA:18,0,0,0
BRDA:18,0,1,0
BRDA:18,1,0,0
BRDA:18,1,1,0
BRDA:40,2,0,0
BRDA:40,2,1,0
BRF:6
BRH:0
end_of_record
TN:
SF:src\Paciente\components\Navbar\SettingsButton.jsx
FN:5,SettingsButton
FNF:1
FNH:0
FNDA:0,SettingsButton
DA:6,0
LF:1
LH:0
BRF:0
BRH:0
end_of_record
TN:
SF:src\Paciente\components\Planilla\CitaDetails.jsx
FN:6,CitaDetails
FN:78,(anonymous_1)
FN:92,(anonymous_2)
FN:98,(anonymous_3)
FNF:4
FNH:0
FNDA:0,CitaDetails
FNDA:0,(anonymous_1)
FNDA:0,(anonymous_2)
FNDA:0,(anonymous_3)
DA:7,0
DA:8,0
DA:9,0
DA:11,0
DA:78,0
DA:92,0
DA:98,0
LF:7
LH:0
BRDA:6,0,0,0
BRDA:7,1,0,0
BRDA:7,1,1,0
BRDA:18,2,0,0
BRDA:18,2,1,0
BRDA:50,3,0,0
BRDA:50,3,1,0
BRDA:50,4,0,0
BRDA:50,4,1,0
BRDA:62,5,0,0
BRDA:62,5,1,0
BRDA:75,6,0,0
BRDA:75,6,1,0
BRDA:89,7,0,0
BRDA:89,7,1,0
BRF:15
BRH:0
end_of_record
TN:
SF:src\Paciente\components\Planilla\PlanillaTable.jsx
FN:4,PlanillaTable
FN:8,(anonymous_1)
FN:36,(anonymous_2)
FN:50,(anonymous_3)
FNF:4
FNH:0
FNDA:0,PlanillaTable
FNDA:0,(anonymous_1)
FNDA:0,(anonymous_2)
FNDA:0,(anonymous_3)
DA:5,0
DA:8,0
DA:9,0
DA:11,0
DA:13,0
DA:15,0
DA:17,0
DA:21,0
DA:37,0
DA:50,0
LF:10
LH:0
BRDA:4,0,0,0
BRDA:4,1,0,0
BRDA:4,2,0,0
BRDA:5,3,0,0
BRDA:5,3,1,0
BRDA:9,4,0,0
BRDA:9,4,1,0
BRDA:9,4,2,0
BRDA:9,4,3,0
BRDA:38,5,0,0
BRDA:38,5,1,0
BRDA:39,6,0,0
BRDA:39,6,1,0
BRDA:40,7,0,0
BRDA:40,7,1,0
BRDA:57,8,0,0
BRDA:57,8,1,0
BRF:17
BRH:0
end_of_record
TN:
SF:src\Paciente\components\UI\Breadcrumb.jsx
FN:3,Breadcrumb
FN:7,(anonymous_1)
FNF:2
FNH:0
FNDA:0,Breadcrumb
FNDA:0,(anonymous_1)
DA:4,0
DA:8,0
LF:2
LH:0
BRDA:9,0,0,0
BRDA:9,0,1,0
BRDA:10,1,0,0
BRDA:10,1,1,0
BRF:4
BRH:0
end_of_record
TN:
SF:src\Paciente\components\UI\CitaRapidaModal.jsx
FN:3,CitaRapidaModal
FN:15,(anonymous_1)
FN:33,(anonymous_2)
FNF:3
FNH:0
FNDA:0,CitaRapidaModal
FNDA:0,(anonymous_1)
FNDA:0,(anonymous_2)
DA:4,0
DA:6,0
DA:8,0
DA:15,0
DA:33,0
LF:5
LH:0
BRDA:6,0,0,0
BRDA:6,0,1,0
BRF:2
BRH:0
end_of_record
TN:
SF:src\Paciente\components\UI\ConfirmModalCita.jsx
FN:4,ConfirmModal
FN:19,(anonymous_1)
FNF:2
FNH:0
FNDA:0,ConfirmModal
FNDA:0,(anonymous_1)
DA:7,0
DA:20,0
DA:21,0
LF:3
LH:0
BRF:0
BRH:0
end_of_record
TN:
SF:src\Paciente\components\UI\ConfirmModalFamiliar.jsx
FN:4,ConfirmModal
FN:18,(anonymous_1)
FNF:2
FNH:0
FNDA:0,ConfirmModal
FNDA:0,(anonymous_1)
DA:6,0
DA:19,0
DA:20,0
LF:3
LH:0
BRF:0
BRH:0
end_of_record
TN:
SF:src\Paciente\components\UI\ModificarCitaModal.jsx
FN:4,ModificarCitaModal
FN:17,(anonymous_1)
FN:35,(anonymous_2)
FN:45,(anonymous_3)
FN:54,(anonymous_4)
FN:58,(anonymous_5)
FNF:6
FNH:0
FNDA:0,ModificarCitaModal
FNDA:0,(anonymous_1)
FNDA:0,(anonymous_2)
FNDA:0,(anonymous_3)
FNDA:0,(anonymous_4)
FNDA:0,(anonymous_5)
DA:5,0
DA:6,0
DA:7,0
DA:9,0
DA:17,0
DA:18,0
DA:19,0
DA:20,0
DA:23,0
DA:35,0
DA:45,0
DA:54,0
DA:59,0
LF:13
LH:0
BRDA:5,0,0,0
BRDA:5,0,1,0
BRDA:6,1,0,0
BRDA:6,1,1,0
BRDA:7,2,0,0
BRDA:7,2,1,0
BRF:6
BRH:0
end_of_record
TN:
SF:src\Paciente\components\UI\PrivacyToggle.jsx
FN:4,PrivacyToggle
FN:12,(anonymous_1)
FNF:2
FNH:0
FNDA:0,PrivacyToggle
FNDA:0,(anonymous_1)
DA:5,0
DA:7,0
DA:12,0
LF:3
LH:0
BRDA:4,0,0,0
BRF:1
BRH:0
end_of_record
TN:
SF:src\Paciente\components\UI\ReportErrorModal.jsx
FN:4,ReportErrorModal
FN:10,(anonymous_1)
FN:27,(anonymous_2)
FN:41,(anonymous_3)
FN:52,(anonymous_4)
FNF:5
FNH:0
FNDA:0,ReportErrorModal
FNDA:0,(anonymous_1)
FNDA:0,(anonymous_2)
FNDA:0,(anonymous_3)
FNDA:0,(anonymous_4)
DA:5,0
DA:6,0
DA:8,0
DA:10,0
DA:11,0
DA:12,0
DA:13,0
DA:15,0
DA:18,0
DA:27,0
DA:41,0
LF:11
LH:0
BRDA:8,0,0,0
BRDA:8,0,1,0
BRF:2
BRH:0
end_of_record
TN:
SF:src\Paciente\components\UI\ThemeToggle.jsx
FN:4,ThemeToggle
FN:5,(anonymous_1)
FN:9,(anonymous_2)
FN:22,(anonymous_3)
FNF:4
FNH:0
FNDA:0,ThemeToggle
FNDA:0,(anonymous_1)
FNDA:0,(anonymous_2)
FNDA:0,(anonymous_3)
DA:5,0
DA:6,0
DA:9,0
DA:10,0
DA:11,0
DA:12,0
DA:14,0
DA:15,0
DA:19,0
DA:22,0
LF:10
LH:0
BRDA:10,0,0,0
BRDA:10,0,1,0
BRF:2
BRH:0
end_of_record
TN:
SF:src\Paciente\components\UI\ToggleSwitch.jsx
FN:3,ToggleSwitch
FNF:1
FNH:0
FNDA:0,ToggleSwitch
DA:4,0
LF:1
LH:0
BRDA:8,0,0,0
BRDA:8,0,1,0
BRDA:13,1,0,0
BRDA:13,1,1,0
BRF:4
BRH:0
end_of_record
TN:
SF:src\Paciente\pages\CitasCont.jsx
FN:17,Citas
FN:27,(anonymous_1)
FN:45,(anonymous_2)
FN:63,(anonymous_3)
FN:67,(anonymous_4)
FN:73,(anonymous_5)
FN:96,(anonymous_6)
FN:172,(anonymous_7)
FN:174,(anonymous_8)
FNF:9
FNH:0
FNDA:0,Citas
FNDA:0,(anonymous_1)
FNDA:0,(anonymous_2)
FNDA:0,(anonymous_3)
FNDA:0,(anonymous_4)
FNDA:0,(anonymous_5)
FNDA:0,(anonymous_6)
FNDA:0,(anonymous_7)
FNDA:0,(anonymous_8)
DA:18,0
DA:23,0
DA:24,0
DA:27,0
DA:28,0
DA:31,0
DA:32,0
DA:33,0
DA:34,0
DA:42,0
DA:45,0
DA:46,0
DA:47,0
DA:48,0
DA:49,0
DA:50,0
DA:51,0
DA:63,0
DA:64,0
DA:65,0
DA:67,0
DA:68,0
DA:73,0
DA:74,0
DA:77,0
DA:78,0
DA:79,0
DA:80,0
DA:83,0
DA:84,0
DA:85,0
DA:87,0
DA:88,0
DA:90,0
DA:96,0
DA:97,0
DA:98,0
DA:99,0
DA:100,0
DA:101,0
DA:103,0
DA:104,0
DA:105,0
DA:107,0
DA:109,0
DA:110,0
DA:112,0
DA:113,0
DA:114,0
DA:115,0
DA:121,0
DA:122,0
DA:123,0
DA:124,0
DA:125,0
DA:134,0
DA:135,0
DA:136,0
DA:138,0
DA:139,0
DA:140,0
DA:141,0
DA:142,0
DA:145,0
DA:153,0
DA:154,0
DA:156,0
DA:160,0
DA:161,0
DA:163,0
DA:164,0
DA:165,0
DA:167,0
DA:168,0
DA:172,0
DA:173,0
DA:174,0
DA:175,0
DA:179,0
DA:180,0
DA:183,0
LF:81
LH:0
BRDA:28,0,0,0
BRDA:28,0,1,0
BRDA:46,1,0,0
BRDA:46,1,1,0
BRDA:49,2,0,0
BRDA:49,2,1,0
BRDA:50,3,0,0
BRDA:50,3,1,0
BRDA:51,4,0,0
BRDA:51,4,1,0
BRDA:74,5,0,0
BRDA:74,5,1,0
BRDA:77,6,0,0
BRDA:77,6,1,0
BRDA:77,7,0,0
BRDA:77,7,1,0
BRDA:85,8,0,0
BRDA:85,8,1,0
BRDA:87,9,0,0
BRDA:87,9,1,0
BRDA:87,10,0,0
BRDA:87,10,1,0
BRDA:88,11,0,0
BRDA:88,11,1,0
BRDA:88,12,0,0
BRDA:88,12,1,0
BRDA:112,13,0,0
BRDA:112,13,1,0
BRDA:121,14,0,0
BRDA:121,14,1,0
BRDA:138,15,0,0
BRDA:138,15,1,0
BRDA:138,16,0,0
BRDA:138,16,1,0
BRDA:165,17,0,0
BRDA:165,17,1,0
BRDA:179,18,0,0
BRDA:179,18,1,0
BRDA:207,19,0,0
BRDA:207,19,1,0
BRDA:213,20,0,0
BRDA:213,20,1,0
BRDA:213,20,2,0
BRDA:218,21,0,0
BRDA:218,21,1,0
BRDA:222,22,0,0
BRDA:222,22,1,0
BRDA:232,23,0,0
BRDA:232,23,1,0
BRDA:232,23,2,0
BRDA:232,23,3,0
BRDA:232,23,4,0
BRDA:232,23,5,0
BRDA:232,23,6,0
BRF:54
BRH:0
end_of_record
TN:
SF:src\Paciente\pages\ConfigCont.jsx
FN:7,ConfiguracionCont
FN:17,(anonymous_1)
FN:23,(anonymous_2)
FN:25,(anonymous_3)
FN:47,(anonymous_4)
FN:55,(anonymous_5)
FN:76,(anonymous_6)
FNF:7
FNH:0
FNDA:0,ConfiguracionCont
FNDA:0,(anonymous_1)
FNDA:0,(anonymous_2)
FNDA:0,(anonymous_3)
FNDA:0,(anonymous_4)
FNDA:0,(anonymous_5)
FNDA:0,(anonymous_6)
DA:8,0
DA:10,0
DA:15,0
DA:17,0
DA:18,0
DA:19,0
DA:20,0
DA:23,0
DA:24,0
DA:25,0
DA:26,0
DA:29,0
DA:48,0
DA:55,0
DA:76,0
LF:15
LH:0
BRDA:51,0,0,0
BRDA:51,0,1,0
BRDA:63,1,0,0
BRDA:63,1,1,0
BRDA:96,2,0,0
BRDA:96,2,1,0
BRDA:108,3,0,0
BRDA:108,3,1,0
BRDA:120,4,0,0
BRDA:120,4,1,0
BRF:10
BRH:0
end_of_record
TN:
SF:src\Paciente\pages\EditarPerfilCont.jsx
FN:7,EditarPerfilCont
FN:25,(anonymous_1)
FN:26,(anonymous_2)
FN:42,(anonymous_3)
FN:44,(anonymous_4)
FN:49,(anonymous_5)
FN:65,(anonymous_6)
FN:69,(anonymous_7)
FN:71,(anonymous_8)
FN:148,(anonymous_9)
FNF:10
FNH:0
FNDA:0,EditarPerfilCont
FNDA:0,(anonymous_1)
FNDA:0,(anonymous_2)
FNDA:0,(anonymous_3)
FNDA:0,(anonymous_4)
FNDA:0,(anonymous_5)
FNDA:0,(anonymous_6)
FNDA:0,(anonymous_7)
FNDA:0,(anonymous_8)
FNDA:0,(anonymous_9)
DA:8,0
DA:9,0
DA:11,0
DA:17,0
DA:25,0
DA:26,0
DA:27,0
DA:28,0
DA:29,0
DA:36,0
DA:39,0
DA:42,0
DA:43,0
DA:44,0
DA:45,0
DA:49,0
DA:50,0
DA:51,0
DA:57,0
DA:58,0
DA:60,0
DA:61,0
DA:65,0
DA:66,0
DA:69,0
DA:70,0
DA:71,0
DA:74,0
DA:149,0
LF:29
LH:0
BRDA:30,0,0,0
BRDA:30,0,1,0
BRDA:31,1,0,0
BRDA:31,1,1,0
BRDA:32,2,0,0
BRDA:32,2,1,0
BRDA:33,3,0,0
BRDA:33,3,1,0
BRF:8
BRH:0
end_of_record
TN:
SF:src\Paciente\pages\FamiliaresCont.jsx
FN:19,FamiliaresCont
FN:31,(anonymous_1)
FN:32,(anonymous_2)
FN:47,(anonymous_3)
FN:51,(anonymous_4)
FN:61,(anonymous_5)
FN:64,(anonymous_6)
FN:65,(anonymous_7)
FN:78,(anonymous_8)
FN:81,(anonymous_9)
FN:81,(anonymous_10)
FN:89,(anonymous_11)
FN:91,(anonymous_12)
FN:110,(anonymous_13)
FN:131,(anonymous_14)
FN:140,(anonymous_15)
FN:146,(anonymous_16)
FN:169,(anonymous_17)
FN:174,(anonymous_18)
FN:182,(anonymous_19)
FN:183,(anonymous_20)
FNF:21
FNH:0
FNDA:0,FamiliaresCont
FNDA:0,(anonymous_1)
FNDA:0,(anonymous_2)
FNDA:0,(anonymous_3)
FNDA:0,(anonymous_4)
FNDA:0,(anonymous_5)
FNDA:0,(anonymous_6)
FNDA:0,(anonymous_7)
FNDA:0,(anonymous_8)
FNDA:0,(anonymous_9)
FNDA:0,(anonymous_10)
FNDA:0,(anonymous_11)
FNDA:0,(anonymous_12)
FNDA:0,(anonymous_13)
FNDA:0,(anonymous_14)
FNDA:0,(anonymous_15)
FNDA:0,(anonymous_16)
FNDA:0,(anonymous_17)
FNDA:0,(anonymous_18)
FNDA:0,(anonymous_19)
FNDA:0,(anonymous_20)
DA:20,0
DA:25,0
DA:26,0
DA:27,0
DA:28,0
DA:31,0
DA:32,0
DA:33,0
DA:34,0
DA:35,0
DA:36,0
DA:37,0
DA:39,0
DA:43,0
DA:47,0
DA:48,0
DA:49,0
DA:50,0
DA:51,0
DA:52,0
DA:53,0
DA:55,0
DA:56,0
DA:61,0
DA:62,0
DA:63,0
DA:64,0
DA:65,0
DA:66,0
DA:69,0
DA:70,0
DA:72,0
DA:73,0
DA:78,0
DA:79,0
DA:80,0
DA:81,0
DA:82,0
DA:84,0
DA:85,0
DA:89,0
DA:90,0
DA:91,0
DA:92,0
DA:96,0
DA:110,0
DA:132,0
DA:140,0
DA:146,0
DA:169,0
DA:174,0
DA:182,0
DA:183,0
LF:53
LH:0
BRDA:35,0,0,0
BRDA:35,0,1,0
BRDA:66,1,0,0
BRDA:66,1,1,0
BRDA:132,2,0,0
BRDA:132,2,1,0
BRDA:154,3,0,0
BRDA:154,3,1,0
BRDA:168,4,0,0
BRDA:168,4,1,0
BRDA:171,5,0,0
BRDA:171,5,1,0
BRDA:178,6,0,0
BRDA:178,6,1,0
BRF:14
BRH:0
end_of_record
TN:
SF:src\Paciente\pages\FaqCont.jsx
FN:5,FaqCont
FN:13,(anonymous_1)
FN:15,(anonymous_2)
FN:73,(anonymous_3)
FN:80,(anonymous_4)
FNF:5
FNH:0
FNDA:0,FaqCont
FNDA:0,(anonymous_1)
FNDA:0,(anonymous_2)
FNDA:0,(anonymous_3)
FNDA:0,(anonymous_4)
DA:6,0
DA:11,0
DA:13,0
DA:14,0
DA:15,0
DA:16,0
DA:20,0
DA:73,0
DA:80,0
LF:9
LH:0
BRF:0
BRH:0
end_of_record
TN:
SF:src\Paciente\pages\IndMedicasCont.jsx
FN:13,IndMedicasCont
FN:22,(anonymous_1)
FN:24,(anonymous_2)
FN:56,(anonymous_3)
FN:97,(anonymous_4)
FNF:5
FNH:0
FNDA:0,IndMedicasCont
FNDA:0,(anonymous_1)
FNDA:0,(anonymous_2)
FNDA:0,(anonymous_3)
FNDA:0,(anonymous_4)
DA:4,2
DA:9,2
DA:14,0
DA:19,0
DA:20,0
DA:22,0
DA:23,0
DA:24,0
DA:25,0
DA:29,0
DA:57,0
DA:98,0
LF:12
LH:2
BRDA:66,0,0,0
BRDA:66,0,1,0
BRDA:106,1,0,0
BRDA:106,1,1,0
BRF:4
BRH:0
end_of_record
TN:
SF:src\Paciente\pages\InicioCont.jsx
FN:6,InicioCont
FN:16,(anonymous_1)
FN:17,(anonymous_2)
FN:36,(anonymous_3)
FN:42,(anonymous_4)
FN:44,(anonymous_5)
FN:69,(anonymous_6)
FN:104,(anonymous_7)
FN:110,(anonymous_8)
FN:118,(anonymous_9)
FN:130,(anonymous_10)
FNF:11
FNH:0
FNDA:0,InicioCont
FNDA:0,(anonymous_1)
FNDA:0,(anonymous_2)
FNDA:0,(anonymous_3)
FNDA:0,(anonymous_4)
FNDA:0,(anonymous_5)
FNDA:0,(anonymous_6)
FNDA:0,(anonymous_7)
FNDA:0,(anonymous_8)
FNDA:0,(anonymous_9)
FNDA:0,(anonymous_10)
DA:7,0
DA:10,0
DA:11,0
DA:12,0
DA:13,0
DA:16,0
DA:17,0
DA:18,0
DA:19,0
DA:20,0
DA:22,0
DA:24,0
DA:27,0
DA:31,0
DA:32,0
DA:33,0
DA:34,0
DA:36,0
DA:37,0
DA:38,0
DA:42,0
DA:43,0
DA:44,0
DA:45,0
DA:49,0
DA:50,0
DA:53,0
DA:70,0
DA:104,0
DA:111,0
DA:118,0
DA:130,0
LF:32
LH:0
BRDA:37,0,0,0
BRDA:37,0,1,0
BRDA:37,1,0,0
BRDA:37,1,1,0
BRDA:49,2,0,0
BRDA:49,2,1,0
BRDA:61,3,0,0
BRDA:61,3,1,0
BRDA:96,4,0,0
BRDA:96,4,1,0
BRDA:100,5,0,0
BRDA:100,5,1,0
BRDA:114,6,0,0
BRDA:114,6,1,0
BRDA:126,7,0,0
BRDA:126,7,1,0
BRF:16
BRH:0
end_of_record
TN:
SF:src\Paciente\pages\PerfilCont.jsx
FN:7,PerfilCont
FN:12,(anonymous_1)
FN:13,(anonymous_2)
FN:38,(anonymous_3)
FN:40,(anonymous_4)
FN:78,(anonymous_5)
FNF:6
FNH:0
FNDA:0,PerfilCont
FNDA:0,(anonymous_1)
FNDA:0,(anonymous_2)
FNDA:0,(anonymous_3)
FNDA:0,(anonymous_4)
FNDA:0,(anonymous_5)
DA:8,0
DA:9,0
DA:10,0
DA:12,0
DA:13,0
DA:14,0
DA:15,0
DA:16,0
DA:17,0
DA:18,0
DA:21,0
DA:22,0
DA:24,0
DA:26,0
DA:30,0
DA:33,0
DA:38,0
DA:39,0
DA:40,0
DA:41,0
DA:45,0
DA:46,0
DA:48,0
DA:78,0
LF:24
LH:0
BRDA:16,0,0,0
BRDA:16,0,1,0
BRDA:45,1,0,0
BRDA:45,1,1,0
BRDA:46,2,0,0
BRDA:46,2,1,0
BRDA:64,3,0,0
BRDA:64,3,1,0
BRDA:72,4,0,0
BRDA:72,4,1,0
BRDA:91,5,0,0
BRDA:91,5,1,0
BRDA:95,6,0,0
BRDA:95,6,1,0
BRDA:99,7,0,0
BRDA:99,7,1,0
BRDA:103,8,0,0
BRDA:103,8,1,0
BRF:18
BRH:0
end_of_record
TN:
SF:src\Paciente\pages\PlanillaCont.jsx
FN:10,PlanillaCont
FN:24,(anonymous_1)
FN:25,(anonymous_2)
FN:30,(anonymous_3)
FN:31,(anonymous_4)
FN:40,(anonymous_5)
FN:42,(anonymous_6)
FN:56,(anonymous_7)
FN:69,(anonymous_8)
FN:92,(anonymous_9)
FN:103,(anonymous_10)
FN:104,(anonymous_11)
FN:108,(anonymous_12)
FN:127,(anonymous_13)
FN:128,(anonymous_14)
FN:135,(anonymous_15)
FN:136,(anonymous_16)
FN:138,(anonymous_17)
FN:153,(anonymous_18)
FN:154,(anonymous_19)
FN:155,(anonymous_20)
FN:156,(anonymous_21)
FNF:22
FNH:0
FNDA:0,PlanillaCont
FNDA:0,(anonymous_1)
FNDA:0,(anonymous_2)
FNDA:0,(anonymous_3)
FNDA:0,(anonymous_4)
FNDA:0,(anonymous_5)
FNDA:0,(anonymous_6)
FNDA:0,(anonymous_7)
FNDA:0,(anonymous_8)
FNDA:0,(anonymous_9)
FNDA:0,(anonymous_10)
FNDA:0,(anonymous_11)
FNDA:0,(anonymous_12)
FNDA:0,(anonymous_13)
FNDA:0,(anonymous_14)
FNDA:0,(anonymous_15)
FNDA:0,(anonymous_16)
FNDA:0,(anonymous_17)
FNDA:0,(anonymous_18)
FNDA:0,(anonymous_19)
FNDA:0,(anonymous_20)
FNDA:0,(anonymous_21)
DA:11,0
DA:17,0
DA:18,0
DA:19,0
DA:20,0
DA:21,0
DA:24,0
DA:25,0
DA:26,0
DA:27,0
DA:28,0
DA:30,0
DA:31,0
DA:33,0
DA:37,0
DA:40,0
DA:41,0
DA:42,0
DA:43,0
DA:47,0
DA:57,0
DA:58,0
DA:70,0
DA:71,0
DA:92,0
DA:103,0
DA:105,0
DA:109,0
DA:127,0
DA:129,0
DA:130,0
DA:131,0
DA:135,0
DA:136,0
DA:138,0
DA:139,0
DA:141,0
DA:143,0
DA:153,0
DA:155,0
DA:156,0
DA:157,0
DA:160,0
DA:161,0
LF:44
LH:0
BRDA:61,0,0,0
BRDA:61,0,1,0
BRDA:74,1,0,0
BRDA:74,1,1,0
BRDA:99,2,0,0
BRDA:99,2,1,0
BRDA:105,3,0,0
BRDA:105,3,1,0
BRDA:109,4,0,0
BRDA:109,4,1,0
BRDA:123,5,0,0
BRDA:123,5,1,0
BRDA:123,5,2,0
BRDA:150,6,0,0
BRDA:150,6,1,0
BRDA:150,6,2,0
BRDA:157,7,0,0
BRDA:157,7,1,0
BRF:18
BRH:0
end_of_record
TN:
SF:src\RecuperarContraseña\RecuperarContraseña.jsx
FN:7,RecuperarContrasena
FN:12,(anonymous_1)
FN:82,(anonymous_2)
FNF:3
FNH:0
FNDA:0,RecuperarContrasena
FNDA:0,(anonymous_1)
FNDA:0,(anonymous_2)
DA:8,0
DA:9,0
DA:10,0
DA:12,0
DA:13,0
DA:14,0
DA:15,0
DA:16,0
DA:17,0
DA:18,0
DA:20,0
DA:21,0
DA:25,0
DA:82,0
LF:14
LH:0
BRDA:68,0,0,0
BRDA:68,0,1,0
BRDA:89,1,0,0
BRDA:89,1,1,0
BRF:4
BRH:0
end_of_record
TN:
SF:src\Registro\ModalConfirmacion.jsx
FN:3,ModalConfirmacion
FNF:1
FNH:0
FNDA:0,ModalConfirmacion
DA:4,0
DA:6,0
LF:2
LH:0
BRDA:4,0,0,0
BRDA:4,0,1,0
BRF:2
BRH:0
end_of_record
TN:
SF:src\Registro\Registro.jsx
FN:20,Register
FN:37,(anonymous_1)
FN:44,(anonymous_2)
FN:63,(anonymous_3)
FN:307,(anonymous_4)
FN:308,(anonymous_5)
FNF:6
FNH:0
FNDA:0,Register
FNDA:0,(anonymous_1)
FNDA:0,(anonymous_2)
FNDA:0,(anonymous_3)
FNDA:0,(anonymous_4)
FNDA:0,(anonymous_5)
DA:21,0
DA:22,0
DA:35,0
DA:36,0
DA:37,0
DA:38,0
DA:44,0
DA:45,0
DA:46,0
DA:48,0
DA:49,0
DA:50,0
DA:52,0
DA:53,0
DA:55,0
DA:57,0
DA:58,0
DA:60,0
DA:62,0
DA:63,0
DA:65,0
DA:66,0
DA:68,0
DA:70,0
DA:73,0
DA:76,0
DA:80,0
DA:307,0
DA:308,0
LF:29
LH:0
BRDA:57,0,0,0
BRDA:57,0,1,0
BRDA:60,1,0,0
BRDA:60,1,1,0
BRDA:66,2,0,0
BRDA:66,2,1,0
BRDA:288,3,0,0
BRDA:288,3,1,0
BRF:8
BRH:0
end_of_record
TN:
SF:src\RestablecerContraseña\RestablecerContraseña.jsx
FN:8,RestablecerContrasena
FN:17,(anonymous_1)
FN:28,(anonymous_2)
FN:100,(anonymous_3)
FN:117,(anonymous_4)
FNF:5
FNH:0
FNDA:0,RestablecerContrasena
FNDA:0,(anonymous_1)
FNDA:0,(anonymous_2)
FNDA:0,(anonymous_3)
FNDA:0,(anonymous_4)
DA:9,0
DA:10,0
DA:12,0
DA:13,0
DA:14,0
DA:15,0
DA:17,0
DA:18,0
DA:19,0
DA:20,0
DA:21,0
DA:22,0
DA:24,0
DA:25,0
DA:26,0
DA:27,0
DA:28,0
DA:30,0
DA:31,0
DA:35,0
DA:100,0
DA:117,0
LF:22
LH:0
BRDA:20,0,0,0
BRDA:20,0,1,0
BRDA:78,1,0,0
BRDA:78,1,1,0
BRDA:84,2,0,0
BRDA:84,2,1,0
BRF:6
BRH:0
end_of_record
TN:
SF:src\services\api.js
FNF:0
FNH:0
DA:3,2
LF:1
LH:1
BRF:0
BRH:0
end_of_record
TN:
SF:src\services\authService.js
FN:4,(anonymous_0)
FN:10,(anonymous_1)
FN:16,(anonymous_2)
FN:22,(anonymous_3)
FN:30,(anonymous_4)
FNF:5
FNH:0
FNDA:0,(anonymous_0)
FNDA:0,(anonymous_1)
FNDA:0,(anonymous_2)
FNDA:0,(anonymous_3)
FNDA:0,(anonymous_4)
DA:4,1
DA:5,0
DA:6,0
DA:10,1
DA:11,0
DA:12,0
DA:16,1
DA:17,0
DA:18,0
DA:22,1
DA:23,0
DA:26,0
DA:30,1
DA:31,0
DA:32,0
LF:15
LH:5
BRF:0
BRH:0
end_of_record
TN:
SF:src\services\citasService.js
FN:5,(anonymous_0)
FN:14,(anonymous_1)
FN:23,(anonymous_2)
FN:32,(anonymous_3)
FN:41,(anonymous_4)
FN:50,(anonymous_5)
FN:60,(anonymous_6)
FNF:7
FNH:0
FNDA:0,(anonymous_0)
FNDA:0,(anonymous_1)
FNDA:0,(anonymous_2)
FNDA:0,(anonymous_3)
FNDA:0,(anonymous_4)
FNDA:0,(anonymous_5)
FNDA:0,(anonymous_6)
DA:5,2
DA:6,0
DA:7,0
DA:10,0
DA:14,2
DA:15,0
DA:16,0
DA:19,0
DA:23,2
DA:24,0
DA:25,0
DA:28,0
DA:32,2
DA:33,0
DA:34,0
DA:37,0
DA:41,2
DA:42,0
DA:43,0
DA:46,0
DA:50,2
DA:51,0
DA:52,0
DA:56,0
DA:60,2
DA:61,0
DA:62,0
DA:66,0
LF:28
LH:7
BRF:0
BRH:0
end_of_record
TN:
SF:src\services\familiaresService.js
FN:4,(anonymous_0)
FN:13,(anonymous_1)
FN:23,(anonymous_2)
FN:31,(anonymous_3)
FNF:4
FNH:0
FNDA:0,(anonymous_0)
FNDA:0,(anonymous_1)
FNDA:0,(anonymous_2)
FNDA:0,(anonymous_3)
DA:4,2
DA:5,0
DA:6,0
DA:9,0
DA:13,2
DA:14,0
DA:15,0
DA:19,0
DA:23,2
DA:24,0
DA:25,0
DA:28,0
DA:31,2
DA:32,0
DA:33,0
DA:38,0
LF:16
LH:4
BRF:0
BRH:0
end_of_record
TN:
SF:src\services\historialService.js
FN:4,(anonymous_0)
FN:13,(anonymous_1)
FNF:2
FNH:0
FNDA:0,(anonymous_0)
FNDA:0,(anonymous_1)
DA:4,2
DA:5,0
DA:6,0
DA:9,0
DA:13,2
DA:14,0
DA:15,0
DA:22,0
LF:8
LH:2
BRF:0
BRH:0
end_of_record
TN:
SF:src\services\novedades.js
FN:4,(anonymous_0)
FN:13,(anonymous_1)
FN:22,(anonymous_2)
FN:40,(anonymous_3)
FN:49,(anonymous_4)
FNF:5
FNH:0
FNDA:0,(anonymous_0)
FNDA:0,(anonymous_1)
FNDA:0,(anonymous_2)
FNDA:0,(anonymous_3)
FNDA:0,(anonymous_4)
DA:4,2
DA:5,0
DA:6,0
DA:9,0
DA:13,2
DA:14,0
DA:15,0
DA:18,0
DA:22,2
DA:23,0
DA:24,0
DA:26,0
DA:33,0
DA:35,0
DA:36,0
DA:40,2
DA:41,0
DA:42,0
DA:45,0
DA:49,2
DA:50,0
DA:51,0
DA:57,0
LF:23
LH:5
BRDA:35,0,0,0
BRDA:35,0,1,0
BRF:2
BRH:0
end_of_record
TN:
SF:src\services\perfilService.js
FN:4,(anonymous_0)
FN:13,(anonymous_1)
FNF:2
FNH:0
FNDA:0,(anonymous_0)
FNDA:0,(anonymous_1)
DA:4,2
DA:5,0
DA:6,0
DA:9,0
DA:13,2
DA:14,0
DA:15,0
DA:18,0
LF:8
LH:2
BRF:0
BRH:0
end_of_record
TN:
SF:src\services\usuarios.js
FN:5,(anonymous_0)
FN:19,(anonymous_1)
FN:33,(anonymous_2)
FN:47,(anonymous_3)
FNF:4
FNH:0
FNDA:0,(anonymous_0)
FNDA:0,(anonymous_1)
FNDA:0,(anonymous_2)
FNDA:0,(anonymous_3)
DA:5,1
DA:6,0
DA:7,0
DA:8,0
DA:11,0
DA:13,0
DA:14,0
DA:19,1
DA:20,0
DA:21,0
DA:22,0
DA:25,0
DA:27,0
DA:28,0
DA:33,1
DA:34,0
DA:35,0
DA:36,0
DA:39,0
DA:41,0
DA:42,0
DA:47,1
DA:48,0
DA:49,0
DA:50,0
DA:55,0
DA:57,0
DA:58,0
LF:28
LH:4
BRF:0
BRH:0
end_of_record
